Log file open, 09/02/17 14:20:13
LogInit:Display: Running engine for game: petitcon
LogPlatformFile: Not using cached read wrapper
LogInit:Display: RandInit(-528116057) SRandInit(-528116057).
LogTaskGraph: Started task graph with 5 named threads and 8 total threads with 1 sets of task threads.
LogStats: Stats thread started at 0.074619
LogInit: Using libcurl 7.47.1
LogInit:  - built for x86_64-pc-win32
LogInit:  - supports SSL with OpenSSL/1.0.2g
LogInit:  - supports HTTP deflate (compression) using libz 1.2.8
LogInit:  - other features:
LogInit:      CURL_VERSION_SSL
LogInit:      CURL_VERSION_LIBZ
LogInit:      CURL_VERSION_IPV6
LogInit:      CURL_VERSION_ASYNCHDNS
LogInit:      CURL_VERSION_LARGEFILE
LogInit:      CURL_VERSION_IDN
LogInit:  CurlRequestOptions (configurable via config and command line):
LogInit:  - bVerifyPeer = false  - Libcurl will NOT verify peer certificate
LogInit:  - bUseHttpProxy = false  - Libcurl will NOT use HTTP proxy
LogInit:  - bDontReuseConnections = false  - Libcurl will reuse connections
LogInit:  - CertBundlePath = nullptr  - Libcurl will use whatever was configured at build time.
LogInit: Build: ++UE4+Release-4.16-CL-3466753
LogInit: Engine Version: 4.16.1-3466753+++UE4+Release-4.16
LogInit: Compatible Engine Version: 4.16.0-3452394+++UE4+Release-4.16
LogInit: Net CL: 3452394
LogDevObjectVersion: Number of dev versions registered: 16
LogDevObjectVersion:   Dev-Blueprints (B0D832E4-1F89-4F0D-ACCF-7EB736FD4AA2): 9
LogDevObjectVersion:   Dev-Build (E1C64328-A22C-4D53-A36C-8E866417BD8C): 0
LogDevObjectVersion:   Dev-Core (375EC13C-06E4-48FB-B500-84F0262A717E): 2
LogDevObjectVersion:   Dev-Editor (E4B068ED-F494-42E9-A231-DA0B2E46BB41): 17
LogDevObjectVersion:   Dev-Framework (CFFC743F-43B0-4480-9391-14DF171D2073): 23
LogDevObjectVersion:   Dev-Mobile (B02B49B5-BB20-44E9-A304-32B752E40360): 0
LogDevObjectVersion:   Dev-Networking (A4E4105C-59A1-49B5-A7C5-40C4547EDFEE): 0
LogDevObjectVersion:   Dev-Online (39C831C9-5AE6-47DC-9A44-9C173E1C8E7C): 0
LogDevObjectVersion:   Dev-Physics (78F01B33-EBEA-4F98-B9B4-84EACCB95AA2): 0
LogDevObjectVersion:   Dev-Platform (6631380F-2D4D-43E0-8009-CF276956A95A): 0
LogDevObjectVersion:   Dev-Rendering (12F88B9F-8875-4AFC-A67C-D90C383ABD29): 15
LogDevObjectVersion:   Dev-Sequencer (7B5AE74C-D270-4C10-A958-57980B212A5A): 4
LogDevObjectVersion:   Dev-VR (D7296918-1DD6-4BDD-9DE2-64A83CC13884): 0
LogDevObjectVersion:   Dev-LoadTimes (C2A15278-BFE7-4AFE-6C17-90FF531DF755): 1
LogDevObjectVersion:   Private-Geometry (6EACA3D4-40EC-4CC1-B786-8BED09428FC5): 1
LogDevObjectVersion:   Dev-AnimPhys (29E575DD-E0A3-4627-9D10-D276232CDCEA): 3
LogInit: Compiled (64-bit): May 31 2017 02:03:30
LogInit: Compiled with Visual C++: 19.00.24215.01
LogInit: Build Configuration: Development
LogInit: Branch Name: ++UE4+Release-4.16
LogInit: Command line:  
LogInit: Base directory: C:/Program Files/Epic Games/UE_4.16/Engine/Binaries/Win64/
LogInit: Installed Engine Build: 1
LogInit: Presizing for max 8388607 objects, including 0 objects not considered by GC, pre-allocating 0 bytes for permanent pool.
LogInit: Object subsystem initialized
[2017.09.02-05.20.14:006][  0]LogInit: Selected Device Profile: [Windows]
[2017.09.02-05.20.14:006][  0]LogInit: Applying CVar settings loaded from the selected device profile: [Windows]
[2017.09.02-05.20.14:012][  0]LogInit: Computer: DESKTOP-DL1UF1K
[2017.09.02-05.20.14:012][  0]LogInit: User: kengomaruyama
[2017.09.02-05.20.14:012][  0]LogInit: CPU Page size=4096, Cores=4
[2017.09.02-05.20.14:012][  0]LogInit: High frequency timer resolution =4.101564 MHz
[2017.09.02-05.20.14:013][  0]LogMemory: Memory total: Physical=15.9GB (16GB approx)
[2017.09.02-05.20.14:013][  0]LogMemory: Platform Memory Stats for Windows
[2017.09.02-05.20.14:013][  0]LogMemory: Process Physical Memory: 273.26 MB used, 273.26 MB peak
[2017.09.02-05.20.14:013][  0]LogMemory: Process Virtual Memory: 260.70 MB used, 260.70 MB peak
[2017.09.02-05.20.14:013][  0]LogMemory: Physical Memory: 7052.46 MB used,  9274.76 MB free, 16327.22 MB total
[2017.09.02-05.20.14:013][  0]LogMemory: Virtual Memory: 637.83 MB used,  9274.76 MB free, 134217728.00 MB total
[2017.09.02-05.20.14:068][  0]LogInit: Using OS detected language (ja-JP).
[2017.09.02-05.20.14:068][  0]LogInit: Using OS detected locale (ja-JP).
[2017.09.02-05.20.14:070][  0]LogTextLocalizationManager: No specific localization for 'ja-JP' exists, so the 'ja' localization will be used.
[2017.09.02-05.20.14:817][  0]LogD3D11RHI: D3D11 adapters:
[2017.09.02-05.20.15:241][  0]LogD3D11RHI:    0. 'NVIDIA GeForce GTX 1060 6GB' (Feature Level 11_0)
[2017.09.02-05.20.15:241][  0]LogD3D11RHI:       6084/0/8163 MB DedicatedVideo/DedicatedSystem/SharedSystem, Outputs:2, VendorId:0x10de
[2017.09.02-05.20.15:243][  0]LogD3D11RHI:    1. 'Microsoft Basic Render Driver' (Feature Level 11_0)
[2017.09.02-05.20.15:243][  0]LogD3D11RHI:       0/0/8163 MB DedicatedVideo/DedicatedSystem/SharedSystem, Outputs:0, VendorId:0x1414
[2017.09.02-05.20.15:243][  0]LogD3D11RHI: Chosen D3D11 Adapter: 0
[2017.09.02-05.20.15:287][  0]LogD3D11RHI: Creating new Direct3DDevice
[2017.09.02-05.20.15:287][  0]LogD3D11RHI:     GPU DeviceId: 0x1c03 (for the marketing name, search the web for "GPU Device Id")
[2017.09.02-05.20.15:287][  0]LogWindows: EnumDisplayDevices:
[2017.09.02-05.20.15:287][  0]LogWindows:    0. 'NVIDIA GeForce GTX 1060 6GB' (P:0 D:1)
[2017.09.02-05.20.15:287][  0]LogWindows:    1. 'NVIDIA GeForce GTX 1060 6GB' (P:1 D:1)
[2017.09.02-05.20.15:287][  0]LogWindows:    2. 'NVIDIA GeForce GTX 1060 6GB' (P:0 D:0)
[2017.09.02-05.20.15:287][  0]LogWindows:    3. 'NVIDIA GeForce GTX 1060 6GB' (P:0 D:0)
[2017.09.02-05.20.15:287][  0]LogWindows: DebugString: FoundDriverCount:4 
[2017.09.02-05.20.15:287][  0]LogD3D11RHI:     Adapter Name: NVIDIA GeForce GTX 1060 6GB
[2017.09.02-05.20.15:287][  0]LogD3D11RHI:   Driver Version: 382.33 (internal:22.21.13.8233, unified:382.33)
[2017.09.02-05.20.15:287][  0]LogD3D11RHI:      Driver Date: 5-17-2017
[2017.09.02-05.20.15:287][  0]LogRHI: Texture pool is 1361 MB (70% of 1945 MB)
[2017.09.02-05.20.15:688][  0]LogD3D11RHI: Async texture creation enabled
[2017.09.02-05.20.15:719][  0]LogD3D11RHI: GPU Timing Frequency: 1000.000000 (Debug: 2 2)
[2017.09.02-05.20.15:767][  0]LogShaderCompilers: Guid format shader working directory is 6 characters bigger than the processId version (../../../../../../Users/kengo maruyama/petitcon/Intermediate/Shaders/WorkingDirectory/363176/).
[2017.09.02-05.20.15:767][  0]LogShaderCompilers: Cleaned the shader compiler working directory 'C:/Users/kengo maruyama/AppData/Local/Temp/UnrealShaderWorkingDir/127835284199EC674279DD876ECE56D0/'.
[2017.09.02-05.20.15:767][  0]LogShaderCompilers:Display: Using Local Shader Compiler.
[2017.09.02-05.20.16:617][  0]LogTemp:Display: Loaded TP AllDesktopTargetPlatform
[2017.09.02-05.20.16:653][  0]LogTemp:Display: Loaded TP MacClientTargetPlatform
[2017.09.02-05.20.16:689][  0]LogTemp:Display: Loaded TP MacNoEditorTargetPlatform
[2017.09.02-05.20.16:727][  0]LogTemp:Display: Loaded TP MacServerTargetPlatform
[2017.09.02-05.20.16:763][  0]LogTemp:Display: Loaded TP MacTargetPlatform
[2017.09.02-05.20.16:800][  0]LogTemp:Display: Loaded TP WindowsClientTargetPlatform
[2017.09.02-05.20.16:836][  0]LogTemp:Display: Loaded TP WindowsNoEditorTargetPlatform
[2017.09.02-05.20.16:873][  0]LogTemp:Display: Loaded TP WindowsServerTargetPlatform
[2017.09.02-05.20.16:905][  0]LogTemp:Display: Loaded TP WindowsTargetPlatform
[2017.09.02-05.20.16:943][  0]LogTemp:Display: Loaded TP AndroidTargetPlatform
[2017.09.02-05.20.16:978][  0]LogTemp:Display: Loaded TP Android_ASTCTargetPlatform
[2017.09.02-05.20.17:014][  0]LogTemp:Display: Loaded TP Android_ATCTargetPlatform
[2017.09.02-05.20.17:051][  0]LogTemp:Display: Loaded TP Android_DXTTargetPlatform
[2017.09.02-05.20.17:086][  0]LogTemp:Display: Loaded TP Android_ETC1TargetPlatform
[2017.09.02-05.20.17:122][  0]LogTemp:Display: Loaded TP Android_ETC2TargetPlatform
[2017.09.02-05.20.17:234][  0]LogTemp:Display: Loaded TP Android_MultiTargetPlatform
[2017.09.02-05.20.17:234][  0]LogTemp:Display: Loaded TP Android_PVRTCTargetPlatform
[2017.09.02-05.20.17:271][  0]LogTemp:Display: Loaded TP HTML5TargetPlatform
[2017.09.02-05.20.17:347][  0]LogTemp:Display: Loaded TP IOSTargetPlatform
[2017.09.02-05.20.17:369][  0]LogTemp:Display: Loaded TP TVOSTargetPlatform
[2017.09.02-05.20.17:403][  0]LogTemp:Display: Loaded TP LinuxClientTargetPlatform
[2017.09.02-05.20.17:438][  0]LogTemp:Display: Loaded TP LinuxNoEditorTargetPlatform
[2017.09.02-05.20.17:474][  0]LogTemp:Display: Loaded TP LinuxServerTargetPlatform
[2017.09.02-05.20.17:512][  0]LogTemp:Display: Loaded TP LinuxTargetPlatform
[2017.09.02-05.20.17:512][  0]LogTargetPlatformManager:Display: Building Assets For Windows
[2017.09.02-05.20.17:892][  0]LogDerivedDataCache:Display: Max Cache Size: 512 MB
[2017.09.02-05.20.17:964][  0]LogDerivedDataCache: Loaded boot cache 0.07s 90MB C:/Users/kengo maruyama/AppData/Local/UnrealEngine/4.16/DerivedDataCache/Boot.ddc.
[2017.09.02-05.20.17:964][  0]LogDerivedDataCache:Display: Loaded Boot cache: C:/Users/kengo maruyama/AppData/Local/UnrealEngine/4.16/DerivedDataCache/Boot.ddc
[2017.09.02-05.20.17:964][  0]LogDerivedDataCache: FDerivedDataBackendGraph:  Pak pak cache file ../../../../../../Users/kengo maruyama/petitcon/DerivedDataCache/DDC.ddp not found, will not use a pak cache.
[2017.09.02-05.20.17:964][  0]LogDerivedDataCache: Unable to find inner node Pak for hierarchical cache Hierarchy.
[2017.09.02-05.20.17:964][  0]LogDerivedDataCache: FDerivedDataBackendGraph:  CompressedPak pak cache file ../../../../../../Users/kengo maruyama/petitcon/DerivedDataCache/Compressed.ddp not found, will not use a pak cache.
[2017.09.02-05.20.17:964][  0]LogDerivedDataCache: Unable to find inner node CompressedPak for hierarchical cache Hierarchy.
[2017.09.02-05.20.17:976][  0]LogDerivedDataCache:Display: Pak cache opened for reading ../../../Engine/DerivedDataCache/Compressed.ddp.
[2017.09.02-05.20.17:988][  0]LogDerivedDataCache: Using Local data cache path C:/Users/kengo maruyama/AppData/Local/UnrealEngine/Common/DerivedDataCache: Writable
[2017.09.02-05.20.17:997][  0]LogMaterial: Verifying Global Shaders for PCD3D_SM5
[2017.09.02-05.20.17:997][  0]LogSlate: Using Freetype 2.6.0
[2017.09.02-05.20.17:998][  0]LogSlate: SlateFontCache - WITH_FREETYPE: 1, WITH_HARFBUZZ: 1
[2017.09.02-05.20.17:998][  0]LogSlate: SlateFontCache - WITH_FREETYPE: 1, WITH_HARFBUZZ: 1
[2017.09.02-05.20.18:230][  0]LogInit: Selected Device Profile: [Windows]
[2017.09.02-05.20.18:280][  0]LogContentStreaming: Texture pool size is 0.00 MB
[2017.09.02-05.20.18:389][  0]LogMeshUtilities: Using QuadricMeshReduction for automatic static mesh reduction
[2017.09.02-05.20.18:421][  0]LogSimplygon: Simplygon DLL not present - disabling.
[2017.09.02-05.20.18:454][  0]LogMeshUtilities: Using SimplygonSwarm for distributed automatic mesh merging
[2017.09.02-05.20.18:454][  0]LogMeshUtilities: No automatic skeletal mesh reduction module available
[2017.09.02-05.20.18:454][  0]LogMeshUtilities: No automatic mesh merging module available
[2017.09.02-05.20.18:858][  0]LogNetVersion: petitcon , NetCL: 3452394, EngineNetVer: 2, GameNetVer: 0 (Checksum: 2069337989)
[2017.09.02-05.20.18:910][  0]LogAssetRegistry: FAssetRegistry took 0.0249 seconds to start up
[2017.09.02-05.20.18:954][  0]LogPackageLocalizationCache: Processed 5 localized package path(s) for 2 prioritized culture(s) in 0.026576 seconds
[2017.09.02-05.20.18:957][  0]LogUObjectArray: 34194 objects as part of root set at end of initial load.
[2017.09.02-05.20.18:957][  0]LogUObjectAllocator: 7260416 out of 0 bytes used by permanent object pool.
[2017.09.02-05.20.18:957][  0]LogUObjectArray: CloseDisregardForGC: 0/0 objects in disregard for GC pool
[2017.09.02-05.20.19:005][  0]LogInit: WinSock: version 1.1 (2.2), MaxSocks=32767, MaxUdp=65467
[2017.09.02-05.20.21:250][  0]LogTcpMessaging: Initializing TcpMessaging bridge
[2017.09.02-05.20.21:302][  0]LogUdpMessaging: Initializing bridge on interface 0.0.0.0:0 to multicast group 230.0.0.1:6666.
[2017.09.02-05.20.21:708][  0]LogMaterial: Uniform references updated for custom material expression Custom.
[2017.09.02-05.20.21:993][  0]SourceControl: 情報 ソースコントロールは無効です
[2017.09.02-05.20.22:036][  0]SourceControl: 情報 ソースコントロールは無効です
[2017.09.02-05.20.22:069][  0]SourceControl: 情報 ソースコントロールは無効です
[2017.09.02-05.20.22:102][  0]SourceControl: 情報 ソースコントロールは無効です
[2017.09.02-05.20.22:666][  0]LogAndroidPermission: UAndroidPermissionCallbackProxy::GetInstance
[2017.09.02-05.20.23:116][  0]LogEngine: Initializing Engine...
[2017.09.02-05.20.23:117][  0]LogHMD: Failed to initialize OpenVR with code 110
[2017.09.02-05.20.23:286][  0]LogStats: UGameplayTagsManager::ConstructGameplayTagTree: Construct from data asset -  0.000 s
[2017.09.02-05.20.23:286][  0]LogStats: UGameplayTagsManager::ConstructGameplayTagTree: GameplayTagTreeChangedEvent.Broadcast -  0.000 s
[2017.09.02-05.20.23:383][  0]LogAIModule: Creating AISystem for world Untitled
[2017.09.02-05.20.23:390][  0]LogInit: XAudio2 using 'スピーカー (Realtek High Definition Audio)' : 2 channels at 48 kHz using 32 bits per sample (channel mask 0x3)
[2017.09.02-05.20.23:400][  0]LogInit: FAudioDevice initialized.
[2017.09.02-05.20.23:433][  0]LogDerivedDataCache: Saved boot cache 0.03s 90MB C:/Users/kengo maruyama/AppData/Local/UnrealEngine/4.16/DerivedDataCache/Boot.ddc.
[2017.09.02-05.20.23:441][  0]LogInit: Texture streaming: Enabled
[2017.09.02-05.20.23:514][  0]LogEngineSessionManager: EngineSessionManager initialized
[2017.09.02-05.20.23:514][  0]LogEngineSessionManager: EngineSessionManager sent abnormal shutdown report. Type=Crashed, SessionId={E9EC6805-4382-7B2D-DBF3-8482C1C9BA0E}
[2017.09.02-05.20.23:718][  0]LogInit: Transaction tracking system initialized
[2017.09.02-05.20.23:947][  0]BlueprintLog: New page: エディタの読み込み
[2017.09.02-05.20.24:808][  0]LocalizationService: 情報 ローカライズのサービスが無効になりました
[2017.09.02-05.20.25:343][  0]LogConsoleResponse:Display: 
[2017.09.02-05.20.25:460][  0]LogCook:Display: Max memory allowance for cook 16384mb min free memory 0mb
[2017.09.02-05.20.25:460][  0]LogCook:Display: Mobile HDR setting 1
[2017.09.02-05.20.25:662][  0]LogFileCache: Scanning file cache for directory 'C:/Users/kengo maruyama/petitcon/Content/' took 0.02s
[2017.09.02-05.20.26:254][  0]SourceControl: 情報 ソースコントロールは無効です
[2017.09.02-05.20.26:254][  0]Cmd: MAP LOAD FILE="../../../../../../Users/kengo maruyama/petitcon/Content/VehicleAdvBP/Maps/LooptyLoopMap.umap" TEMPLATE=0 SHOWPROGRESS=1 FEATURELEVEL=3
[2017.09.02-05.20.26:255][  0]LightingResults: New page: ライティングのビルド
[2017.09.02-05.20.26:287][  0]MapCheck: New page: マップをチェック
[2017.09.02-05.20.26:287][  0]LightingResults: New page: <何も選択されていません>
[2017.09.02-05.20.26:419][  0]LogBlueprint:Warning: [Compiler car_blueprint] 警告 インプットアクション イベントは  インプットアクション SlowMotionMin  に不明なアクション 'SlowMotionMin'' を参照しています
[2017.09.02-05.20.26:419][  0]LogBlueprint:Warning: [Compiler car_blueprint] 警告 インプットアクション イベントは  インプットアクション SlowMotionPlus  に不明なアクション 'SlowMotionPlus'' を参照しています
[2017.09.02-05.20.26:421][  0]LogBlueprint:Warning: [Compiler car_blueprint] 警告 インプットアクション イベントは  インプットアクション Reverse  に不明なアクション 'Reverse'' を参照しています
[2017.09.02-05.20.26:421][  0]LogBlueprint:Warning: [Compiler car_blueprint] 警告 インプットアクション イベントは  インプットアクション Turbo  に不明なアクション 'Turbo'' を参照しています
[2017.09.02-05.20.26:421][  0]LogBlueprint:Warning: [Compiler car_blueprint] 警告 インプットアクション イベントは  インプットアクション Turbo  に不明なアクション 'Turbo'' を参照しています
[2017.09.02-05.20.26:421][  0]LogBlueprint:Warning: [Compiler car_blueprint] 警告 インプットアクション イベントは  インプットアクション Reverse  に不明なアクション 'Reverse'' を参照しています
[2017.09.02-05.20.26:434][  0]LogBlueprint:Warning: [Compiler car_blueprint] 警告 [0013.64] Compile of car_blueprint successful, but with 6 Warning(s) [in 24 ms] (/Game/PolyCar_Pack/PolyCar/main/car_blueprint.car_blueprint)
[2017.09.02-05.20.26:434][  0]LogBlueprint:Warning: [Compiler car_blueprint] 警告 [0013.64] Compile of car_blueprint successful, but with 7 Warning(s) [in 0 ms] (/Game/PolyCar_Pack/PolyCar/main/car_blueprint.car_blueprint)
[2017.09.02-05.20.26:434][  0]LogBlueprint:Warning: [Compiler car_blueprint] 警告 [0013.64] Compile of car_blueprint successful, but with 8 Warning(s) [in 0 ms] (/Game/PolyCar_Pack/PolyCar/main/car_blueprint.car_blueprint)
[2017.09.02-05.20.26:456][  0]LogBlueprint:Warning: [Compiler car_blueprint] 警告 インプットアクション イベントは  インプットアクション SlowMotionMin  に不明なアクション 'SlowMotionMin'' を参照しています
[2017.09.02-05.20.26:456][  0]LogBlueprint:Warning: [Compiler car_blueprint] 警告 インプットアクション イベントは  インプットアクション SlowMotionPlus  に不明なアクション 'SlowMotionPlus'' を参照しています
[2017.09.02-05.20.26:458][  0]LogBlueprint:Warning: [Compiler car_blueprint] 警告 インプットアクション イベントは  インプットアクション Reverse  に不明なアクション 'Reverse'' を参照しています
[2017.09.02-05.20.26:458][  0]LogBlueprint:Warning: [Compiler car_blueprint] 警告 インプットアクション イベントは  インプットアクション Turbo  に不明なアクション 'Turbo'' を参照しています
[2017.09.02-05.20.26:458][  0]LogBlueprint:Warning: [Compiler car_blueprint] 警告 インプットアクション イベントは  インプットアクション Turbo  に不明なアクション 'Turbo'' を参照しています
[2017.09.02-05.20.26:458][  0]LogBlueprint:Warning: [Compiler car_blueprint] 警告 インプットアクション イベントは  インプットアクション Reverse  に不明なアクション 'Reverse'' を参照しています
[2017.09.02-05.20.26:472][  0]LogBlueprint:Warning: [Compiler car_blueprint] 警告 [0013.68] Compile of car_blueprint successful, but with 6 Warning(s) [in 24 ms] (/Game/PolyCar_Pack/PolyCar/main/car_blueprint.car_blueprint)
[2017.09.02-05.20.26:472][  0]LogBlueprint:Warning: [Compiler car_blueprint] 警告 [0013.68] Compile of car_blueprint successful, but with 7 Warning(s) [in 0 ms] (/Game/PolyCar_Pack/PolyCar/main/car_blueprint.car_blueprint)
[2017.09.02-05.20.26:472][  0]LogBlueprint:Warning: [Compiler car_blueprint] 警告 [0013.68] Compile of car_blueprint successful, but with 8 Warning(s) [in 0 ms] (/Game/PolyCar_Pack/PolyCar/main/car_blueprint.car_blueprint)
[2017.09.02-05.20.26:638][  0]LogBlueprint:Warning: [Compiler VehicleBlueprint] 警告 インプット軸イベントは  インプットAxis MoveForward  に不明な軸 'MoveForward' を参照しています
[2017.09.02-05.20.26:638][  0]LogBlueprint:Warning: [Compiler VehicleBlueprint] 警告  LookUp を取得  にインプット軸参照の不明な軸 'LookUp' を取得
[2017.09.02-05.20.26:638][  0]LogBlueprint:Warning: [Compiler VehicleBlueprint] 警告  LookRight を取得  にインプット軸参照の不明な軸 'LookRight' を取得
[2017.09.02-05.20.26:638][  0]LogBlueprint:Warning: [Compiler VehicleBlueprint] 警告 インプット軸イベントは  インプットAxis MoveRight  に不明な軸 'MoveRight' を参照しています
[2017.09.02-05.20.26:645][  0]LogBlueprint:Warning: [Compiler VehicleBlueprint] 警告 [0013.85] Compile of VehicleBlueprint successful, but with 4 Warning(s) [in 10 ms] (/Game/VehicleAdvBP/Blueprints/VehicleBlueprint.VehicleBlueprint)
[2017.09.02-05.20.26:645][  0]LogBlueprint:Warning: [Compiler VehicleBlueprint] 警告 [0013.85] Compile of VehicleBlueprint successful, but with 5 Warning(s) [in 0 ms] (/Game/VehicleAdvBP/Blueprints/VehicleBlueprint.VehicleBlueprint)
[2017.09.02-05.20.26:645][  0]LogBlueprint:Warning: [Compiler VehicleBlueprint] 警告 [0013.85] Compile of VehicleBlueprint successful, but with 6 Warning(s) [in 0 ms] (/Game/VehicleAdvBP/Blueprints/VehicleBlueprint.VehicleBlueprint)
[2017.09.02-05.20.26:700][  0]LogBlueprint:Warning: [Compiler VehicleBlueprint] 警告 インプット軸イベントは  インプットAxis MoveForward  に不明な軸 'MoveForward' を参照しています
[2017.09.02-05.20.26:700][  0]LogBlueprint:Warning: [Compiler VehicleBlueprint] 警告  LookUp を取得  にインプット軸参照の不明な軸 'LookUp' を取得
[2017.09.02-05.20.26:700][  0]LogBlueprint:Warning: [Compiler VehicleBlueprint] 警告  LookRight を取得  にインプット軸参照の不明な軸 'LookRight' を取得
[2017.09.02-05.20.26:700][  0]LogBlueprint:Warning: [Compiler VehicleBlueprint] 警告 インプット軸イベントは  インプットAxis MoveRight  に不明な軸 'MoveRight' を参照しています
[2017.09.02-05.20.26:706][  0]LogBlueprint:Warning: [Compiler VehicleBlueprint] 警告 [0013.91] Compile of VehicleBlueprint successful, but with 4 Warning(s) [in 9 ms] (/Game/VehicleAdvBP/Blueprints/VehicleBlueprint.VehicleBlueprint)
[2017.09.02-05.20.26:706][  0]LogBlueprint:Warning: [Compiler VehicleBlueprint] 警告 [0013.91] Compile of VehicleBlueprint successful, but with 5 Warning(s) [in 0 ms] (/Game/VehicleAdvBP/Blueprints/VehicleBlueprint.VehicleBlueprint)
[2017.09.02-05.20.26:707][  0]LogBlueprint:Warning: [Compiler VehicleBlueprint] 警告 [0013.91] Compile of VehicleBlueprint successful, but with 6 Warning(s) [in 0 ms] (/Game/VehicleAdvBP/Blueprints/VehicleBlueprint.VehicleBlueprint)
[2017.09.02-05.20.27:379][  0]LogAIModule: Creating AISystem for world LooptyLoopMap
[2017.09.02-05.20.27:403][  0]LogEditorServer: Finished looking for orphan Actors (0.000 secs)
[2017.09.02-05.20.27:421][  0]Cmd: MAP CHECKDEP NOCLEARLOG
[2017.09.02-05.20.27:460][  0]MapCheck: 情報 マップチェックが完了: 0 エラー、 0 警告、完了に 38.998ミリ秒かかりました。
[2017.09.02-05.20.27:460][  0]LogFileHelpers: Loading map 'LooptyLoopMap' took 1.206
[2017.09.02-05.20.27:520][  0]LogWindowsTextInputMethodSystem:Display: IME system now activated using TSF (Microsoft IME).
[2017.09.02-05.20.27:582][  0]LogCollectionManager: Loaded 0 collections in 0.001050 seconds
[2017.09.02-05.20.27:651][  0]LogFileCache: Scanning file cache for directory 'C:/Users/kengo maruyama/petitcon/Saved/Collections/' took 0.01s
[2017.09.02-05.20.27:651][  0]LogFileCache: Scanning file cache for directory 'C:/Users/kengo maruyama/petitcon/Content/Developers/kengomaruyama/Collections/' took 0.01s
[2017.09.02-05.20.27:651][  0]LogFileCache: Scanning file cache for directory 'C:/Users/kengo maruyama/petitcon/Content/Collections/' took 0.01s
[2017.09.02-05.20.27:651][  0]LogCollectionManager: Rebuilt the GUID cache for 0 collections in 0.000001 seconds
[2017.09.02-05.20.27:658][  0]LogContentBrowser: Native class hierarchy populated in 0.0062 seconds. Added 2342 classes and 498 folders.
[2017.09.02-05.20.27:705][  0]LogContentBrowser: Native class hierarchy updated for 'WidgetCarousel' in 0.0004 seconds. Added 0 classes and 0 folders.
[2017.09.02-05.20.27:747][  0]LogContentBrowser: Native class hierarchy updated for 'AddContentDialog' in 0.0004 seconds. Added 0 classes and 0 folders.
[2017.09.02-05.20.27:809][  0]LogContentBrowser: Native class hierarchy updated for 'SceneOutliner' in 0.0004 seconds. Added 1 classes and 2 folders.
[2017.09.02-05.20.27:896][  0]LogCrashTracker: Crashtracker disabled due to settings.
[2017.09.02-05.20.27:899][  0]LogSlate: Took 0.000149 seconds to synchronously load lazily loaded font '../../../Engine/Content/Slate/Fonts/Roboto-Regular.ttf' (155K)
[2017.09.02-05.20.27:902][  0]LogSlate: Took 0.002442 seconds to synchronously load lazily loaded font '../../../Engine/Content/Slate/Fonts/DroidSansFallback.ttf' (3848K)
[2017.09.02-05.20.27:903][  0]LogSlate: Took 0.000155 seconds to synchronously load lazily loaded font '../../../Engine/Content/Slate/Fonts/Roboto-Bold.ttf' (160K)
[2017.09.02-05.20.27:905][  0]LogSlate: Took 0.000492 seconds to synchronously load lazily loaded font '../../../Engine/Content/Editor/Slate/Fonts/FontAwesome.ttf' (139K)
[2017.09.02-05.20.27:969][  0]LogRenderer: Reallocating scene render targets to support 1108x584 NumSamples 1 (Frame:1).
[2017.09.02-05.20.28:051][  0]LogUObjectGlobals:Warning: オブジェクト 'Class なし.' が見つかりませんでした
[2017.09.02-05.20.28:106][  0]LogContentBrowser: Native class hierarchy updated for 'HierarchicalLODOutliner' in 0.0004 seconds. Added 1 classes and 2 folders.
[2017.09.02-05.20.28:106][  0]LogLoad: (Engine Initialization) Total time: 15.31 seconds
[2017.09.02-05.20.28:106][  0]LogLoad: (Engine Initialization) Total Blueprint compile time: 0.31 seconds
[2017.09.02-05.20.28:106][  0]LogExternalProfiler: No external profilers were discovered.  External profiling features will not be available.
[2017.09.02-05.20.28:119][  0]LogOcInput: OculusInput pre-init called
[2017.09.02-05.20.28:119][  0]LogRawInputWindows:Warning: Found device 0 devices
[2017.09.02-05.20.28:119][  0]LogRawInputWindows:Warning: Found device 0 devices
[2017.09.02-05.20.28:119][  0]LogRawInputWindows:Warning: Device was registered succesfully but not connected (Usage:4 UsagePage:1
[2017.09.02-05.20.28:119][  0]LogRawInputWindows:Warning: Found device 1 devices
[2017.09.02-05.20.28:119][  0]LogRawInputWindows:Warning: Device was registered succesfully but not connected (Usage:5 UsagePage:1
[2017.09.02-05.20.28:119][  0]LogHMD: Starting GearVRController plugin
[2017.09.02-05.20.28:136][  0]LogAssetRegistry: Asset discovery search completed in 9.2485 seconds
[2017.09.02-05.20.28:138][  0]LogCollectionManager: Rebuilt the object cache for 0 collections in 0.000000 seconds (found 0 objects)
[2017.09.02-05.20.28:138][  0]LogCollectionManager: Fixed up redirectors for 0 collections in 0.000019 seconds (updated 0 objects)
[2017.09.02-05.20.28:141][  0]LogContentStreaming: Texture pool size now 1000 MB
[2017.09.02-05.20.28:187][  0]LogSlate: Took 0.000105 seconds to synchronously load lazily loaded font '../../../Engine/Content/Slate/Fonts/Roboto-Light.ttf' (159K)
[2017.09.02-05.23.14:547][666]LogSlate: Took 0.000099 seconds to synchronously load lazily loaded font '../../../Engine/Content/Slate/Fonts/Roboto-Light.ttf' (159K)
[2017.09.02-05.23.14:649][666]LogAIModule: Creating AISystem for world Untitled
[2017.09.02-05.23.14:664][666]Cmd: MAP LOAD FILE="../../../../../../Users/kengo maruyama/petitcon/Content/VehicleAdvBP/Maps/Untitled.umap" TEMPLATE=0 SHOWPROGRESS=1 FEATURELEVEL=3
[2017.09.02-05.23.14:664][666]LightingResults: New page: ライティングのビルド
[2017.09.02-05.23.14:665][666]LoadErrors: New page: マップをロード中: Untitled.umap
[2017.09.02-05.23.14:666][666]MapCheck: New page: マップをチェック
[2017.09.02-05.23.14:666][666]LightingResults: New page: <何も選択されていません>
[2017.09.02-05.23.14:742][666]LogEditorServer: Finished looking for orphan Actors (0.000 secs)
[2017.09.02-05.23.14:765][666]Cmd: MAP CHECKDEP NOCLEARLOG
[2017.09.02-05.23.14:807][666]MapCheck: 情報 マップチェックが完了: 0 エラー、 0 警告、完了に 42.693ミリ秒かかりました。
[2017.09.02-05.23.14:807][666]LogFileHelpers: Loading map 'Untitled' took 0.144
[2017.09.02-05.23.32:437][753]LogEditorViewport: Clicking on Actor (LMB): Landscape (Landscape1)
[2017.09.02-05.23.34:886][ 40]LogEditorViewport: Clicking on Actor (LMB): Landscape (Landscape1)
[2017.09.02-05.23.35:862][144]LogTexture:Display: Building textures: Texture2D_2 (G8, 128X128)
[2017.09.02-05.24.20:885][459]LogEditorViewport: Clicking on Actor (LMB): BP_Sky_Sphere_C (Sky Sphere)
[2017.09.02-05.24.39:702][658]LogCrashTracker: 


[2017.09.02-05.24.39:702][658]LogCrashTracker: 


[2017.09.02-05.24.39:702][658]LogWindows:Error: === Critical error: ===
[2017.09.02-05.24.39:702][658]LogWindows:Error: 
[2017.09.02-05.24.39:702][658]LogWindows:Error: Fatal error!
[2017.09.02-05.24.39:702][658]LogWindows:Error: 
[2017.09.02-05.24.39:702][658]LogWindows:Error: Unhandled Exception: EXCEPTION_STACK_OVERFLOW
[2017.09.02-05.24.39:702][658]LogWindows:Error: 
[2017.09.02-05.24.39:702][658]LogWindows:Error: UE4Editor-Core.dll!0x00000000ED5FE369
[2017.09.02-05.24.39:702][658]LogWindows:Error: UE4Editor-Core.dll!0x00000000ED2C6131
[2017.09.02-05.24.39:702][658]LogWindows:Error: PxFoundationPROFILE_x64.dll!0x00000000F95941CC
[2017.09.02-05.24.39:702][658]LogWindows:Error: PhysX3CookingPROFILE_x64.dll!0x00000000B8209833
[2017.09.02-05.24.39:702][658]LogWindows:Error: PhysX3CookingPROFILE_x64.dll!0x00000000B820A7CF
[2017.09.02-05.24.39:702][658]LogWindows:Error: PhysX3CookingPROFILE_x64.dll!0x00000000B820B5C8
[2017.09.02-05.24.39:702][658]LogWindows:Error: PhysX3CookingPROFILE_x64.dll!0x00000000B820B9CC
[2017.09.02-05.24.39:702][658]LogWindows:Error: PhysX3CookingPROFILE_x64.dll!0x00000000B820B9CC
[2017.09.02-05.24.39:702][658]LogWindows:Error: PhysX3CookingPROFILE_x64.dll!0x00000000B820B9CC
[2017.09.02-05.24.39:702][658]LogWindows:Error: PhysX3CookingPROFILE_x64.dll!0x00000000B820B9CC
[2017.09.02-05.24.39:702][658]LogWindows:Error: PhysX3CookingPROFILE_x64.dll!0x00000000B820B9CC
[2017.09.02-05.24.39:702][658]LogWindows:Error: PhysX3CookingPROFILE_x64.dll!0x00000000B820B9CC
[2017.09.02-05.24.39:702][658]LogWindows:Error: PhysX3CookingPROFILE_x64.dll!0x00000000B820B9CC
[2017.09.02-05.24.39:702][658]LogWindows:Error: PhysX3CookingPROFILE_x64.dll!0x00000000B820B9CC
[2017.09.02-05.24.39:702][658]LogWindows:Error: PhysX3CookingPROFILE_x64.dll!0x00000000B820B9CC
[2017.09.02-05.24.39:702][658]LogWindows:Error: PhysX3CookingPROFILE_x64.dll!0x00000000B820B9CC
[2017.09.02-05.24.39:702][658]LogWindows:Error: PhysX3CookingPROFILE_x64.dll!0x00000000B820B9CC
[2017.09.02-05.24.39:702][658]LogWindows:Error: PhysX3CookingPROFILE_x64.dll!0x00000000B820B9CC
[2017.09.02-05.24.39:702][658]LogWindows:Error: PhysX3CookingPROFILE_x64.dll!0x00000000B820B9CC
[2017.09.02-05.24.39:702][658]LogWindows:Error: PhysX3CookingPROFILE_x64.dll!0x00000000B820B9CC
[2017.09.02-05.24.39:702][658]LogWindows:Error: PhysX3CookingPROFILE_x64.dll!0x00000000B820B9CC
[2017.09.02-05.24.39:702][658]LogWindows:Error: PhysX3CookingPROFILE_x64.dll!0x00000000B820B9CC
[2017.09.02-05.24.39:702][658]LogWindows:Error: PhysX3CookingPROFILE_x64.dll!0x00000000B820B9CC
[2017.09.02-05.24.39:702][658]LogWindows:Error: PhysX3CookingPROFILE_x64.dll!0x00000000B820B9CC
[2017.09.02-05.24.39:702][658]LogWindows:Error: PhysX3CookingPROFILE_x64.dll!0x00000000B820B9CC
[2017.09.02-05.24.39:702][658]LogWindows:Error: PhysX3CookingPROFILE_x64.dll!0x00000000B820B9CC
[2017.09.02-05.24.39:702][658]LogWindows:Error: PhysX3CookingPROFILE_x64.dll!0x00000000B820B9CC
[2017.09.02-05.24.39:702][658]LogWindows:Error: PhysX3CookingPROFILE_x64.dll!0x00000000B820B9CC
[2017.09.02-05.24.39:702][658]LogWindows:Error: PhysX3CookingPROFILE_x64.dll!0x00000000B820B9CC
[2017.09.02-05.24.39:702][658]LogWindows:Error: PhysX3CookingPROFILE_x64.dll!0x00000000B820B9CC
[2017.09.02-05.24.39:702][658]LogWindows:Error: PhysX3CookingPROFILE_x64.dll!0x00000000B820B9CC
[2017.09.02-05.24.39:702][658]LogWindows:Error: PhysX3CookingPROFILE_x64.dll!0x00000000B820B9CC
[2017.09.02-05.24.39:702][658]LogWindows:Error: PhysX3CookingPROFILE_x64.dll!0x00000000B820B9CC
[2017.09.02-05.24.39:702][658]LogWindows:Error: PhysX3CookingPROFILE_x64.dll!0x00000000B820B9CC
[2017.09.02-05.24.39:702][658]LogWindows:Error: PhysX3CookingPROFILE_x64.dll!0x00000000B820B9CC
[2017.09.02-05.24.39:702][658]LogWindows:Error: PhysX3CookingPROFILE_x64.dll!0x00000000B820B9CC
[2017.09.02-05.24.39:702][658]LogWindows:Error: PhysX3CookingPROFILE_x64.dll!0x00000000B820B9CC
[2017.09.02-05.24.39:702][658]LogWindows:Error: PhysX3CookingPROFILE_x64.dll!0x00000000B820B9CC
[2017.09.02-05.24.39:702][658]LogWindows:Error: PhysX3CookingPROFILE_x64.dll!0x00000000B820B9CC
[2017.09.02-05.24.39:702][658]LogWindows:Error: PhysX3CookingPROFILE_x64.dll!0x00000000B820B9CC
[2017.09.02-05.24.39:702][658]LogWindows:Error: PhysX3CookingPROFILE_x64.dll!0x00000000B820B9CC
[2017.09.02-05.24.39:702][658]LogWindows:Error: PhysX3CookingPROFILE_x64.dll!0x00000000B820B9CC
[2017.09.02-05.24.39:702][658]LogWindows:Error: PhysX3CookingPROFILE_x64.dll!0x00000000B820B9CC
[2017.09.02-05.24.39:702][658]LogWindows:Error: PhysX3CookingPROFILE_x64.dll!0x00000000B820B9CC
[2017.09.02-05.24.39:702][658]LogWindows:Error: PhysX3CookingPROFILE_x64.dll!0x00000000B820B9CC
[2017.09.02-05.24.39:702][658]LogWindows:Error: PhysX3CookingPROFILE_x64.dll!0x00000000B820B9CC
[2017.09.02-05.24.39:702][658]LogWindows:Error: PhysX3CookingPROFILE_x64.dll!0x00000000B820B9CC
[2017.09.02-05.24.39:702][658]LogWindows:Error: PhysX3CookingPROFILE_x64.dll!0x00000000B820B9CC
[2017.09.02-05.24.39:702][658]LogWindows:Error: PhysX3CookingPROFILE_x64.dll!0x00000000B820B9CC
[2017.09.02-05.24.39:702][658]LogWindows:Error: PhysX3CookingPROFILE_x64.dll!0x00000000B820B9CC
[2017.09.02-05.24.39:702][658]LogWindows:Error: PhysX3CookingPROFILE_x64.dll!0x00000000B820B9CC
[2017.09.02-05.24.39:702][658]LogWindows:Error: PhysX3CookingPROFILE_x64.dll!0x00000000B820B9CC
[2017.09.02-05.24.39:702][658]LogWindows:Error: PhysX3CookingPROFILE_x64.dll!0x00000000B820B9CC
[2017.09.02-05.24.39:702][658]LogWindows:Error: PhysX3CookingPROFILE_x64.dll!0x00000000B820B9CC
[2017.09.02-05.24.39:702][658]LogWindows:Error: PhysX3CookingPROFILE_x64.dll!0x00000000B820B9CC
[2017.09.02-05.24.39:702][658]LogWindows:Error: PhysX3CookingPROFILE_x64.dll!0x00000000B820B9CC
[2017.09.02-05.24.39:702][658]LogWindows:Error: PhysX3CookingPROFILE_x64.dll!0x00000000B820B9CC
[2017.09.02-05.24.39:702][658]LogWindows:Error: PhysX3CookingPROFILE_x64.dll!0x00000000B820B9CC
[2017.09.02-05.24.39:702][658]LogWindows:Error: PhysX3CookingPROFILE_x64.dll!0x00000000B820B9CC
[2017.09.02-05.24.39:702][658]LogWindows:Error: PhysX3CookingPROFILE_x64.dll!0x00000000B820B9CC
[2017.09.02-05.24.39:702][658]LogWindows:Error: PhysX3CookingPROFILE_x64.dll!0x00000000B820B9CC
[2017.09.02-05.24.39:702][658]LogWindows:Error: PhysX3CookingPROFILE_x64.dll!0x00000000B820B9CC
[2017.09.02-05.24.39:702][658]LogWindows:Error: PhysX3CookingPROFILE_x64.dll!0x00000000B820B9CC
[2017.09.02-05.24.39:702][658]LogWindows:Error: PhysX3CookingPROFILE_x64.dll!0x00000000B820B9CC
[2017.09.02-05.24.39:702][658]LogWindows:Error: PhysX3CookingPROFILE_x64.dll!0x00000000B820B9CC
[2017.09.02-05.24.39:702][658]LogWindows:Error: PhysX3CookingPROFILE_x64.dll!0x00000000B820B9CC
[2017.09.02-05.24.39:702][658]LogWindows:Error: PhysX3CookingPROFILE_x64.dll!0x00000000B820B9CC
[2017.09.02-05.24.39:702][658]LogWindows:Error: PhysX3CookingPROFILE_x64.dll!0x00000000B820B9CC
[2017.09.02-05.24.39:702][658]LogWindows:Error: PhysX3CookingPROFILE_x64.dll!0x00000000B820B9CC
[2017.09.02-05.24.39:702][658]LogWindows:Error: PhysX3CookingPROFILE_x64.dll!0x00000000B820B9CC
[2017.09.02-05.24.39:702][658]LogWindows:Error: PhysX3CookingPROFILE_x64.dll!0x00000000B820B9CC
[2017.09.02-05.24.39:702][658]LogWindows:Error: PhysX3CookingPROFILE_x64.dll!0x00000000B820B9CC
[2017.09.02-05.24.39:702][658]LogWindows:Error: PhysX3CookingPROFILE_x64.dll!0x00000000B820B9CC
[2017.09.02-05.24.39:702][658]LogWindows:Error: PhysX3CookingPROFILE_x64.dll!0x00000000B820B9CC
[2017.09.02-05.24.39:702][658]LogWindows:Error: PhysX3CookingPROFILE_x64.dll!0x00000000B820B9CC
[2017.09.02-05.24.39:702][658]LogWindows:Error: PhysX3CookingPROFILE_x64.dll!0x00000000B820B9CC
[2017.09.02-05.24.39:702][658]LogWindows:Error: PhysX3CookingPROFILE_x64.dll!0x00000000B820B9CC
[2017.09.02-05.24.39:702][658]LogWindows:Error: PhysX3CookingPROFILE_x64.dll!0x00000000B820B9CC
[2017.09.02-05.24.39:702][658]LogWindows:Error: PhysX3CookingPROFILE_x64.dll!0x00000000B820B9CC
[2017.09.02-05.24.39:702][658]LogWindows:Error: PhysX3CookingPROFILE_x64.dll!0x00000000B820B9CC
[2017.09.02-05.24.39:702][658]LogWindows:Error: PhysX3CookingPROFILE_x64.dll!0x00000000B820B9CC
[2017.09.02-05.24.39:702][658]LogWindows:Error: PhysX3CookingPROFILE_x64.dll!0x00000000B820B9CC
[2017.09.02-05.24.39:702][658]LogWindows:Error: PhysX3CookingPROFILE_x64.dll!0x00000000B820B9CC
[2017.09.02-05.24.39:702][658]LogWindows:Error: PhysX3CookingPROFILE_x64.dll!0x00000000B820B9CC
[2017.09.02-05.24.39:702][658]LogWindows:Error: PhysX3CookingPROFILE_x64.dll!0x00000000B820B9CC
[2017.09.02-05.24.39:702][658]LogWindows:Error: PhysX3CookingPROFILE_x64.dll!0x00000000B820B9CC
[2017.09.02-05.24.39:702][658]LogWindows:Error: PhysX3CookingPROFILE_x64.dll!0x00000000B820B9CC
[2017.09.02-05.24.39:702][658]LogWindows:Error: PhysX3CookingPROFILE_x64.dll!0x00000000B820B9CC
[2017.09.02-05.24.39:702][658]LogWindows:Error: PhysX3CookingPROFILE_x64.dll!0x00000000B820B9CC
[2017.09.02-05.24.39:702][658]LogWindows:Error: PhysX3CookingPROFILE_x64.dll!0x00000000B820B9CC
[2017.09.02-05.24.39:702][658]LogWindows:Error: PhysX3CookingPROFILE_x64.dll!0x00000000B820B9CC
[2017.09.02-05.24.39:702][658]LogWindows:Error: PhysX3CookingPROFILE_x64.dll!0x00000000B820B9CC
[2017.09.02-05.24.39:702][658]LogWindows:Error: PhysX3CookingPROFILE_x64.dll!0x00000000B820B9CC
[2017.09.02-05.24.39:702][658]LogWindows:Error: PhysX3CookingPROFILE_x64.dll!0x00000000B820B9CC
[2017.09.02-05.24.39:702][658]LogWindows:Error: PhysX3CookingPROFILE_x64.dll!0x00000000B820B9CC
[2017.09.02-05.24.39:702][658]LogWindows:Error: PhysX3CookingPROFILE_x64.dll!0x00000000B820B9CC
[2017.09.02-05.24.39:702][658]LogWindows:Error: PhysX3CookingPROFILE_x64.dll!0x00000000B820B9CC
[2017.09.02-05.24.39:702][658]LogWindows:Error: PhysX3CookingPROFILE_x64.dll!0x00000000B820B9CC
[2017.09.02-05.24.39:702][658]LogWindows:Error: PhysX3CookingPROFILE_x64.dll!0x00000000B820B9CC
[2017.09.02-05.24.39:702][658]LogWindows:Error: PhysX3CookingPROFILE_x64.dll!0x00000000B820B9CC
[2017.09.02-05.24.39:702][658]LogWindows:Error: 
[2017.09.02-05.24.39:711][658]LogExit: Executing StaticShutdownAfterError
[2017.09.02-05.24.39:714][658]LogWindows: FPlatformMisc::RequestExit(1)
[2017.09.02-05.24.39:714][658]Log file closed, 09/02/17 14:24:39
