Log file open, 09/02/17 14:24:57
LogInit:Display: Running engine for game: petitcon
LogPlatformFile: Not using cached read wrapper
LogInit:Display: RandInit(638035457) SRandInit(638035457).
LogTaskGraph: Started task graph with 5 named threads and 8 total threads with 1 sets of task threads.
LogStats: Stats thread started at 0.075882
LogInit: Using libcurl 7.47.1
LogInit:  - built for x86_64-pc-win32
LogInit:  - supports SSL with OpenSSL/1.0.2g
LogInit:  - supports HTTP deflate (compression) using libz 1.2.8
LogInit:  - other features:
LogInit:      CURL_VERSION_SSL
LogInit:      CURL_VERSION_LIBZ
LogInit:      CURL_VERSION_IPV6
LogInit:      CURL_VERSION_ASYNCHDNS
LogInit:      CURL_VERSION_LARGEFILE
LogInit:      CURL_VERSION_IDN
LogInit:  CurlRequestOptions (configurable via config and command line):
LogInit:  - bVerifyPeer = false  - Libcurl will NOT verify peer certificate
LogInit:  - bUseHttpProxy = false  - Libcurl will NOT use HTTP proxy
LogInit:  - bDontReuseConnections = false  - Libcurl will reuse connections
LogInit:  - CertBundlePath = nullptr  - Libcurl will use whatever was configured at build time.
LogInit: Build: ++UE4+Release-4.16-CL-3466753
LogInit: Engine Version: 4.16.1-3466753+++UE4+Release-4.16
LogInit: Compatible Engine Version: 4.16.0-3452394+++UE4+Release-4.16
LogInit: Net CL: 3452394
LogDevObjectVersion: Number of dev versions registered: 16
LogDevObjectVersion:   Dev-Blueprints (B0D832E4-1F89-4F0D-ACCF-7EB736FD4AA2): 9
LogDevObjectVersion:   Dev-Build (E1C64328-A22C-4D53-A36C-8E866417BD8C): 0
LogDevObjectVersion:   Dev-Core (375EC13C-06E4-48FB-B500-84F0262A717E): 2
LogDevObjectVersion:   Dev-Editor (E4B068ED-F494-42E9-A231-DA0B2E46BB41): 17
LogDevObjectVersion:   Dev-Framework (CFFC743F-43B0-4480-9391-14DF171D2073): 23
LogDevObjectVersion:   Dev-Mobile (B02B49B5-BB20-44E9-A304-32B752E40360): 0
LogDevObjectVersion:   Dev-Networking (A4E4105C-59A1-49B5-A7C5-40C4547EDFEE): 0
LogDevObjectVersion:   Dev-Online (39C831C9-5AE6-47DC-9A44-9C173E1C8E7C): 0
LogDevObjectVersion:   Dev-Physics (78F01B33-EBEA-4F98-B9B4-84EACCB95AA2): 0
LogDevObjectVersion:   Dev-Platform (6631380F-2D4D-43E0-8009-CF276956A95A): 0
LogDevObjectVersion:   Dev-Rendering (12F88B9F-8875-4AFC-A67C-D90C383ABD29): 15
LogDevObjectVersion:   Dev-Sequencer (7B5AE74C-D270-4C10-A958-57980B212A5A): 4
LogDevObjectVersion:   Dev-VR (D7296918-1DD6-4BDD-9DE2-64A83CC13884): 0
LogDevObjectVersion:   Dev-LoadTimes (C2A15278-BFE7-4AFE-6C17-90FF531DF755): 1
LogDevObjectVersion:   Private-Geometry (6EACA3D4-40EC-4CC1-B786-8BED09428FC5): 1
LogDevObjectVersion:   Dev-AnimPhys (29E575DD-E0A3-4627-9D10-D276232CDCEA): 3
LogInit: Compiled (64-bit): May 31 2017 02:03:30
LogInit: Compiled with Visual C++: 19.00.24215.01
LogInit: Build Configuration: Development
LogInit: Branch Name: ++UE4+Release-4.16
LogInit: Command line:  
LogInit: Base directory: C:/Program Files/Epic Games/UE_4.16/Engine/Binaries/Win64/
LogInit: Installed Engine Build: 1
LogInit: Presizing for max 8388607 objects, including 0 objects not considered by GC, pre-allocating 0 bytes for permanent pool.
LogInit: Object subsystem initialized
[2017.09.02-05.24.58:279][  0]LogInit: Selected Device Profile: [Windows]
[2017.09.02-05.24.58:279][  0]LogInit: Applying CVar settings loaded from the selected device profile: [Windows]
[2017.09.02-05.24.58:284][  0]LogInit: Computer: DESKTOP-DL1UF1K
[2017.09.02-05.24.58:284][  0]LogInit: User: kengomaruyama
[2017.09.02-05.24.58:284][  0]LogInit: CPU Page size=4096, Cores=4
[2017.09.02-05.24.58:284][  0]LogInit: High frequency timer resolution =4.101564 MHz
[2017.09.02-05.24.58:284][  0]LogMemory: Memory total: Physical=15.9GB (16GB approx)
[2017.09.02-05.24.58:284][  0]LogMemory: Platform Memory Stats for Windows
[2017.09.02-05.24.58:284][  0]LogMemory: Process Physical Memory: 273.30 MB used, 273.30 MB peak
[2017.09.02-05.24.58:284][  0]LogMemory: Process Virtual Memory: 260.77 MB used, 260.77 MB peak
[2017.09.02-05.24.58:284][  0]LogMemory: Physical Memory: 7208.70 MB used,  9118.53 MB free, 16327.22 MB total
[2017.09.02-05.24.58:284][  0]LogMemory: Virtual Memory: 637.83 MB used,  9118.53 MB free, 134217728.00 MB total
[2017.09.02-05.24.58:357][  0]LogInit: Using OS detected language (ja-JP).
[2017.09.02-05.24.58:357][  0]LogInit: Using OS detected locale (ja-JP).
[2017.09.02-05.24.58:358][  0]LogTextLocalizationManager: No specific localization for 'ja-JP' exists, so the 'ja' localization will be used.
[2017.09.02-05.24.58:891][  0]LogD3D11RHI: D3D11 adapters:
[2017.09.02-05.24.59:307][  0]LogD3D11RHI:    0. 'NVIDIA GeForce GTX 1060 6GB' (Feature Level 11_0)
[2017.09.02-05.24.59:307][  0]LogD3D11RHI:       6084/0/8163 MB DedicatedVideo/DedicatedSystem/SharedSystem, Outputs:2, VendorId:0x10de
[2017.09.02-05.24.59:308][  0]LogD3D11RHI:    1. 'Microsoft Basic Render Driver' (Feature Level 11_0)
[2017.09.02-05.24.59:308][  0]LogD3D11RHI:       0/0/8163 MB DedicatedVideo/DedicatedSystem/SharedSystem, Outputs:0, VendorId:0x1414
[2017.09.02-05.24.59:308][  0]LogD3D11RHI: Chosen D3D11 Adapter: 0
[2017.09.02-05.24.59:351][  0]LogD3D11RHI: Creating new Direct3DDevice
[2017.09.02-05.24.59:351][  0]LogD3D11RHI:     GPU DeviceId: 0x1c03 (for the marketing name, search the web for "GPU Device Id")
[2017.09.02-05.24.59:351][  0]LogWindows: EnumDisplayDevices:
[2017.09.02-05.24.59:351][  0]LogWindows:    0. 'NVIDIA GeForce GTX 1060 6GB' (P:0 D:1)
[2017.09.02-05.24.59:352][  0]LogWindows:    1. 'NVIDIA GeForce GTX 1060 6GB' (P:1 D:1)
[2017.09.02-05.24.59:352][  0]LogWindows:    2. 'NVIDIA GeForce GTX 1060 6GB' (P:0 D:0)
[2017.09.02-05.24.59:352][  0]LogWindows:    3. 'NVIDIA GeForce GTX 1060 6GB' (P:0 D:0)
[2017.09.02-05.24.59:352][  0]LogWindows: DebugString: FoundDriverCount:4 
[2017.09.02-05.24.59:352][  0]LogD3D11RHI:     Adapter Name: NVIDIA GeForce GTX 1060 6GB
[2017.09.02-05.24.59:352][  0]LogD3D11RHI:   Driver Version: 382.33 (internal:22.21.13.8233, unified:382.33)
[2017.09.02-05.24.59:352][  0]LogD3D11RHI:      Driver Date: 5-17-2017
[2017.09.02-05.24.59:352][  0]LogRHI: Texture pool is 1361 MB (70% of 1945 MB)
[2017.09.02-05.24.59:755][  0]LogD3D11RHI: Async texture creation enabled
[2017.09.02-05.24.59:780][  0]LogD3D11RHI: GPU Timing Frequency: 1000.000000 (Debug: 2 1)
[2017.09.02-05.24.59:828][  0]LogShaderCompilers: Guid format shader working directory is 6 characters bigger than the processId version (../../../../../../Users/kengo maruyama/petitcon/Intermediate/Shaders/WorkingDirectory/363100/).
[2017.09.02-05.24.59:828][  0]LogShaderCompilers: Cleaned the shader compiler working directory 'C:/Users/kengo maruyama/AppData/Local/Temp/UnrealShaderWorkingDir/9E8B18A440F98AD2DFC2FDB3C69D6C98/'.
[2017.09.02-05.24.59:828][  0]LogShaderCompilers:Display: Using Local Shader Compiler.
[2017.09.02-05.25.00:546][  0]LogTemp:Display: Loaded TP AllDesktopTargetPlatform
[2017.09.02-05.25.00:582][  0]LogTemp:Display: Loaded TP MacClientTargetPlatform
[2017.09.02-05.25.00:618][  0]LogTemp:Display: Loaded TP MacNoEditorTargetPlatform
[2017.09.02-05.25.00:654][  0]LogTemp:Display: Loaded TP MacServerTargetPlatform
[2017.09.02-05.25.00:691][  0]LogTemp:Display: Loaded TP MacTargetPlatform
[2017.09.02-05.25.00:727][  0]LogTemp:Display: Loaded TP WindowsClientTargetPlatform
[2017.09.02-05.25.00:764][  0]LogTemp:Display: Loaded TP WindowsNoEditorTargetPlatform
[2017.09.02-05.25.00:800][  0]LogTemp:Display: Loaded TP WindowsServerTargetPlatform
[2017.09.02-05.25.00:832][  0]LogTemp:Display: Loaded TP WindowsTargetPlatform
[2017.09.02-05.25.00:867][  0]LogTemp:Display: Loaded TP AndroidTargetPlatform
[2017.09.02-05.25.00:903][  0]LogTemp:Display: Loaded TP Android_ASTCTargetPlatform
[2017.09.02-05.25.00:939][  0]LogTemp:Display: Loaded TP Android_ATCTargetPlatform
[2017.09.02-05.25.00:975][  0]LogTemp:Display: Loaded TP Android_DXTTargetPlatform
[2017.09.02-05.25.01:011][  0]LogTemp:Display: Loaded TP Android_ETC1TargetPlatform
[2017.09.02-05.25.01:046][  0]LogTemp:Display: Loaded TP Android_ETC2TargetPlatform
[2017.09.02-05.25.01:116][  0]LogTemp:Display: Loaded TP Android_MultiTargetPlatform
[2017.09.02-05.25.01:116][  0]LogTemp:Display: Loaded TP Android_PVRTCTargetPlatform
[2017.09.02-05.25.01:144][  0]LogTemp:Display: Loaded TP HTML5TargetPlatform
[2017.09.02-05.25.01:229][  0]LogTemp:Display: Loaded TP IOSTargetPlatform
[2017.09.02-05.25.01:251][  0]LogTemp:Display: Loaded TP TVOSTargetPlatform
[2017.09.02-05.25.01:286][  0]LogTemp:Display: Loaded TP LinuxClientTargetPlatform
[2017.09.02-05.25.01:321][  0]LogTemp:Display: Loaded TP LinuxNoEditorTargetPlatform
[2017.09.02-05.25.01:357][  0]LogTemp:Display: Loaded TP LinuxServerTargetPlatform
[2017.09.02-05.25.01:392][  0]LogTemp:Display: Loaded TP LinuxTargetPlatform
[2017.09.02-05.25.01:392][  0]LogTargetPlatformManager:Display: Building Assets For Windows
[2017.09.02-05.25.01:754][  0]LogDerivedDataCache:Display: Max Cache Size: 512 MB
[2017.09.02-05.25.01:822][  0]LogDerivedDataCache: Loaded boot cache 0.07s 90MB C:/Users/kengo maruyama/AppData/Local/UnrealEngine/4.16/DerivedDataCache/Boot.ddc.
[2017.09.02-05.25.01:822][  0]LogDerivedDataCache:Display: Loaded Boot cache: C:/Users/kengo maruyama/AppData/Local/UnrealEngine/4.16/DerivedDataCache/Boot.ddc
[2017.09.02-05.25.01:822][  0]LogDerivedDataCache: FDerivedDataBackendGraph:  Pak pak cache file ../../../../../../Users/kengo maruyama/petitcon/DerivedDataCache/DDC.ddp not found, will not use a pak cache.
[2017.09.02-05.25.01:822][  0]LogDerivedDataCache: Unable to find inner node Pak for hierarchical cache Hierarchy.
[2017.09.02-05.25.01:822][  0]LogDerivedDataCache: FDerivedDataBackendGraph:  CompressedPak pak cache file ../../../../../../Users/kengo maruyama/petitcon/DerivedDataCache/Compressed.ddp not found, will not use a pak cache.
[2017.09.02-05.25.01:822][  0]LogDerivedDataCache: Unable to find inner node CompressedPak for hierarchical cache Hierarchy.
[2017.09.02-05.25.01:833][  0]LogDerivedDataCache:Display: Pak cache opened for reading ../../../Engine/DerivedDataCache/Compressed.ddp.
[2017.09.02-05.25.01:846][  0]LogDerivedDataCache: Using Local data cache path C:/Users/kengo maruyama/AppData/Local/UnrealEngine/Common/DerivedDataCache: Writable
[2017.09.02-05.25.01:855][  0]LogMaterial: Verifying Global Shaders for PCD3D_SM5
[2017.09.02-05.25.01:855][  0]LogSlate: Using Freetype 2.6.0
[2017.09.02-05.25.01:855][  0]LogSlate: SlateFontCache - WITH_FREETYPE: 1, WITH_HARFBUZZ: 1
[2017.09.02-05.25.01:855][  0]LogSlate: SlateFontCache - WITH_FREETYPE: 1, WITH_HARFBUZZ: 1
[2017.09.02-05.25.02:083][  0]LogInit: Selected Device Profile: [Windows]
[2017.09.02-05.25.02:137][  0]LogContentStreaming: Texture pool size is 0.00 MB
[2017.09.02-05.25.02:250][  0]LogMeshUtilities: Using QuadricMeshReduction for automatic static mesh reduction
[2017.09.02-05.25.02:281][  0]LogSimplygon: Simplygon DLL not present - disabling.
[2017.09.02-05.25.02:315][  0]LogMeshUtilities: Using SimplygonSwarm for distributed automatic mesh merging
[2017.09.02-05.25.02:315][  0]LogMeshUtilities: No automatic skeletal mesh reduction module available
[2017.09.02-05.25.02:315][  0]LogMeshUtilities: No automatic mesh merging module available
[2017.09.02-05.25.02:739][  0]LogNetVersion: petitcon , NetCL: 3452394, EngineNetVer: 2, GameNetVer: 0 (Checksum: 2069337989)
[2017.09.02-05.25.02:797][  0]LogAssetRegistry: FAssetRegistry took 0.0267 seconds to start up
[2017.09.02-05.25.02:839][  0]LogPackageLocalizationCache: Processed 5 localized package path(s) for 2 prioritized culture(s) in 0.024416 seconds
[2017.09.02-05.25.02:843][  0]LogUObjectArray: 34194 objects as part of root set at end of initial load.
[2017.09.02-05.25.02:843][  0]LogUObjectAllocator: 7260424 out of 0 bytes used by permanent object pool.
[2017.09.02-05.25.02:843][  0]LogUObjectArray: CloseDisregardForGC: 0/0 objects in disregard for GC pool
[2017.09.02-05.25.02:891][  0]LogInit: WinSock: version 1.1 (2.2), MaxSocks=32767, MaxUdp=65467
[2017.09.02-05.25.04:640][  0]LogTcpMessaging: Initializing TcpMessaging bridge
[2017.09.02-05.25.04:670][  0]LogUdpMessaging: Initializing bridge on interface 0.0.0.0:0 to multicast group 230.0.0.1:6666.
[2017.09.02-05.25.05:112][  0]LogMaterial: Uniform references updated for custom material expression Custom.
[2017.09.02-05.25.05:388][  0]SourceControl: 情報 ソースコントロールは無効です
[2017.09.02-05.25.05:429][  0]SourceControl: 情報 ソースコントロールは無効です
[2017.09.02-05.25.05:462][  0]SourceControl: 情報 ソースコントロールは無効です
[2017.09.02-05.25.05:495][  0]SourceControl: 情報 ソースコントロールは無効です
[2017.09.02-05.25.06:088][  0]LogAndroidPermission: UAndroidPermissionCallbackProxy::GetInstance
[2017.09.02-05.25.06:597][  0]LogEngine: Initializing Engine...
[2017.09.02-05.25.06:597][  0]LogHMD: Failed to initialize OpenVR with code 110
[2017.09.02-05.25.06:745][  0]LogStats: UGameplayTagsManager::ConstructGameplayTagTree: Construct from data asset -  0.000 s
[2017.09.02-05.25.06:745][  0]LogStats: UGameplayTagsManager::ConstructGameplayTagTree: GameplayTagTreeChangedEvent.Broadcast -  0.000 s
[2017.09.02-05.25.06:836][  0]LogAIModule: Creating AISystem for world Untitled
[2017.09.02-05.25.06:843][  0]LogInit: XAudio2 using 'スピーカー (Realtek High Definition Audio)' : 2 channels at 48 kHz using 32 bits per sample (channel mask 0x3)
[2017.09.02-05.25.06:864][  0]LogInit: FAudioDevice initialized.
[2017.09.02-05.25.06:897][  0]LogDerivedDataCache: Saved boot cache 0.03s 90MB C:/Users/kengo maruyama/AppData/Local/UnrealEngine/4.16/DerivedDataCache/Boot.ddc.
[2017.09.02-05.25.06:900][  0]LogInit: Texture streaming: Enabled
[2017.09.02-05.25.06:970][  0]LogEngineSessionManager: EngineSessionManager initialized
[2017.09.02-05.25.06:970][  0]LogEngineSessionManager: EngineSessionManager sent abnormal shutdown report. Type=Crashed, SessionId={A4831BBD-4BF4-613E-036A-A986B9800813}
[2017.09.02-05.25.07:183][  0]LogInit: Transaction tracking system initialized
[2017.09.02-05.25.07:409][  0]BlueprintLog: New page: エディタの読み込み
[2017.09.02-05.25.08:145][  0]LocalizationService: 情報 ローカライズのサービスが無効になりました
[2017.09.02-05.25.08:691][  0]LogConsoleResponse:Display: 
[2017.09.02-05.25.08:797][  0]LogCook:Display: Max memory allowance for cook 16384mb min free memory 0mb
[2017.09.02-05.25.08:797][  0]LogCook:Display: Mobile HDR setting 1
[2017.09.02-05.25.09:018][  0]LogFileCache: Scanning file cache for directory 'C:/Users/kengo maruyama/petitcon/Content/' took 0.02s
[2017.09.02-05.25.09:537][  0]SourceControl: 情報 ソースコントロールは無効です
[2017.09.02-05.25.09:537][  0]Cmd: MAP LOAD FILE="../../../../../../Users/kengo maruyama/petitcon/Content/VehicleAdvBP/Maps/LooptyLoopMap.umap" TEMPLATE=0 SHOWPROGRESS=1 FEATURELEVEL=3
[2017.09.02-05.25.09:537][  0]LightingResults: New page: ライティングのビルド
[2017.09.02-05.25.09:566][  0]MapCheck: New page: マップをチェック
[2017.09.02-05.25.09:566][  0]LightingResults: New page: <何も選択されていません>
[2017.09.02-05.25.09:690][  0]LogBlueprint:Warning: [Compiler car_blueprint] 警告 インプットアクション イベントは  インプットアクション SlowMotionMin  に不明なアクション 'SlowMotionMin'' を参照しています
[2017.09.02-05.25.09:690][  0]LogBlueprint:Warning: [Compiler car_blueprint] 警告 インプットアクション イベントは  インプットアクション SlowMotionPlus  に不明なアクション 'SlowMotionPlus'' を参照しています
[2017.09.02-05.25.09:692][  0]LogBlueprint:Warning: [Compiler car_blueprint] 警告 インプットアクション イベントは  インプットアクション Reverse  に不明なアクション 'Reverse'' を参照しています
[2017.09.02-05.25.09:692][  0]LogBlueprint:Warning: [Compiler car_blueprint] 警告 インプットアクション イベントは  インプットアクション Turbo  に不明なアクション 'Turbo'' を参照しています
[2017.09.02-05.25.09:692][  0]LogBlueprint:Warning: [Compiler car_blueprint] 警告 インプットアクション イベントは  インプットアクション Turbo  に不明なアクション 'Turbo'' を参照しています
[2017.09.02-05.25.09:692][  0]LogBlueprint:Warning: [Compiler car_blueprint] 警告 インプットアクション イベントは  インプットアクション Reverse  に不明なアクション 'Reverse'' を参照しています
[2017.09.02-05.25.09:705][  0]LogBlueprint:Warning: [Compiler car_blueprint] 警告 [0012.59] Compile of car_blueprint successful, but with 6 Warning(s) [in 23 ms] (/Game/PolyCar_Pack/PolyCar/main/car_blueprint.car_blueprint)
[2017.09.02-05.25.09:706][  0]LogBlueprint:Warning: [Compiler car_blueprint] 警告 [0012.59] Compile of car_blueprint successful, but with 7 Warning(s) [in 0 ms] (/Game/PolyCar_Pack/PolyCar/main/car_blueprint.car_blueprint)
[2017.09.02-05.25.09:706][  0]LogBlueprint:Warning: [Compiler car_blueprint] 警告 [0012.59] Compile of car_blueprint successful, but with 8 Warning(s) [in 0 ms] (/Game/PolyCar_Pack/PolyCar/main/car_blueprint.car_blueprint)
[2017.09.02-05.25.09:727][  0]LogBlueprint:Warning: [Compiler car_blueprint] 警告 インプットアクション イベントは  インプットアクション SlowMotionMin  に不明なアクション 'SlowMotionMin'' を参照しています
[2017.09.02-05.25.09:727][  0]LogBlueprint:Warning: [Compiler car_blueprint] 警告 インプットアクション イベントは  インプットアクション SlowMotionPlus  に不明なアクション 'SlowMotionPlus'' を参照しています
[2017.09.02-05.25.09:729][  0]LogBlueprint:Warning: [Compiler car_blueprint] 警告 インプットアクション イベントは  インプットアクション Reverse  に不明なアクション 'Reverse'' を参照しています
[2017.09.02-05.25.09:729][  0]LogBlueprint:Warning: [Compiler car_blueprint] 警告 インプットアクション イベントは  インプットアクション Turbo  に不明なアクション 'Turbo'' を参照しています
[2017.09.02-05.25.09:729][  0]LogBlueprint:Warning: [Compiler car_blueprint] 警告 インプットアクション イベントは  インプットアクション Turbo  に不明なアクション 'Turbo'' を参照しています
[2017.09.02-05.25.09:729][  0]LogBlueprint:Warning: [Compiler car_blueprint] 警告 インプットアクション イベントは  インプットアクション Reverse  に不明なアクション 'Reverse'' を参照しています
[2017.09.02-05.25.09:741][  0]LogBlueprint:Warning: [Compiler car_blueprint] 警告 [0012.63] Compile of car_blueprint successful, but with 6 Warning(s) [in 24 ms] (/Game/PolyCar_Pack/PolyCar/main/car_blueprint.car_blueprint)
[2017.09.02-05.25.09:742][  0]LogBlueprint:Warning: [Compiler car_blueprint] 警告 [0012.63] Compile of car_blueprint successful, but with 7 Warning(s) [in 0 ms] (/Game/PolyCar_Pack/PolyCar/main/car_blueprint.car_blueprint)
[2017.09.02-05.25.09:742][  0]LogBlueprint:Warning: [Compiler car_blueprint] 警告 [0012.63] Compile of car_blueprint successful, but with 8 Warning(s) [in 0 ms] (/Game/PolyCar_Pack/PolyCar/main/car_blueprint.car_blueprint)
[2017.09.02-05.25.09:933][  0]LogBlueprint:Warning: [Compiler VehicleBlueprint] 警告 インプット軸イベントは  インプットAxis MoveForward  に不明な軸 'MoveForward' を参照しています
[2017.09.02-05.25.09:933][  0]LogBlueprint:Warning: [Compiler VehicleBlueprint] 警告  LookUp を取得  にインプット軸参照の不明な軸 'LookUp' を取得
[2017.09.02-05.25.09:933][  0]LogBlueprint:Warning: [Compiler VehicleBlueprint] 警告  LookRight を取得  にインプット軸参照の不明な軸 'LookRight' を取得
[2017.09.02-05.25.09:933][  0]LogBlueprint:Warning: [Compiler VehicleBlueprint] 警告 インプット軸イベントは  インプットAxis MoveRight  に不明な軸 'MoveRight' を参照しています
[2017.09.02-05.25.09:939][  0]LogBlueprint:Warning: [Compiler VehicleBlueprint] 警告 [0012.83] Compile of VehicleBlueprint successful, but with 4 Warning(s) [in 9 ms] (/Game/VehicleAdvBP/Blueprints/VehicleBlueprint.VehicleBlueprint)
[2017.09.02-05.25.09:939][  0]LogBlueprint:Warning: [Compiler VehicleBlueprint] 警告 [0012.83] Compile of VehicleBlueprint successful, but with 5 Warning(s) [in 0 ms] (/Game/VehicleAdvBP/Blueprints/VehicleBlueprint.VehicleBlueprint)
[2017.09.02-05.25.09:939][  0]LogBlueprint:Warning: [Compiler VehicleBlueprint] 警告 [0012.83] Compile of VehicleBlueprint successful, but with 6 Warning(s) [in 0 ms] (/Game/VehicleAdvBP/Blueprints/VehicleBlueprint.VehicleBlueprint)
[2017.09.02-05.25.09:987][  0]LogBlueprint:Warning: [Compiler VehicleBlueprint] 警告 インプット軸イベントは  インプットAxis MoveForward  に不明な軸 'MoveForward' を参照しています
[2017.09.02-05.25.09:988][  0]LogBlueprint:Warning: [Compiler VehicleBlueprint] 警告  LookUp を取得  にインプット軸参照の不明な軸 'LookUp' を取得
[2017.09.02-05.25.09:988][  0]LogBlueprint:Warning: [Compiler VehicleBlueprint] 警告  LookRight を取得  にインプット軸参照の不明な軸 'LookRight' を取得
[2017.09.02-05.25.09:988][  0]LogBlueprint:Warning: [Compiler VehicleBlueprint] 警告 インプット軸イベントは  インプットAxis MoveRight  に不明な軸 'MoveRight' を参照しています
[2017.09.02-05.25.09:995][  0]LogBlueprint:Warning: [Compiler VehicleBlueprint] 警告 [0012.88] Compile of VehicleBlueprint successful, but with 4 Warning(s) [in 9 ms] (/Game/VehicleAdvBP/Blueprints/VehicleBlueprint.VehicleBlueprint)
[2017.09.02-05.25.09:995][  0]LogBlueprint:Warning: [Compiler VehicleBlueprint] 警告 [0012.88] Compile of VehicleBlueprint successful, but with 5 Warning(s) [in 0 ms] (/Game/VehicleAdvBP/Blueprints/VehicleBlueprint.VehicleBlueprint)
[2017.09.02-05.25.09:996][  0]LogBlueprint:Warning: [Compiler VehicleBlueprint] 警告 [0012.88] Compile of VehicleBlueprint successful, but with 6 Warning(s) [in 0 ms] (/Game/VehicleAdvBP/Blueprints/VehicleBlueprint.VehicleBlueprint)
[2017.09.02-05.25.10:622][  0]LogAIModule: Creating AISystem for world LooptyLoopMap
[2017.09.02-05.25.10:638][  0]LogEditorServer: Finished looking for orphan Actors (0.000 secs)
[2017.09.02-05.25.10:656][  0]Cmd: MAP CHECKDEP NOCLEARLOG
[2017.09.02-05.25.10:695][  0]MapCheck: 情報 マップチェックが完了: 0 エラー、 0 警告、完了に 39.141ミリ秒かかりました。
[2017.09.02-05.25.10:695][  0]LogFileHelpers: Loading map 'LooptyLoopMap' took 1.158
[2017.09.02-05.25.10:755][  0]LogWindowsTextInputMethodSystem:Display: IME system now activated using TSF (Microsoft IME).
[2017.09.02-05.25.10:817][  0]LogCollectionManager: Loaded 0 collections in 0.000982 seconds
[2017.09.02-05.25.10:884][  0]LogFileCache: Scanning file cache for directory 'C:/Users/kengo maruyama/petitcon/Saved/Collections/' took 0.01s
[2017.09.02-05.25.10:884][  0]LogFileCache: Scanning file cache for directory 'C:/Users/kengo maruyama/petitcon/Content/Developers/kengomaruyama/Collections/' took 0.01s
[2017.09.02-05.25.10:884][  0]LogFileCache: Scanning file cache for directory 'C:/Users/kengo maruyama/petitcon/Content/Collections/' took 0.01s
[2017.09.02-05.25.10:884][  0]LogCollectionManager: Rebuilt the GUID cache for 0 collections in 0.000001 seconds
[2017.09.02-05.25.10:890][  0]LogContentBrowser: Native class hierarchy populated in 0.0062 seconds. Added 2342 classes and 498 folders.
[2017.09.02-05.25.10:937][  0]LogContentBrowser: Native class hierarchy updated for 'WidgetCarousel' in 0.0004 seconds. Added 0 classes and 0 folders.
[2017.09.02-05.25.10:959][  0]LogContentBrowser: Native class hierarchy updated for 'AddContentDialog' in 0.0004 seconds. Added 0 classes and 0 folders.
[2017.09.02-05.25.10:990][  0]LogContentBrowser: Native class hierarchy updated for 'SceneOutliner' in 0.0004 seconds. Added 1 classes and 2 folders.
[2017.09.02-05.25.11:072][  0]LogCrashTracker: Crashtracker disabled due to settings.
[2017.09.02-05.25.11:076][  0]LogSlate: Took 0.000185 seconds to synchronously load lazily loaded font '../../../Engine/Content/Slate/Fonts/Roboto-Regular.ttf' (155K)
[2017.09.02-05.25.11:079][  0]LogSlate: Took 0.002097 seconds to synchronously load lazily loaded font '../../../Engine/Content/Slate/Fonts/DroidSansFallback.ttf' (3848K)
[2017.09.02-05.25.11:079][  0]LogSlate: Took 0.000116 seconds to synchronously load lazily loaded font '../../../Engine/Content/Slate/Fonts/Roboto-Bold.ttf' (160K)
[2017.09.02-05.25.11:081][  0]LogSlate: Took 0.000118 seconds to synchronously load lazily loaded font '../../../Engine/Content/Editor/Slate/Fonts/FontAwesome.ttf' (139K)
[2017.09.02-05.25.11:144][  0]LogRenderer: Reallocating scene render targets to support 1108x584 NumSamples 1 (Frame:1).
[2017.09.02-05.25.11:225][  0]LogUObjectGlobals:Warning: オブジェクト 'Class なし.' が見つかりませんでした
[2017.09.02-05.25.11:278][  0]LogContentBrowser: Native class hierarchy updated for 'HierarchicalLODOutliner' in 0.0004 seconds. Added 1 classes and 2 folders.
[2017.09.02-05.25.11:278][  0]LogLoad: (Engine Initialization) Total time: 14.17 seconds
[2017.09.02-05.25.11:278][  0]LogLoad: (Engine Initialization) Total Blueprint compile time: 0.30 seconds
[2017.09.02-05.25.11:278][  0]LogExternalProfiler: No external profilers were discovered.  External profiling features will not be available.
[2017.09.02-05.25.11:290][  0]LogOcInput: OculusInput pre-init called
[2017.09.02-05.25.11:291][  0]LogRawInputWindows:Warning: Found device 0 devices
[2017.09.02-05.25.11:291][  0]LogRawInputWindows:Warning: Found device 0 devices
[2017.09.02-05.25.11:291][  0]LogRawInputWindows:Warning: Device was registered succesfully but not connected (Usage:4 UsagePage:1
[2017.09.02-05.25.11:291][  0]LogRawInputWindows:Warning: Found device 1 devices
[2017.09.02-05.25.11:291][  0]LogRawInputWindows:Warning: Device was registered succesfully but not connected (Usage:5 UsagePage:1
[2017.09.02-05.25.11:291][  0]LogHMD: Starting GearVRController plugin
[2017.09.02-05.25.11:308][  0]LogAssetRegistry: Asset discovery search completed in 8.5331 seconds
[2017.09.02-05.25.11:309][  0]LogCollectionManager: Rebuilt the object cache for 0 collections in 0.000000 seconds (found 0 objects)
[2017.09.02-05.25.11:309][  0]LogCollectionManager: Fixed up redirectors for 0 collections in 0.000022 seconds (updated 0 objects)
[2017.09.02-05.25.11:312][  0]LogContentStreaming: Texture pool size now 1000 MB
[2017.09.02-05.25.11:357][  0]LogSlate: Took 0.000112 seconds to synchronously load lazily loaded font '../../../Engine/Content/Slate/Fonts/Roboto-Light.ttf' (159K)
[2017.09.02-05.25.20:800][126]LogSlate: Took 0.000092 seconds to synchronously load lazily loaded font '../../../Engine/Content/Slate/Fonts/Roboto-Light.ttf' (159K)
[2017.09.02-05.25.20:899][126]LogAIModule: Creating AISystem for world Untitled
[2017.09.02-05.25.20:912][126]Cmd: MAP LOAD FILE="../../../../../../Users/kengo maruyama/petitcon/Content/VehicleAdvBP/Maps/Untitled.umap" TEMPLATE=0 SHOWPROGRESS=1 FEATURELEVEL=3
[2017.09.02-05.25.20:912][126]LightingResults: New page: ライティングのビルド
[2017.09.02-05.25.20:913][126]LoadErrors: New page: マップをロード中: Untitled.umap
[2017.09.02-05.25.20:914][126]MapCheck: New page: マップをチェック
[2017.09.02-05.25.20:914][126]LightingResults: New page: <何も選択されていません>
[2017.09.02-05.25.20:989][126]LogEditorServer: Finished looking for orphan Actors (0.000 secs)
[2017.09.02-05.25.21:013][126]Cmd: MAP CHECKDEP NOCLEARLOG
[2017.09.02-05.25.21:054][126]MapCheck: 情報 マップチェックが完了: 0 エラー、 0 警告、完了に 41.921ミリ秒かかりました。
[2017.09.02-05.25.21:055][126]LogFileHelpers: Loading map 'Untitled' took 0.143
[2017.09.02-05.25.38:342][171]LogTexture:Display: Building textures: Texture2D_2 (G8, 128X128)
[2017.09.02-05.25.58:702][595]Cmd: TRANSACTION UNDO
[2017.09.02-05.25.58:702][595]LogEditorTransaction: Undo ランドスケープ編集: スカルプト   
[2017.09.02-05.25.58:728][595]LogTexture:Display: Building textures: Texture2D_1 (BGRA8, 512X512)
[2017.09.02-05.25.58:786][595]LogSlate: Took 0.000132 seconds to synchronously load lazily loaded font '../../../Engine/Content/Slate/Fonts/Roboto-Light.ttf' (159K)
[2017.09.02-05.26.06:408][493]LogEditorViewport: Clicking on Actor (double click): Landscape (Landscape1)
[2017.09.02-05.26.09:171][816]Cmd: TRANSACTION UNDO
[2017.09.02-05.26.09:171][816]LogEditorTransaction: Undo ランドスケープ編集: スカルプト   
[2017.09.02-05.26.09:196][816]LogTexture:Display: Building textures: Texture2D_1 (BGRA8, 512X512)
[2017.09.02-05.26.10:989][ 25]Cmd: TRANSACTION UNDO
[2017.09.02-05.26.10:989][ 25]LogEditorTransaction: Undo ランドスケープ編集: スカルプト   
[2017.09.02-05.26.11:016][ 25]LogTexture:Display: Building textures: Texture2D_1 (BGRA8, 512X512)
[2017.09.02-05.26.11:564][ 83]Cmd: TRANSACTION UNDO
[2017.09.02-05.26.11:564][ 83]LogEditorTransaction: Undo アクタをクリックする（ダブルクリック）
[2017.09.02-05.26.12:227][ 85]Cmd: TRANSACTION UNDO
[2017.09.02-05.26.12:227][ 85]LogEditorTransaction: Undo ランドスケープ編集: スカルプト   
[2017.09.02-05.26.12:373][ 85]LogTexture:Display: Building textures: Texture2D_1 (BGRA8, 512X512)
[2017.09.02-05.26.13:128][148]Cmd: TRANSACTION UNDO
[2017.09.02-05.26.13:128][148]LogEditorTransaction: Undo ランドスケープ編集: スカルプト   
[2017.09.02-05.26.13:154][148]LogTexture:Display: Building textures: Texture2D_1 (BGRA8, 512X512)
[2017.09.02-05.26.13:626][199]Cmd: TRANSACTION UNDO
[2017.09.02-05.26.13:626][199]LogEditorTransaction: Undo ランドスケープ編集: スカルプト   
[2017.09.02-05.26.13:651][199]LogTexture:Display: Building textures: Texture2D_1 (BGRA8, 512X512)
[2017.09.02-05.26.14:171][255]Cmd: TRANSACTION UNDO
[2017.09.02-05.26.14:171][255]LogEditorTransaction: Undo ランドスケープ編集: スカルプト   
[2017.09.02-05.26.14:197][255]LogTexture:Display: Building textures: Texture2D_1 (BGRA8, 512X512)
[2017.09.02-05.26.14:785][320]Cmd: TRANSACTION UNDO
[2017.09.02-05.26.14:785][320]LogEditorTransaction: Undo ランドスケープ編集: スカルプト   
[2017.09.02-05.26.14:810][320]LogTexture:Display: Building textures: Texture2D_1 (BGRA8, 512X512)
[2017.09.02-05.26.15:223][364]Cmd: TRANSACTION UNDO
[2017.09.02-05.26.15:223][364]LogEditorTransaction: Undo ランドスケープ編集: スカルプト   
[2017.09.02-05.26.15:248][364]LogTexture:Display: Building textures: Texture2D_1 (BGRA8, 512X512)
[2017.09.02-05.26.15:787][423]Cmd: TRANSACTION UNDO
[2017.09.02-05.26.15:787][423]LogEditorTransaction: Undo ランドスケープ編集: スカルプト   
[2017.09.02-05.26.15:813][423]LogTexture:Display: Building textures: Texture2D_1 (BGRA8, 512X512)
[2017.09.02-05.30.16:661][830]Cmd: OBJ SAVEPACKAGE PACKAGE="/Game/VehicleAdvBP/Maps/Untitled" FILE="../../../../../../Users/kengo maruyama/petitcon/Content/VehicleAdvBP/Maps/Untitled.umap" SILENT=true AUTOSAVING=false KEEPDIRTY=false
[2017.09.02-05.30.16:676][830]LogTexture:Display: Building textures: Texture2D_1 (BGRA8, 512X512)
[2017.09.02-05.30.17:047][830]LogSavePackage: Save=373.45ms
[2017.09.02-05.30.17:047][830]LogSavePackage: Moving '../../../../../../Users/kengo maruyama/petitcon/Saved/UntitledF689C36948B83C5018E948AEA61AB49B.tmp' to '../../../../../../Users/kengo maruyama/petitcon/Content/VehicleAdvBP/Maps/Untitled.umap'
[2017.09.02-05.30.17:050][830]LogSavePackage:Display: Finished SavePackage ../../../../../../Users/kengo maruyama/petitcon/Content/VehicleAdvBP/Maps/Untitled.umap
[2017.09.02-05.30.18:830][ 38]LogTemp: Repeting last play command: 新規エディタウィンドウ (PIE)
[2017.09.02-05.30.18:865][ 38]LogPlayLevel: PlayLevel: No blueprints needed recompiling
[2017.09.02-05.30.18:866][ 38]PIE: New page: PIEセッション: Untitled (2017/09/02 23:30:18)
[2017.09.02-05.30.18:866][ 38]LogPlayLevel: Creating play world package: /Game/VehicleAdvBP/Maps/UEDPIE_0_Untitled
[2017.09.02-05.30.18:901][ 38]LogPlayLevel: PIE: StaticDuplicateObject took: (0.035626s)
[2017.09.02-05.30.18:902][ 38]LogAIModule: Creating AISystem for world Untitled
[2017.09.02-05.30.18:902][ 38]LogPlayLevel: PIE: World Init took: (0.000667s)
[2017.09.02-05.30.18:902][ 38]LogPlayLevel: PIE: Created PIE world by copying editor world from /Game/VehicleAdvBP/Maps/Untitled.Untitled to /Game/VehicleAdvBP/Maps/UEDPIE_0_Untitled.Untitled (0.036446s)
[2017.09.02-05.30.18:931][ 38]LogInit: XAudio2 using 'スピーカー (Realtek High Definition Audio)' : 2 channels at 48 kHz using 32 bits per sample (channel mask 0x3)
[2017.09.02-05.30.18:939][ 38]LogInit: FAudioDevice initialized.
[2017.09.02-05.30.19:003][ 38]LogLoad: Game class is 'VehicleAdvGameMode_C'
[2017.09.02-05.30.19:011][ 38]LogWorld: Bringing World /Game/VehicleAdvBP/Maps/UEDPIE_0_Untitled.Untitled up for play (max tick rate 0) at 2017.09.02-14.30.19
[2017.09.02-05.30.19:011][ 38]LogWorld: Bringing up level for play took: 0.004139
[2017.09.02-05.30.19:042][ 38]LogContentBrowser: Native class hierarchy updated for 'MovieSceneCapture' in 0.0004 seconds. Added 11 classes and 0 folders.
[2017.09.02-05.30.19:049][ 38]PIE: 情報 /Game/VehicleAdvBP/Maps/UEDPIE_0_Untitled 0.569のプレイ イン エディタの開始時間
[2017.09.02-05.30.19:115][ 38]LogRenderer: Reallocating scene render targets to support 1292x756 NumSamples 1 (Frame:1).
[2017.09.02-05.31.17:316][979]Cmd: TRANSACTION UNDO
[2017.09.02-05.31.17:316][979]LogEditorTransaction: Undo ランドスケープ編集: スカルプト   
[2017.09.02-05.31.17:344][979]LogTexture:Display: Building textures: Texture2D_1 (BGRA8, 512X512)
[2017.09.02-05.31.17:718][ 18]Cmd: TRANSACTION UNDO
[2017.09.02-05.31.17:718][ 18]LogEditorTransaction: Undo ランドスケープ編集: スカルプト   
[2017.09.02-05.31.17:745][ 18]LogTexture:Display: Building textures: Texture2D_1 (BGRA8, 512X512)
[2017.09.02-05.31.45:959][367]Cmd: TRANSACTION UNDO
[2017.09.02-05.31.45:959][367]LogEditorTransaction: Undo ランドスケープ編集: スカルプト   
[2017.09.02-05.31.45:987][367]LogTexture:Display: Building textures: Texture2D_1 (BGRA8, 512X512)
[2017.09.02-05.32.09:832][195]Cmd: TRANSACTION UNDO
[2017.09.02-05.32.09:832][195]LogEditorTransaction: Undo ベクタープロパティを設定
[2017.09.02-05.32.13:983][689]Cmd: TRANSACTION UNDO
[2017.09.02-05.32.13:983][689]LogEditorTransaction: Undo ベクタープロパティを設定
[2017.09.02-05.32.20:332][443]LogEditorViewport: Clicking on Actor (LMB): Landscape (Landscape1)
[2017.09.02-05.32.24:828][977]Cmd: TRANSACTION UNDO
[2017.09.02-05.32.24:828][977]LogEditorTransaction: Undo アクタをクリック
[2017.09.02-05.32.25:344][ 36]Cmd: TRANSACTION UNDO
[2017.09.02-05.32.25:344][ 36]LogEditorTransaction: Undo ベクタープロパティを設定
[2017.09.02-05.32.27:306][266]LogEditorViewport: Clicking on Actor (LMB): Landscape (Landscape1)
[2017.09.02-05.33.48:858][960]Cmd: OBJ SAVEPACKAGE PACKAGE="/Game/VehicleAdvBP/Maps/Untitled" FILE="../../../../../../Users/kengo maruyama/petitcon/Content/VehicleAdvBP/Maps/Untitled.umap" SILENT=true AUTOSAVING=false KEEPDIRTY=false
[2017.09.02-05.33.48:926][960]LogTexture:Display: Building textures: Texture2D_1 (BGRA8, 512X512)
[2017.09.02-05.33.49:239][960]LogSavePackage: Save=370.86ms
[2017.09.02-05.33.49:239][960]LogSavePackage: Moving '../../../../../../Users/kengo maruyama/petitcon/Saved/Untitled47EC096F427C3115835785B50AA07069.tmp' to '../../../../../../Users/kengo maruyama/petitcon/Content/VehicleAdvBP/Maps/Untitled.umap'
[2017.09.02-05.33.49:240][960]LogSavePackage:Display: Finished SavePackage ../../../../../../Users/kengo maruyama/petitcon/Content/VehicleAdvBP/Maps/Untitled.umap
[2017.09.02-05.33.51:491][225]LogActorComponent: UnregisterComponent: (/Engine/Transient.SphereBrushComponent) Not registered. Aborting.
[2017.09.02-05.38.21:965][560]LogRenderer: Reallocating scene render targets to support 1512x924 NumSamples 1 (Frame:1).
[2017.09.02-05.39.43:016][120]LogTemp: Repeting last play command: 新規エディタウィンドウ (PIE)
[2017.09.02-05.39.43:026][120]LogPlayLevel: PlayLevel: No blueprints needed recompiling
[2017.09.02-05.39.43:026][120]PIE: New page: PIEセッション: Untitled (2017/09/02 23:39:43)
[2017.09.02-05.39.43:026][120]LogPlayLevel: Creating play world package: /Game/VehicleAdvBP/Maps/UEDPIE_0_Untitled
[2017.09.02-05.39.43:060][120]LogPlayLevel: PIE: StaticDuplicateObject took: (0.034112s)
[2017.09.02-05.39.43:061][120]LogAIModule: Creating AISystem for world Untitled
[2017.09.02-05.39.43:061][120]LogPlayLevel: PIE: World Init took: (0.000550s)
[2017.09.02-05.39.43:061][120]LogPlayLevel: PIE: Created PIE world by copying editor world from /Game/VehicleAdvBP/Maps/Untitled.Untitled to /Game/VehicleAdvBP/Maps/UEDPIE_0_Untitled.Untitled (0.034802s)
[2017.09.02-05.39.43:073][120]LogInit: XAudio2 using 'スピーカー (Realtek High Definition Audio)' : 2 channels at 48 kHz using 32 bits per sample (channel mask 0x3)
[2017.09.02-05.39.43:081][120]LogInit: FAudioDevice initialized.
[2017.09.02-05.39.43:128][120]LogLoad: Game class is 'VehicleAdvGameMode_C'
[2017.09.02-05.39.43:135][120]LogWorld: Bringing World /Game/VehicleAdvBP/Maps/UEDPIE_0_Untitled.Untitled up for play (max tick rate 0) at 2017.09.02-14.39.43
[2017.09.02-05.39.43:135][120]LogWorld: Bringing up level for play took: 0.004229
[2017.09.02-05.39.43:142][120]PIE: 情報 /Game/VehicleAdvBP/Maps/UEDPIE_0_Untitled 0.662のプレイ イン エディタの開始時間
[2017.09.02-05.41.52:470][565]LogActorComponent: UnregisterComponent: (/Engine/Transient.SphereBrushComponent) Not registered. Aborting.
[2017.09.02-05.45.51:948][339]LogTexture:Display: Building textures: Texture2D_1 (BGRA8, 512X512)
[2017.09.02-05.45.52:258][339]LogSavePackage: Save=378.18ms
[2017.09.02-05.45.52:258][339]LogSavePackage: Moving '../../../../../../Users/kengo maruyama/petitcon/Saved/Untitled_Auto1A532E95E405943321531DCB0D41CE3B2.tmp' to '../../../../../../Users/kengo maruyama/petitcon/Saved/Autosaves/Game/VehicleAdvBP/Maps/Untitled_Auto1.umap'
[2017.09.02-05.45.52:261][339]LogSavePackage:Display: Finished SavePackage ../../../../../../Users/kengo maruyama/petitcon/Saved/Autosaves/Game/VehicleAdvBP/Maps/Untitled_Auto1.umap
[2017.09.02-05.45.52:262][339]LogFileHelpers: Editor autosave (incl. sublevels) for '/Game/VehicleAdvBP/Maps/Untitled' took 0.419
[2017.09.02-05.45.52:262][339]LogFileHelpers: Editor autosave (incl. sublevels) for all levels took 0.419
[2017.09.02-05.51.55:334][600]Cmd: OBJ SAVEPACKAGE PACKAGE="/Game/VehicleAdvBP/Maps/Untitled" FILE="../../../../../../Users/kengo maruyama/petitcon/Content/VehicleAdvBP/Maps/Untitled.umap" SILENT=true AUTOSAVING=false KEEPDIRTY=false
[2017.09.02-05.51.55:710][600]LogSavePackage: Save=364.41ms
[2017.09.02-05.51.55:710][600]LogSavePackage: Moving '../../../../../../Users/kengo maruyama/petitcon/Saved/UntitledF9760C514C29B50B02E64180DB1844BD.tmp' to '../../../../../../Users/kengo maruyama/petitcon/Content/VehicleAdvBP/Maps/Untitled.umap'
[2017.09.02-05.51.55:713][600]LogSavePackage:Display: Finished SavePackage ../../../../../../Users/kengo maruyama/petitcon/Content/VehicleAdvBP/Maps/Untitled.umap
[2017.09.02-05.51.55:739][600]LogFileHelpers: Saving map 'Untitled' took 0.454
[2017.09.02-05.51.56:806][698]Cmd: QUIT_EDITOR
[2017.09.02-05.51.56:808][698]LogActorComponent: UnregisterComponent: (/Engine/Transient.SphereBrushComponent) Not registered. Aborting.
[2017.09.02-05.51.57:177][698]LogWindowsTextInputMethodSystem:Display: IME system now activated using TSF (Microsoft IME).
[2017.09.02-05.51.57:193][698]LogExit: Preparing to exit.
[2017.09.02-05.51.58:287][698]LogDirectoryWatcher: A directory notification for 'C:/Users/kengo maruyama/petitcon/Content/' was aborted.
[2017.09.02-05.51.58:311][698]LogExit: Editor shut down
[2017.09.02-05.51.58:317][698]LogExit: Transaction tracking system shut down
[2017.09.02-05.51.58:370][698]LogObj: Freed 0b from 0 cluster array pools.
[2017.09.02-05.51.58:370][698]LogExit: Object subsystem successfully closed.
[2017.09.02-05.51.58:389][698]LogD3D11RHI: Shutdown
[2017.09.02-05.51.58:389][698]LogD3D11RHI: CleanupD3DDevice
[2017.09.02-05.51.58:452][698]LogD3D11RHI: ~FD3D11DynamicRHI
[2017.09.02-05.51.58:462][698]LogModuleManager: Shutting down and abandoning module StaticMeshEditor (532)
[2017.09.02-05.51.58:462][698]LogModuleManager: Shutting down and abandoning module MovieSceneCapture (530)
[2017.09.02-05.51.58:462][698]LogModuleManager: Shutting down and abandoning module HierarchicalLODOutliner (528)
[2017.09.02-05.51.58:462][698]LogModuleManager: Shutting down and abandoning module CrashTracker (526)
[2017.09.02-05.51.58:462][698]LogModuleManager: Shutting down and abandoning module SceneOutliner (524)
[2017.09.02-05.51.58:462][698]LogModuleManager: Shutting down and abandoning module AddContentDialog (522)
[2017.09.02-05.51.58:462][698]LogDirectoryWatcher: A directory notification for 'C:/Program Files/Epic Games/UE_4.16/FeaturePacks/' was aborted.
[2017.09.02-05.51.58:463][698]LogModuleManager: Shutting down and abandoning module WidgetCarousel (521)
[2017.09.02-05.51.58:463][698]LogModuleManager: Shutting down and abandoning module EditorWidgets (518)
[2017.09.02-05.51.58:463][698]LogModuleManager: Shutting down and abandoning module CollectionManager (516)
[2017.09.02-05.51.58:463][698]LogDirectoryWatcher: A directory notification for 'C:/Users/kengo maruyama/petitcon/Content/Collections/' was aborted.
[2017.09.02-05.51.58:463][698]LogDirectoryWatcher: A directory notification for 'C:/Users/kengo maruyama/petitcon/Content/Developers/kengomaruyama/Collections/' was aborted.
[2017.09.02-05.51.58:463][698]LogDirectoryWatcher: A directory notification for 'C:/Users/kengo maruyama/petitcon/Saved/Collections/' was aborted.
[2017.09.02-05.51.58:463][698]LogModuleManager: Shutting down and abandoning module StatsViewer (514)
[2017.09.02-05.51.58:463][698]LogModuleManager: Shutting down and abandoning module FoliageEdit (512)
[2017.09.02-05.51.58:463][698]LogModuleManager: Shutting down and abandoning module LandscapeEditor (510)
[2017.09.02-05.51.58:463][698]LogModuleManager: Shutting down and abandoning module MeshPaintMode (508)
[2017.09.02-05.51.58:463][698]LogModuleManager: Shutting down and abandoning module SceneDepthPickerMode (506)
[2017.09.02-05.51.58:463][698]LogModuleManager: Shutting down and abandoning module ActorPickerMode (504)
[2017.09.02-05.51.58:463][698]LogModuleManager: Shutting down and abandoning module GeometryMode (502)
[2017.09.02-05.51.58:463][698]LogModuleManager: Shutting down and abandoning module TextureAlignMode (500)
[2017.09.02-05.51.58:463][698]LogModuleManager: Shutting down and abandoning module BspMode (498)
[2017.09.02-05.51.58:463][698]LogModuleManager: Shutting down and abandoning module HardwareSurvey (496)
[2017.09.02-05.51.58:463][698]LogModuleManager: Shutting down and abandoning module SequenceRecorderSections (494)
[2017.09.02-05.51.58:463][698]LogModuleManager: Shutting down and abandoning module AutomationWorker (492)
[2017.09.02-05.51.58:463][698]LogModuleManager: Shutting down and abandoning module MatineeToLevelSequence (490)
[2017.09.02-05.51.58:463][698]LogModuleManager: Shutting down and abandoning module LevelSequenceEditor (488)
[2017.09.02-05.51.58:463][698]LogModuleManager: Shutting down and abandoning module PlacementMode (487)
[2017.09.02-05.51.58:463][698]LogModuleManager: Shutting down and abandoning module WmfMediaFactory (484)
[2017.09.02-05.51.58:463][698]LogModuleManager: Shutting down and abandoning module WmfMediaEditor (482)
[2017.09.02-05.51.58:463][698]LogModuleManager: Shutting down and abandoning module AvfMediaFactory (480)
[2017.09.02-05.51.58:463][698]LogModuleManager: Shutting down and abandoning module AvfMediaEditor (478)
[2017.09.02-05.51.58:463][698]LogModuleManager: Shutting down and abandoning module AndroidMediaFactory (476)
[2017.09.02-05.51.58:463][698]LogModuleManager: Shutting down and abandoning module Media (475)
[2017.09.02-05.51.58:463][698]LogModuleManager: Shutting down and abandoning module AndroidMediaEditor (472)
[2017.09.02-05.51.58:463][698]LogModuleManager: Shutting down and abandoning module CharacterAI (470)
[2017.09.02-05.51.58:463][698]LogModuleManager: Shutting down and abandoning module AudioCapture (468)
[2017.09.02-05.51.58:463][698]LogModuleManager: Shutting down and abandoning module SequenceRecorder (467)
[2017.09.02-05.51.58:463][698]LogModuleManager: Shutting down and abandoning module SmartSnapping (464)
[2017.09.02-05.51.58:463][698]LogModuleManager: Shutting down and abandoning module SessionServices (462)
[2017.09.02-05.51.58:463][698]LogModuleManager: Shutting down and abandoning module ViewportSnapping (460)
[2017.09.02-05.51.58:463][698]LogModuleManager: Shutting down and abandoning module ViewportInteraction (458)
[2017.09.02-05.51.58:463][698]LogModuleManager: Shutting down and abandoning module ClothPainter (456)
[2017.09.02-05.51.58:463][698]LogModuleManager: Shutting down and abandoning module LogVisualizer (454)
[2017.09.02-05.51.58:463][698]LogModuleManager: Shutting down and abandoning module IntroTutorials (452)
[2017.09.02-05.51.58:463][698]LogModuleManager: Shutting down and abandoning module GameProjectGeneration (451)
[2017.09.02-05.51.58:463][698]LogModuleManager: Shutting down and abandoning module EditorLiveStreaming (448)
[2017.09.02-05.51.58:463][698]LogModuleManager: Shutting down and abandoning module IOSPlatformEditor (446)
[2017.09.02-05.51.58:463][698]LogModuleManager: Shutting down and abandoning module HTML5PlatformEditor (444)
[2017.09.02-05.51.58:463][698]LogModuleManager: Shutting down and abandoning module AndroidPlatformEditor (442)
[2017.09.02-05.51.58:463][698]LogModuleManager: Shutting down and abandoning module AndroidDeviceDetection (441)
[2017.09.02-05.51.58:931][698]LogModuleManager: Shutting down and abandoning module IOSRuntimeSettings (438)
[2017.09.02-05.51.58:931][698]LogModuleManager: Shutting down and abandoning module AndroidRuntimeSettings (436)
[2017.09.02-05.51.58:931][698]LogModuleManager: Shutting down and abandoning module InputBindingEditor (434)
[2017.09.02-05.51.58:931][698]LogModuleManager: Shutting down and abandoning module MergeActors (432)
[2017.09.02-05.51.58:931][698]LogModuleManager: Shutting down and abandoning module SizeMap (430)
[2017.09.02-05.51.58:931][698]LogModuleManager: Shutting down and abandoning module TreeMap (428)
[2017.09.02-05.51.58:931][698]LogModuleManager: Shutting down and abandoning module ReferenceViewer (426)
[2017.09.02-05.51.58:931][698]LogModuleManager: Shutting down and abandoning module LocalizationDashboard (424)
[2017.09.02-05.51.58:931][698]LogModuleManager: Shutting down and abandoning module LocalizationService (423)
[2017.09.02-05.51.58:931][698]LogModuleManager: Shutting down and abandoning module HardwareTargeting (420)
[2017.09.02-05.51.58:931][698]LogModuleManager: Shutting down and abandoning module DeviceProfileEditor (418)
[2017.09.02-05.51.58:931][698]LogModuleManager: Shutting down and abandoning module UndoHistory (416)
[2017.09.02-05.51.58:931][698]LogModuleManager: Shutting down and abandoning module UserFeedback (414)
[2017.09.02-05.51.58:931][698]LogModuleManager: Shutting down and abandoning module XmlParser (412)
[2017.09.02-05.51.58:931][698]LogModuleManager: Shutting down and abandoning module Blutility (410)
[2017.09.02-05.51.58:931][698]LogModuleManager: Shutting down and abandoning module ProjectSettingsViewer (408)
[2017.09.02-05.51.58:931][698]LogModuleManager: Shutting down and abandoning module ProjectTargetPlatformEditor (407)
[2017.09.02-05.51.58:931][698]LogModuleManager: Shutting down and abandoning module EditorSettingsViewer (404)
[2017.09.02-05.51.58:931][698]LogModuleManager: Shutting down and abandoning module SettingsEditor (402)
[2017.09.02-05.51.58:931][698]LogModuleManager: Shutting down and abandoning module ProjectLauncher (400)
[2017.09.02-05.51.58:931][698]LogModuleManager: Shutting down and abandoning module SessionFrontend (398)
[2017.09.02-05.51.58:931][698]LogModuleManager: Shutting down and abandoning module ProfilerClient (396)
[2017.09.02-05.51.58:931][698]LogModuleManager: Shutting down and abandoning module DeviceManager (394)
[2017.09.02-05.51.58:931][698]LogModuleManager: Shutting down and abandoning module TargetDeviceServices (393)
[2017.09.02-05.51.58:985][698]LogModuleManager: Shutting down and abandoning module AutomationController (390)
[2017.09.02-05.51.58:985][698]LogModuleManager: Shutting down and abandoning module AutomationWindow (388)
[2017.09.02-05.51.58:985][698]LogModuleManager: Shutting down and abandoning module Layers (386)
[2017.09.02-05.51.58:985][698]LogModuleManager: Shutting down and abandoning module ComponentVisualizers (384)
[2017.09.02-05.51.58:985][698]LogModuleManager: Shutting down and abandoning module DetailCustomizations (382)
[2017.09.02-05.51.58:985][698]LogModuleManager: Shutting down and abandoning module PackagesDialog (380)
[2017.09.02-05.51.58:985][698]LogModuleManager: Shutting down and abandoning module Persona (378)
[2017.09.02-05.51.58:985][698]LogModuleManager: Shutting down and abandoning module AdvancedPreviewScene (377)
[2017.09.02-05.51.58:985][698]LogModuleManager: Shutting down and abandoning module AnimGraph (375)
[2017.09.02-05.51.58:985][698]LogModuleManager: Shutting down and abandoning module Kismet (372)
[2017.09.02-05.51.58:986][698]LogModuleManager: Shutting down and abandoning module ClassViewer (370)
[2017.09.02-05.51.58:986][698]LogModuleManager: Shutting down and abandoning module Toolbox (368)
[2017.09.02-05.51.58:986][698]LogModuleManager: Shutting down and abandoning module ModuleUI (366)
[2017.09.02-05.51.58:986][698]LogModuleManager: Shutting down and abandoning module MovieSceneTools (364)
[2017.09.02-05.51.58:986][698]LogModuleManager: Shutting down and abandoning module OutputLog (362)
[2017.09.02-05.51.58:986][698]LogModuleManager: Shutting down and abandoning module GammaUI (360)
[2017.09.02-05.51.58:986][698]LogModuleManager: Shutting down and abandoning module Documentation (358)
[2017.09.02-05.51.58:986][698]LogModuleManager: Shutting down and abandoning module MovieSceneTracks (356)
[2017.09.02-05.51.58:986][698]LogModuleManager: Shutting down and abandoning module MovieScene (354)
[2017.09.02-05.51.58:986][698]LogModuleManager: Shutting down and abandoning module Niagara (352)
[2017.09.02-05.51.58:986][698]LogModuleManager: Shutting down and abandoning module NiagaraEditor (351)
[2017.09.02-05.51.58:986][698]LogModuleManager: Shutting down and abandoning module StreamingPauseRendering (348)
[2017.09.02-05.51.58:986][698]LogModuleManager: Shutting down and abandoning module AnalyticsET (346)
[2017.09.02-05.51.58:986][698]LogModuleManager: Shutting down and abandoning module PortalServices (344)
[2017.09.02-05.51.58:986][698]LogModuleManager: Shutting down and abandoning module PortalRpc (342)
[2017.09.02-05.51.58:986][698]LogModuleManager: Shutting down and abandoning module MessagingRpc (340)
[2017.09.02-05.51.58:986][698]LogModuleManager: Shutting down and abandoning module AIModule (338)
[2017.09.02-05.51.58:986][698]LogModuleManager: Shutting down and abandoning module GameplayDebugger (337)
[2017.09.02-05.51.58:986][698]LogModuleManager: Shutting down and abandoning module AITestSuite (335)
[2017.09.02-05.51.58:986][698]LogModuleManager: Shutting down and abandoning module ProfilerService (332)
[2017.09.02-05.51.59:201][698]LogModuleManager: Shutting down and abandoning module TaskGraph (330)
[2017.09.02-05.51.59:201][698]LogModuleManager: Shutting down and abandoning module SteamVRController (328)
[2017.09.02-05.51.59:202][698]LogModuleManager: Shutting down and abandoning module SteamVR (326)
[2017.09.02-05.51.59:202][698]LogModuleManager: Shutting down and abandoning module ProceduralMeshComponentEditor (324)
[2017.09.02-05.51.59:202][698]LogModuleManager: Shutting down and abandoning module ProceduralMeshComponent (322)
[2017.09.02-05.51.59:202][698]LogModuleManager: Shutting down and abandoning module OculusLibrary (320)
[2017.09.02-05.51.59:202][698]LogModuleManager: Shutting down and abandoning module OculusInput (318)
[2017.09.02-05.51.59:202][698]LogModuleManager: Shutting down and abandoning module MobilePatchingUtils (316)
[2017.09.02-05.51.59:202][698]LogModuleManager: Shutting down and abandoning module CustomMeshComponent (314)
[2017.09.02-05.51.59:202][698]LogModuleManager: Shutting down and abandoning module CableComponent (312)
[2017.09.02-05.51.59:202][698]LogModuleManager: Shutting down and abandoning module ArchVisCharacter (310)
[2017.09.02-05.51.59:202][698]LogModuleManager: Shutting down and abandoning module AndroidPermission (308)
[2017.09.02-05.51.59:202][698]LogModuleManager: Shutting down and abandoning module MediaPlayerEditor (304)
[2017.09.02-05.51.59:202][698]LogModuleManager: Shutting down and abandoning module IM4U (302)
[2017.09.02-05.51.59:202][698]LogModuleManager: Shutting down and abandoning module RawInput (300)
[2017.09.02-05.51.59:202][698]LogModuleManager: Shutting down and abandoning module HTML5Networking (298)
[2017.09.02-05.51.59:202][698]LogModuleManager: Shutting down and abandoning module AlembicImporter (296)
[2017.09.02-05.51.59:202][698]LogModuleManager: Shutting down and abandoning module AlembicLibrary (295)
[2017.09.02-05.51.59:202][698]LogModuleManager: Shutting down and abandoning module GeometryCache (294)
[2017.09.02-05.51.59:202][698]LogModuleManager: Shutting down and abandoning module GeometryCacheEd (293)
[2017.09.02-05.51.59:202][698]LogModuleManager: Shutting down and abandoning module SuperSearchEditor (288)
[2017.09.02-05.51.59:202][698]LogModuleManager: Shutting down and abandoning module SuperSearch (287)
[2017.09.02-05.51.59:202][698]LogModuleManager: Shutting down and abandoning module SpeedTreeImporter (284)
[2017.09.02-05.51.59:202][698]LogModuleManager: Shutting down and abandoning module PluginBrowser (282)
[2017.09.02-05.51.59:202][698]LogModuleManager: Shutting down and abandoning module MobileLauncherProfileWizard (280)
[2017.09.02-05.51.59:202][698]LogModuleManager: Shutting down and abandoning module VisualStudioSourceCodeAccess (278)
[2017.09.02-05.51.59:202][698]LogModuleManager: Shutting down and abandoning module DesktopPlatform (277)
[2017.09.02-05.51.59:202][698]LogModuleManager: Shutting down and abandoning module UObjectPlugin (274)
[2017.09.02-05.51.59:202][698]LogModuleManager: Shutting down and abandoning module SubversionSourceControl (272)
[2017.09.02-05.51.59:202][698]LogModuleManager: Shutting down and abandoning module PerforceSourceControl (270)
[2017.09.02-05.51.59:202][698]LogModuleManager: Shutting down and abandoning module GitSourceControl (268)
[2017.09.02-05.51.59:202][698]LogModuleManager: Shutting down and abandoning module SourceControl (267)
[2017.09.02-05.51.59:202][698]LogModuleManager: Shutting down and abandoning module LightPropagationVolumeEditor (264)
[2017.09.02-05.51.59:202][698]LogModuleManager: Shutting down and abandoning module PaperTiledImporter (262)
[2017.09.02-05.51.59:202][698]LogModuleManager: Shutting down and abandoning module PaperSpriteSheetImporter (260)
[2017.09.02-05.51.59:202][698]LogModuleManager: Shutting down and abandoning module Paper2DEditor (258)
[2017.09.02-05.51.59:202][698]LogModuleManager: Shutting down and abandoning module MeshPaint (257)
[2017.09.02-05.51.59:202][698]LogModuleManager: Shutting down and abandoning module LevelEditor (255)
[2017.09.02-05.51.59:202][698]LogModuleManager: Shutting down and abandoning module PixelInspectorModule (254)
[2017.09.02-05.51.59:202][698]LogModuleManager: Shutting down and abandoning module MainFrame (252)
[2017.09.02-05.51.59:203][698]LogModuleManager: Shutting down and abandoning module HotReload (251)
[2017.09.02-05.51.59:203][698]LogModuleManager: Shutting down and abandoning module PhysXVehiclesEditor (246)
[2017.09.02-05.51.59:203][698]LogModuleManager: Shutting down and abandoning module PhysXVehicles (244)
[2017.09.02-05.51.59:203][698]LogModuleManager: Shutting down and abandoning module LocationServicesBPLibrary (242)
[2017.09.02-05.51.59:203][698]LogModuleManager: Shutting down and abandoning module ImmediatePhysicsEditor (240)
[2017.09.02-05.51.59:203][698]LogModuleManager: Shutting down and abandoning module ImmediatePhysics (238)
[2017.09.02-05.51.59:203][698]LogModuleManager: Shutting down and abandoning module UdpMessaging (236)
[2017.09.02-05.51.59:303][698]LogModuleManager: Shutting down and abandoning module TcpMessaging (234)
[2017.09.02-05.51.59:404][698]LogModuleManager: Shutting down and abandoning module GameplayTagsEditor (232)
[2017.09.02-05.51.59:404][698]LogModuleManager: Shutting down and abandoning module FacialAnimationEditor (230)
[2017.09.02-05.51.59:404][698]LogModuleManager: Shutting down and abandoning module FacialAnimation (228)
[2017.09.02-05.51.59:404][698]LogModuleManager: Shutting down and abandoning module AssetManagerEditor (226)
[2017.09.02-05.51.59:404][698]LogModuleManager: Shutting down and abandoning module GraphEditor (225)
[2017.09.02-05.51.59:404][698]LogModuleManager: Shutting down and abandoning module ContentBrowser (223)
[2017.09.02-05.51.59:404][698]LogModuleManager: Shutting down and abandoning module LightPropagationVolumeRuntime (220)
[2017.09.02-05.51.59:404][698]LogModuleManager: Shutting down and abandoning module Paper2D (218)
[2017.09.02-05.51.59:404][698]LogModuleManager: Shutting down and abandoning module WindowsMoviePlayer (216)
[2017.09.02-05.51.59:404][698]LogModuleManager: Shutting down and abandoning module WmfMedia (214)
[2017.09.02-05.51.59:404][698]LogModuleManager: Shutting down and abandoning module ClothingSystemEditor (212)
[2017.09.02-05.51.59:404][698]LogModuleManager: Shutting down and abandoning module ClothingSystemRuntime (210)
[2017.09.02-05.51.59:404][698]LogModuleManager: Shutting down and abandoning module MediaAssets (208)
[2017.09.02-05.51.59:404][698]LogModuleManager: Shutting down and abandoning module GameLiveStreaming (206)
[2017.09.02-05.51.59:405][698]LogModuleManager: Shutting down and abandoning module VREditor (204)
[2017.09.02-05.51.59:405][698]LogModuleManager: Shutting down and abandoning module StringTableEditor (202)
[2017.09.02-05.51.59:405][698]LogModuleManager: Shutting down and abandoning module GameplayTasksEditor (200)
[2017.09.02-05.51.59:405][698]LogModuleManager: Shutting down and abandoning module BehaviorTreeEditor (198)
[2017.09.02-05.51.59:405][698]LogModuleManager: Shutting down and abandoning module FunctionalTesting (196)
[2017.09.02-05.51.59:405][698]LogModuleManager: Shutting down and abandoning module CollisionAnalyzer (194)
[2017.09.02-05.51.59:405][698]LogModuleManager: Shutting down and abandoning module UMG (192)
[2017.09.02-05.51.59:405][698]LogModuleManager: Shutting down and abandoning module UMGEditor (191)
[2017.09.02-05.51.59:405][698]LogModuleManager: Shutting down and abandoning module Sequencer (190)
[2017.09.02-05.51.59:405][698]LogModuleManager: Shutting down and abandoning module AssetTools (188)
[2017.09.02-05.51.59:405][698]LogModuleManager: Shutting down and abandoning module MessageLog (187)
[2017.09.02-05.51.59:405][698]LogModuleManager: Shutting down and abandoning module WorkspaceMenuStructure (186)
[2017.09.02-05.51.59:405][698]LogModuleManager: Shutting down and abandoning module SlateReflector (180)
[2017.09.02-05.51.59:405][698]LogModuleManager: Shutting down and abandoning module Slate (178)
[2017.09.02-05.51.59:405][698]LogModuleManager: Shutting down and abandoning module EditorStyle (176)
[2017.09.02-05.51.59:406][698]LogModuleManager: Shutting down and abandoning module SourceCodeAccess (174)
[2017.09.02-05.51.59:406][698]LogModuleManager: Shutting down and abandoning module HeadMountedDisplay (172)
[2017.09.02-05.51.59:406][698]LogModuleManager: Shutting down and abandoning module XAudio2 (170)
[2017.09.02-05.51.59:406][698]LogModuleManager: Shutting down and abandoning module Networking (168)
[2017.09.02-05.51.59:406][698]LogModuleManager: Shutting down and abandoning module Core (164)
[2017.09.02-05.51.59:406][698]LogModuleManager: Shutting down and abandoning module AssetRegistry (162)
[2017.09.02-05.51.59:581][698]LogDirectoryWatcher: A directory notification for '../../../Engine/Content/' was aborted.
[2017.09.02-05.51.59:581][698]LogDirectoryWatcher: A directory notification for '../../../../../../Users/kengo maruyama/petitcon/Content/' was aborted.
[2017.09.02-05.51.59:581][698]LogDirectoryWatcher: A directory notification for '../../../Engine/Plugins/2D/Paper2D/Content/' was aborted.
[2017.09.02-05.51.59:581][698]LogDirectoryWatcher: A directory notification for '../../../Engine/Plugins/IM4U/Content/' was aborted.
[2017.09.02-05.51.59:581][698]LogDirectoryWatcher: A directory notification for '../../../Engine/Plugins/Runtime/GearVR/Content/' was aborted.
[2017.09.02-05.51.59:583][698]LogModuleManager: Shutting down and abandoning module DirectoryWatcher (161)
[2017.09.02-05.51.59:584][698]LogModuleManager: Shutting down and abandoning module KismetCompiler (158)
[2017.09.02-05.51.59:584][698]LogModuleManager: Shutting down and abandoning module LevelSequence (156)
[2017.09.02-05.51.59:584][698]LogModuleManager: Shutting down and abandoning module PhysXFormats (154)
[2017.09.02-05.51.59:584][698]LogModuleManager: Shutting down and abandoning module MeshUtilities (152)
[2017.09.02-05.51.59:584][698]LogModuleManager: Shutting down and abandoning module SimplygonSwarm (151)
[2017.09.02-05.51.59:584][698]LogModuleManager: Shutting down and abandoning module SimplygonMeshReduction (149)
[2017.09.02-05.51.59:584][698]LogModuleManager: Shutting down and abandoning module QuadricMeshReduction (147)
[2017.09.02-05.51.59:584][698]LogModuleManager: Shutting down and abandoning module DerivedDataCache (144)
[2017.09.02-05.51.59:587][698]LogDerivedDataCache: Shutdown
[2017.09.02-05.51.59:587][698]LogModuleManager: Shutting down and abandoning module TargetPlatform (142)
[2017.09.02-05.51.59:587][698]LogModuleManager: Shutting down and abandoning module VulkanShaderFormat (141)
[2017.09.02-05.51.59:587][698]LogModuleManager: Shutting down and abandoning module ShaderFormatVectorVM (139)
[2017.09.02-05.51.59:587][698]LogModuleManager: Shutting down and abandoning module ShaderFormatOpenGL (137)
[2017.09.02-05.51.59:587][698]LogModuleManager: Shutting down and abandoning module ShaderFormatD3D (135)
[2017.09.02-05.51.59:587][698]LogModuleManager: Shutting down and abandoning module MetalShaderFormat (133)
[2017.09.02-05.51.59:587][698]LogModuleManager: Shutting down and abandoning module TextureFormatUncompressed (131)
[2017.09.02-05.51.59:587][698]LogModuleManager: Shutting down and abandoning module TextureFormatPVR (129)
[2017.09.02-05.51.59:587][698]LogModuleManager: Shutting down and abandoning module TextureFormatDXT (127)
[2017.09.02-05.51.59:587][698]LogModuleManager: Shutting down and abandoning module TextureFormatIntelISPCTexComp (125)
[2017.09.02-05.51.59:587][698]LogModuleManager: Shutting down and abandoning module TextureFormatASTC (123)
[2017.09.02-05.51.59:587][698]LogModuleManager: Shutting down and abandoning module ImageWrapper (122)
[2017.09.02-05.51.59:587][698]LogModuleManager: Shutting down and abandoning module TextureFormatAndroid (119)
[2017.09.02-05.51.59:587][698]LogModuleManager: Shutting down and abandoning module AudioFormatOpus (117)
[2017.09.02-05.51.59:587][698]LogModuleManager: Shutting down and abandoning module AudioFormatOgg (115)
[2017.09.02-05.51.59:587][698]LogModuleManager: Shutting down and abandoning module AudioFormatADPCM (113)
[2017.09.02-05.51.59:587][698]LogModuleManager: Shutting down and abandoning module LinuxTargetPlatform (111)
[2017.09.02-05.51.59:587][698]LogModuleManager: Shutting down and abandoning module LinuxServerTargetPlatform (109)
[2017.09.02-05.51.59:587][698]LogModuleManager: Shutting down and abandoning module LinuxNoEditorTargetPlatform (107)
[2017.09.02-05.51.59:587][698]LogModuleManager: Shutting down and abandoning module LinuxClientTargetPlatform (105)
[2017.09.02-05.51.59:587][698]LogModuleManager: Shutting down and abandoning module TVOSTargetPlatform (103)
[2017.09.02-05.51.59:587][698]LogModuleManager: Shutting down and abandoning module Messaging (101)
[2017.09.02-05.51.59:587][698]LogModuleManager: Shutting down and abandoning module IOSTargetPlatform (99)
[2017.09.02-05.51.59:587][698]LogModuleManager: Shutting down and abandoning module HTML5TargetPlatform (97)
[2017.09.02-05.51.59:587][698]LogModuleManager: Shutting down and abandoning module Android_PVRTCTargetPlatform (95)
[2017.09.02-05.51.59:587][698]LogModuleManager: Shutting down and abandoning module Android_MultiTargetPlatform (93)
[2017.09.02-05.51.59:587][698]LogModuleManager: Shutting down and abandoning module Android_ETC2TargetPlatform (91)
[2017.09.02-05.51.59:587][698]LogModuleManager: Shutting down and abandoning module Android_ETC1TargetPlatform (89)
[2017.09.02-05.51.59:587][698]LogModuleManager: Shutting down and abandoning module Android_DXTTargetPlatform (87)
[2017.09.02-05.51.59:587][698]LogModuleManager: Shutting down and abandoning module Android_ATCTargetPlatform (85)
[2017.09.02-05.51.59:587][698]LogModuleManager: Shutting down and abandoning module Android_ASTCTargetPlatform (83)
[2017.09.02-05.51.59:587][698]LogModuleManager: Shutting down and abandoning module AndroidTargetPlatform (81)
[2017.09.02-05.51.59:587][698]LogModuleManager: Shutting down and abandoning module WindowsTargetPlatform (79)
[2017.09.02-05.51.59:587][698]LogModuleManager: Shutting down and abandoning module WindowsServerTargetPlatform (77)
[2017.09.02-05.51.59:587][698]LogModuleManager: Shutting down and abandoning module WindowsNoEditorTargetPlatform (75)
[2017.09.02-05.51.59:587][698]LogModuleManager: Shutting down and abandoning module WindowsClientTargetPlatform (73)
[2017.09.02-05.51.59:587][698]LogModuleManager: Shutting down and abandoning module MacTargetPlatform (71)
[2017.09.02-05.51.59:587][698]LogModuleManager: Shutting down and abandoning module MacServerTargetPlatform (69)
[2017.09.02-05.51.59:587][698]LogModuleManager: Shutting down and abandoning module MacNoEditorTargetPlatform (67)
[2017.09.02-05.51.59:587][698]LogModuleManager: Shutting down and abandoning module MacClientTargetPlatform (65)
[2017.09.02-05.51.59:587][698]LogModuleManager: Shutting down and abandoning module AllDesktopTargetPlatform (63)
[2017.09.02-05.51.59:587][698]LogModuleManager: Shutting down and abandoning module InputCore (60)
[2017.09.02-05.51.59:587][698]LogModuleManager: Shutting down and abandoning module Settings (58)
[2017.09.02-05.51.59:587][698]LogModuleManager: Shutting down and abandoning module OculusRift (56)
[2017.09.02-05.51.59:587][698]LogModuleManager: Shutting down and abandoning module GearVRController (54)
[2017.09.02-05.51.59:587][698]LogModuleManager: Shutting down and abandoning module GearVR (52)
[2017.09.02-05.51.59:587][698]LogModuleManager: Shutting down and abandoning module ExampleDeviceProfileSelector (50)
[2017.09.02-05.51.59:587][698]LogModuleManager: Shutting down and abandoning module OnlineBlueprintSupport (48)
[2017.09.02-05.51.59:587][698]LogModuleManager: Shutting down and abandoning module OnlineSubsystem (44)
[2017.09.02-05.51.59:587][698]LogOnline:Display: Unloading online subsystem: NULL
[2017.09.02-05.51.59:587][698]LogModuleManager: Shutting down and abandoning module XMPP (43)
[2017.09.02-05.51.59:587][698]LogModuleManager: Shutting down and abandoning module HTTP (41)
[2017.09.02-05.51.59:587][698]LogHttp:Display: Http module shutting down, but needs to wait on 1 outstanding Http requests:
[2017.09.02-05.51.59:587][698]LogHttp:Display: 	verb=[POST] url=[https://datarouter.ol.epicgames.com/datarouter/api/v1/public/data?SessionID=%7B0EF462B1-4BF7-612C-6143-67969938FC1B%7D&AppID=UEEditor.Rocket.Release&AppVersion=4.16.1-3466753%2B%2B%2BUE4%2BRelease-4.16&UserID=2c127a1545a89edf8c04e59bed9bc38d%7C9b58983219324e548224cd910be150a8%7Cd6a86ae9-d97b-48b6-acc2-2f734812868e&AppEnvironment=datacollector-binary&UploadType=eteventstream] status=Processing
[2017.09.02-05.51.59:591][698]LogModuleManager: Shutting down and abandoning module SSL (40)
[2017.09.02-05.51.59:592][698]LogModuleManager: Shutting down and abandoning module HTTPChunkInstaller (36)
[2017.09.02-05.51.59:592][698]LogModuleManager: Shutting down and abandoning module AnimationModifiers (34)
[2017.09.02-05.51.59:592][698]LogModuleManager: Shutting down and abandoning module PropertyEditor (33)
[2017.09.02-05.51.59:592][698]LogModuleManager: Shutting down and abandoning module AudioEditor (30)
[2017.09.02-05.51.59:592][698]LogModuleManager: Shutting down and abandoning module TextureCompressor (28)
[2017.09.02-05.51.59:592][698]LogModuleManager: Shutting down and abandoning module ShaderCore (26)
[2017.09.02-05.51.59:592][698]LogModuleManager: Shutting down and abandoning module Landscape (24)
[2017.09.02-05.51.59:592][698]LogModuleManager: Shutting down and abandoning module SlateRHIRenderer (22)
[2017.09.02-05.51.59:593][698]LogModuleManager: Shutting down and abandoning module OpenGLDrv (20)
[2017.09.02-05.51.59:593][698]LogModuleManager: Shutting down and abandoning module D3D11RHI (18)
[2017.09.02-05.51.59:593][698]LogModuleManager: Shutting down and abandoning module AnimGraphRuntime (16)
[2017.09.02-05.51.59:593][698]LogModuleManager: Shutting down and abandoning module Renderer (14)
[2017.09.02-05.51.59:593][698]LogModuleManager: Shutting down and abandoning module Engine (12)
[2017.09.02-05.51.59:593][698]LogModuleManager: Shutting down and abandoning module CoreUObject (10)
[2017.09.02-05.51.59:593][698]LogModuleManager: Shutting down and abandoning module NetworkFile (8)
[2017.09.02-05.51.59:593][698]LogModuleManager: Shutting down and abandoning module StreamingFile (6)
[2017.09.02-05.51.59:593][698]LogModuleManager: Shutting down and abandoning module SandboxFile (4)
[2017.09.02-05.51.59:593][698]LogModuleManager: Shutting down and abandoning module PakFile (2)
[2017.09.02-05.51.59:594][698]LogExit: Exiting.
[2017.09.02-05.51.59:604][698]Log file closed, 09/02/17 14:51:59
