Log file open, 09/02/17 13:26:36
LogInit:Display: Running engine for game: petitcon
LogPlatformFile: Not using cached read wrapper
LogInit:Display: RandInit(-840551429) SRandInit(-840551429).
LogTaskGraph: Started task graph with 5 named threads and 8 total threads with 1 sets of task threads.
LogStats: Stats thread started at 0.074706
LogInit: Using libcurl 7.47.1
LogInit:  - built for x86_64-pc-win32
LogInit:  - supports SSL with OpenSSL/1.0.2g
LogInit:  - supports HTTP deflate (compression) using libz 1.2.8
LogInit:  - other features:
LogInit:      CURL_VERSION_SSL
LogInit:      CURL_VERSION_LIBZ
LogInit:      CURL_VERSION_IPV6
LogInit:      CURL_VERSION_ASYNCHDNS
LogInit:      CURL_VERSION_LARGEFILE
LogInit:      CURL_VERSION_IDN
LogInit:  CurlRequestOptions (configurable via config and command line):
LogInit:  - bVerifyPeer = false  - Libcurl will NOT verify peer certificate
LogInit:  - bUseHttpProxy = false  - Libcurl will NOT use HTTP proxy
LogInit:  - bDontReuseConnections = false  - Libcurl will reuse connections
LogInit:  - CertBundlePath = nullptr  - Libcurl will use whatever was configured at build time.
LogInit: Build: ++UE4+Release-4.16-CL-3466753
LogInit: Engine Version: 4.16.1-3466753+++UE4+Release-4.16
LogInit: Compatible Engine Version: 4.16.0-3452394+++UE4+Release-4.16
LogInit: Net CL: 3452394
LogDevObjectVersion: Number of dev versions registered: 16
LogDevObjectVersion:   Dev-Blueprints (B0D832E4-1F89-4F0D-ACCF-7EB736FD4AA2): 9
LogDevObjectVersion:   Dev-Build (E1C64328-A22C-4D53-A36C-8E866417BD8C): 0
LogDevObjectVersion:   Dev-Core (375EC13C-06E4-48FB-B500-84F0262A717E): 2
LogDevObjectVersion:   Dev-Editor (E4B068ED-F494-42E9-A231-DA0B2E46BB41): 17
LogDevObjectVersion:   Dev-Framework (CFFC743F-43B0-4480-9391-14DF171D2073): 23
LogDevObjectVersion:   Dev-Mobile (B02B49B5-BB20-44E9-A304-32B752E40360): 0
LogDevObjectVersion:   Dev-Networking (A4E4105C-59A1-49B5-A7C5-40C4547EDFEE): 0
LogDevObjectVersion:   Dev-Online (39C831C9-5AE6-47DC-9A44-9C173E1C8E7C): 0
LogDevObjectVersion:   Dev-Physics (78F01B33-EBEA-4F98-B9B4-84EACCB95AA2): 0
LogDevObjectVersion:   Dev-Platform (6631380F-2D4D-43E0-8009-CF276956A95A): 0
LogDevObjectVersion:   Dev-Rendering (12F88B9F-8875-4AFC-A67C-D90C383ABD29): 15
LogDevObjectVersion:   Dev-Sequencer (7B5AE74C-D270-4C10-A958-57980B212A5A): 4
LogDevObjectVersion:   Dev-VR (D7296918-1DD6-4BDD-9DE2-64A83CC13884): 0
LogDevObjectVersion:   Dev-LoadTimes (C2A15278-BFE7-4AFE-6C17-90FF531DF755): 1
LogDevObjectVersion:   Private-Geometry (6EACA3D4-40EC-4CC1-B786-8BED09428FC5): 1
LogDevObjectVersion:   Dev-AnimPhys (29E575DD-E0A3-4627-9D10-D276232CDCEA): 3
LogInit: Compiled (64-bit): May 31 2017 02:03:30
LogInit: Compiled with Visual C++: 19.00.24215.01
LogInit: Build Configuration: Development
LogInit: Branch Name: ++UE4+Release-4.16
LogInit: Command line: -EpicPortal 
LogInit: Base directory: C:/Program Files/Epic Games/UE_4.16/Engine/Binaries/Win64/
LogInit: Installed Engine Build: 1
LogInit: Presizing for max 8388607 objects, including 0 objects not considered by GC, pre-allocating 0 bytes for permanent pool.
LogInit: Object subsystem initialized
[2017.09.02-04.26.36:423][  0]LogInit: Selected Device Profile: [Windows]
[2017.09.02-04.26.36:423][  0]LogInit: Applying CVar settings loaded from the selected device profile: [Windows]
[2017.09.02-04.26.36:431][  0]LogInit: Computer: DESKTOP-DL1UF1K
[2017.09.02-04.26.36:431][  0]LogInit: User: kengomaruyama
[2017.09.02-04.26.36:431][  0]LogInit: CPU Page size=4096, Cores=4
[2017.09.02-04.26.36:431][  0]LogInit: High frequency timer resolution =4.101564 MHz
[2017.09.02-04.26.36:431][  0]LogMemory: Memory total: Physical=15.9GB (16GB approx)
[2017.09.02-04.26.36:431][  0]LogMemory: Platform Memory Stats for Windows
[2017.09.02-04.26.36:431][  0]LogMemory: Process Physical Memory: 273.35 MB used, 273.35 MB peak
[2017.09.02-04.26.36:431][  0]LogMemory: Process Virtual Memory: 260.75 MB used, 260.75 MB peak
[2017.09.02-04.26.36:431][  0]LogMemory: Physical Memory: 8053.97 MB used,  8273.25 MB free, 16327.22 MB total
[2017.09.02-04.26.36:431][  0]LogMemory: Virtual Memory: 637.83 MB used,  8273.25 MB free, 134217728.00 MB total
[2017.09.02-04.26.36:483][  0]LogInit: Using OS detected language (ja-JP).
[2017.09.02-04.26.36:483][  0]LogInit: Using OS detected locale (ja-JP).
[2017.09.02-04.26.36:485][  0]LogTextLocalizationManager: No specific localization for 'ja-JP' exists, so the 'ja' localization will be used.
[2017.09.02-04.26.37:019][  0]LogD3D11RHI: D3D11 adapters:
[2017.09.02-04.26.37:456][  0]LogD3D11RHI:    0. 'NVIDIA GeForce GTX 1060 6GB' (Feature Level 11_0)
[2017.09.02-04.26.37:456][  0]LogD3D11RHI:       6084/0/8163 MB DedicatedVideo/DedicatedSystem/SharedSystem, Outputs:2, VendorId:0x10de
[2017.09.02-04.26.37:457][  0]LogD3D11RHI:    1. 'Microsoft Basic Render Driver' (Feature Level 11_0)
[2017.09.02-04.26.37:457][  0]LogD3D11RHI:       0/0/8163 MB DedicatedVideo/DedicatedSystem/SharedSystem, Outputs:0, VendorId:0x1414
[2017.09.02-04.26.37:457][  0]LogD3D11RHI: Chosen D3D11 Adapter: 0
[2017.09.02-04.26.37:500][  0]LogD3D11RHI: Creating new Direct3DDevice
[2017.09.02-04.26.37:500][  0]LogD3D11RHI:     GPU DeviceId: 0x1c03 (for the marketing name, search the web for "GPU Device Id")
[2017.09.02-04.26.37:500][  0]LogWindows: EnumDisplayDevices:
[2017.09.02-04.26.37:500][  0]LogWindows:    0. 'NVIDIA GeForce GTX 1060 6GB' (P:0 D:1)
[2017.09.02-04.26.37:500][  0]LogWindows:    1. 'NVIDIA GeForce GTX 1060 6GB' (P:1 D:1)
[2017.09.02-04.26.37:500][  0]LogWindows:    2. 'NVIDIA GeForce GTX 1060 6GB' (P:0 D:0)
[2017.09.02-04.26.37:500][  0]LogWindows:    3. 'NVIDIA GeForce GTX 1060 6GB' (P:0 D:0)
[2017.09.02-04.26.37:500][  0]LogWindows: DebugString: FoundDriverCount:4 
[2017.09.02-04.26.37:500][  0]LogD3D11RHI:     Adapter Name: NVIDIA GeForce GTX 1060 6GB
[2017.09.02-04.26.37:500][  0]LogD3D11RHI:   Driver Version: 382.33 (internal:22.21.13.8233, unified:382.33)
[2017.09.02-04.26.37:500][  0]LogD3D11RHI:      Driver Date: 5-17-2017
[2017.09.02-04.26.37:500][  0]LogRHI: Texture pool is 1361 MB (70% of 1945 MB)
[2017.09.02-04.26.37:898][  0]LogD3D11RHI: Async texture creation enabled
[2017.09.02-04.26.37:920][  0]LogD3D11RHI: GPU Timing Frequency: 1000.000000 (Debug: 2 1)
[2017.09.02-04.26.37:969][  0]LogShaderCompilers: Guid format shader working directory is 6 characters bigger than the processId version (../../../../../../Users/kengo maruyama/petitcon/Intermediate/Shaders/WorkingDirectory/361636/).
[2017.09.02-04.26.37:969][  0]LogShaderCompilers: Cleaned the shader compiler working directory 'C:/Users/kengo maruyama/AppData/Local/Temp/UnrealShaderWorkingDir/CCE5EEFF443BE0323B19B195A1BFFAAA/'.
[2017.09.02-04.26.37:969][  0]LogShaderCompilers:Display: Using Local Shader Compiler.
[2017.09.02-04.26.38:732][  0]LogTemp:Display: Loaded TP AllDesktopTargetPlatform
[2017.09.02-04.26.38:782][  0]LogTemp:Display: Loaded TP MacClientTargetPlatform
[2017.09.02-04.26.38:832][  0]LogTemp:Display: Loaded TP MacNoEditorTargetPlatform
[2017.09.02-04.26.38:866][  0]LogTemp:Display: Loaded TP MacServerTargetPlatform
[2017.09.02-04.26.38:901][  0]LogTemp:Display: Loaded TP MacTargetPlatform
[2017.09.02-04.26.38:937][  0]LogTemp:Display: Loaded TP WindowsClientTargetPlatform
[2017.09.02-04.26.38:972][  0]LogTemp:Display: Loaded TP WindowsNoEditorTargetPlatform
[2017.09.02-04.26.39:007][  0]LogTemp:Display: Loaded TP WindowsServerTargetPlatform
[2017.09.02-04.26.39:055][  0]LogTemp:Display: Loaded TP WindowsTargetPlatform
[2017.09.02-04.26.39:104][  0]LogTemp:Display: Loaded TP AndroidTargetPlatform
[2017.09.02-04.26.39:139][  0]LogTemp:Display: Loaded TP Android_ASTCTargetPlatform
[2017.09.02-04.26.39:173][  0]LogTemp:Display: Loaded TP Android_ATCTargetPlatform
[2017.09.02-04.26.39:238][  0]LogTemp:Display: Loaded TP Android_DXTTargetPlatform
[2017.09.02-04.26.39:273][  0]LogTemp:Display: Loaded TP Android_ETC1TargetPlatform
[2017.09.02-04.26.39:307][  0]LogTemp:Display: Loaded TP Android_ETC2TargetPlatform
[2017.09.02-04.26.39:377][  0]LogTemp:Display: Loaded TP Android_MultiTargetPlatform
[2017.09.02-04.26.39:377][  0]LogTemp:Display: Loaded TP Android_PVRTCTargetPlatform
[2017.09.02-04.26.39:404][  0]LogTemp:Display: Loaded TP HTML5TargetPlatform
[2017.09.02-04.26.39:476][  0]LogTemp:Display: Loaded TP IOSTargetPlatform
[2017.09.02-04.26.39:498][  0]LogTemp:Display: Loaded TP TVOSTargetPlatform
[2017.09.02-04.26.39:532][  0]LogTemp:Display: Loaded TP LinuxClientTargetPlatform
[2017.09.02-04.26.39:567][  0]LogTemp:Display: Loaded TP LinuxNoEditorTargetPlatform
[2017.09.02-04.26.39:601][  0]LogTemp:Display: Loaded TP LinuxServerTargetPlatform
[2017.09.02-04.26.39:636][  0]LogTemp:Display: Loaded TP LinuxTargetPlatform
[2017.09.02-04.26.39:636][  0]LogTargetPlatformManager:Display: Building Assets For Windows
[2017.09.02-04.26.39:978][  0]LogDerivedDataCache:Display: Max Cache Size: 512 MB
[2017.09.02-04.26.40:045][  0]LogDerivedDataCache: Loaded boot cache 0.07s 90MB C:/Users/kengo maruyama/AppData/Local/UnrealEngine/4.16/DerivedDataCache/Boot.ddc.
[2017.09.02-04.26.40:045][  0]LogDerivedDataCache:Display: Loaded Boot cache: C:/Users/kengo maruyama/AppData/Local/UnrealEngine/4.16/DerivedDataCache/Boot.ddc
[2017.09.02-04.26.40:045][  0]LogDerivedDataCache: FDerivedDataBackendGraph:  Pak pak cache file ../../../../../../Users/kengo maruyama/petitcon/DerivedDataCache/DDC.ddp not found, will not use a pak cache.
[2017.09.02-04.26.40:045][  0]LogDerivedDataCache: Unable to find inner node Pak for hierarchical cache Hierarchy.
[2017.09.02-04.26.40:045][  0]LogDerivedDataCache: FDerivedDataBackendGraph:  CompressedPak pak cache file ../../../../../../Users/kengo maruyama/petitcon/DerivedDataCache/Compressed.ddp not found, will not use a pak cache.
[2017.09.02-04.26.40:045][  0]LogDerivedDataCache: Unable to find inner node CompressedPak for hierarchical cache Hierarchy.
[2017.09.02-04.26.40:056][  0]LogDerivedDataCache:Display: Pak cache opened for reading ../../../Engine/DerivedDataCache/Compressed.ddp.
[2017.09.02-04.26.40:068][  0]LogDerivedDataCache: Using Local data cache path C:/Users/kengo maruyama/AppData/Local/UnrealEngine/Common/DerivedDataCache: Writable
[2017.09.02-04.26.40:074][  0]LogMaterial: Verifying Global Shaders for PCD3D_SM5
[2017.09.02-04.26.40:075][  0]LogSlate: Using Freetype 2.6.0
[2017.09.02-04.26.40:075][  0]LogSlate: SlateFontCache - WITH_FREETYPE: 1, WITH_HARFBUZZ: 1
[2017.09.02-04.26.40:075][  0]LogSlate: SlateFontCache - WITH_FREETYPE: 1, WITH_HARFBUZZ: 1
[2017.09.02-04.26.40:325][  0]LogInit: Selected Device Profile: [Windows]
[2017.09.02-04.26.40:375][  0]LogContentStreaming: Texture pool size is 0.00 MB
[2017.09.02-04.26.40:483][  0]LogMeshUtilities: Using QuadricMeshReduction for automatic static mesh reduction
[2017.09.02-04.26.40:514][  0]LogSimplygon: Simplygon DLL not present - disabling.
[2017.09.02-04.26.40:546][  0]LogMeshUtilities: Using SimplygonSwarm for distributed automatic mesh merging
[2017.09.02-04.26.40:546][  0]LogMeshUtilities: No automatic skeletal mesh reduction module available
[2017.09.02-04.26.40:546][  0]LogMeshUtilities: No automatic mesh merging module available
[2017.09.02-04.26.40:913][  0]LogNetVersion: petitcon , NetCL: 3452394, EngineNetVer: 2, GameNetVer: 0 (Checksum: 2069337989)
[2017.09.02-04.26.40:963][  0]LogAssetRegistry: FAssetRegistry took 0.0252 seconds to start up
[2017.09.02-04.26.41:004][  0]LogPackageLocalizationCache: Processed 5 localized package path(s) for 2 prioritized culture(s) in 0.023075 seconds
[2017.09.02-04.26.41:007][  0]LogUObjectArray: 34194 objects as part of root set at end of initial load.
[2017.09.02-04.26.41:007][  0]LogUObjectAllocator: 7260424 out of 0 bytes used by permanent object pool.
[2017.09.02-04.26.41:007][  0]LogUObjectArray: CloseDisregardForGC: 0/0 objects in disregard for GC pool
[2017.09.02-04.26.41:053][  0]LogInit: WinSock: version 1.1 (2.2), MaxSocks=32767, MaxUdp=65467
[2017.09.02-04.26.42:702][  0]LogTcpMessaging: Initializing TcpMessaging bridge
[2017.09.02-04.26.42:738][  0]LogUdpMessaging: Initializing bridge on interface 0.0.0.0:0 to multicast group 230.0.0.1:6666.
[2017.09.02-04.26.43:193][  0]LogMaterial: Uniform references updated for custom material expression Custom.
[2017.09.02-04.26.43:465][  0]SourceControl: 情報 ソースコントロールは無効です
[2017.09.02-04.26.43:501][  0]SourceControl: 情報 ソースコントロールは無効です
[2017.09.02-04.26.43:533][  0]SourceControl: 情報 ソースコントロールは無効です
[2017.09.02-04.26.43:564][  0]SourceControl: 情報 ソースコントロールは無効です
[2017.09.02-04.26.44:111][  0]LogAndroidPermission: UAndroidPermissionCallbackProxy::GetInstance
[2017.09.02-04.26.44:588][  0]LogEngine: Initializing Engine...
[2017.09.02-04.26.44:588][  0]LogHMD: Failed to initialize OpenVR with code 110
[2017.09.02-04.26.44:725][  0]LogStats: UGameplayTagsManager::ConstructGameplayTagTree: Construct from data asset -  0.000 s
[2017.09.02-04.26.44:725][  0]LogStats: UGameplayTagsManager::ConstructGameplayTagTree: GameplayTagTreeChangedEvent.Broadcast -  0.000 s
[2017.09.02-04.26.44:812][  0]LogAIModule: Creating AISystem for world Untitled
[2017.09.02-04.26.44:818][  0]LogInit: XAudio2 using 'スピーカー (Realtek High Definition Audio)' : 2 channels at 48 kHz using 32 bits per sample (channel mask 0x3)
[2017.09.02-04.26.44:837][  0]LogInit: FAudioDevice initialized.
[2017.09.02-04.26.44:867][  0]LogDerivedDataCache: Saved boot cache 0.03s 90MB C:/Users/kengo maruyama/AppData/Local/UnrealEngine/4.16/DerivedDataCache/Boot.ddc.
[2017.09.02-04.26.44:876][  0]LogInit: Texture streaming: Enabled
[2017.09.02-04.26.44:943][  0]LogEngineSessionManager: EngineSessionManager initialized
[2017.09.02-04.26.45:126][  0]LogInit: Transaction tracking system initialized
[2017.09.02-04.26.45:336][  0]BlueprintLog: New page: エディタの読み込み
[2017.09.02-04.26.45:975][  0]LocalizationService: 情報 ローカライズのサービスが無効になりました
[2017.09.02-04.26.46:468][  0]LogConsoleResponse:Display: 
[2017.09.02-04.26.46:569][  0]LogCook:Display: Max memory allowance for cook 16384mb min free memory 0mb
[2017.09.02-04.26.46:569][  0]LogCook:Display: Mobile HDR setting 1
[2017.09.02-04.26.47:023][  0]LogFileCache: Scanning file cache for directory 'C:/Users/kengo maruyama/petitcon/Content/' took 0.02s
[2017.09.02-04.26.47:255][  0]SourceControl: 情報 ソースコントロールは無効です
[2017.09.02-04.26.47:255][  0]Cmd: MAP LOAD FILE="../../../../../../Users/kengo maruyama/petitcon/Content/VehicleAdvBP/Maps/LooptyLoopMap.umap" TEMPLATE=0 SHOWPROGRESS=1 FEATURELEVEL=3
[2017.09.02-04.26.47:255][  0]LightingResults: New page: ライティングのビルド
[2017.09.02-04.26.47:283][  0]MapCheck: New page: マップをチェック
[2017.09.02-04.26.47:283][  0]LightingResults: New page: <何も選択されていません>
[2017.09.02-04.26.47:404][  0]LogBlueprint:Warning: [Compiler car_blueprint] 警告 インプットアクション イベントは  インプットアクション SlowMotionMin  に不明なアクション 'SlowMotionMin'' を参照しています
[2017.09.02-04.26.47:404][  0]LogBlueprint:Warning: [Compiler car_blueprint] 警告 インプットアクション イベントは  インプットアクション SlowMotionPlus  に不明なアクション 'SlowMotionPlus'' を参照しています
[2017.09.02-04.26.47:405][  0]LogBlueprint:Warning: [Compiler car_blueprint] 警告 インプットアクション イベントは  インプットアクション Reverse  に不明なアクション 'Reverse'' を参照しています
[2017.09.02-04.26.47:405][  0]LogBlueprint:Warning: [Compiler car_blueprint] 警告 インプットアクション イベントは  インプットアクション Turbo  に不明なアクション 'Turbo'' を参照しています
[2017.09.02-04.26.47:406][  0]LogBlueprint:Warning: [Compiler car_blueprint] 警告 インプットアクション イベントは  インプットアクション Turbo  に不明なアクション 'Turbo'' を参照しています
[2017.09.02-04.26.47:406][  0]LogBlueprint:Warning: [Compiler car_blueprint] 警告 インプットアクション イベントは  インプットアクション Reverse  に不明なアクション 'Reverse'' を参照しています
[2017.09.02-04.26.47:418][  0]LogBlueprint:Warning: [Compiler car_blueprint] 警告 [0012.26] Compile of car_blueprint successful, but with 6 Warning(s) [in 23 ms] (/Game/PolyCar_Pack/PolyCar/main/car_blueprint.car_blueprint)
[2017.09.02-04.26.47:418][  0]LogBlueprint:Warning: [Compiler car_blueprint] 警告 [0012.26] Compile of car_blueprint successful, but with 7 Warning(s) [in 0 ms] (/Game/PolyCar_Pack/PolyCar/main/car_blueprint.car_blueprint)
[2017.09.02-04.26.47:418][  0]LogBlueprint:Warning: [Compiler car_blueprint] 警告 [0012.26] Compile of car_blueprint successful, but with 8 Warning(s) [in 0 ms] (/Game/PolyCar_Pack/PolyCar/main/car_blueprint.car_blueprint)
[2017.09.02-04.26.47:438][  0]LogBlueprint:Warning: [Compiler car_blueprint] 警告 インプットアクション イベントは  インプットアクション SlowMotionMin  に不明なアクション 'SlowMotionMin'' を参照しています
[2017.09.02-04.26.47:438][  0]LogBlueprint:Warning: [Compiler car_blueprint] 警告 インプットアクション イベントは  インプットアクション SlowMotionPlus  に不明なアクション 'SlowMotionPlus'' を参照しています
[2017.09.02-04.26.47:440][  0]LogBlueprint:Warning: [Compiler car_blueprint] 警告 インプットアクション イベントは  インプットアクション Reverse  に不明なアクション 'Reverse'' を参照しています
[2017.09.02-04.26.47:440][  0]LogBlueprint:Warning: [Compiler car_blueprint] 警告 インプットアクション イベントは  インプットアクション Turbo  に不明なアクション 'Turbo'' を参照しています
[2017.09.02-04.26.47:440][  0]LogBlueprint:Warning: [Compiler car_blueprint] 警告 インプットアクション イベントは  インプットアクション Turbo  に不明なアクション 'Turbo'' を参照しています
[2017.09.02-04.26.47:440][  0]LogBlueprint:Warning: [Compiler car_blueprint] 警告 インプットアクション イベントは  インプットアクション Reverse  に不明なアクション 'Reverse'' を参照しています
[2017.09.02-04.26.47:453][  0]LogBlueprint:Warning: [Compiler car_blueprint] 警告 [0012.30] Compile of car_blueprint successful, but with 6 Warning(s) [in 24 ms] (/Game/PolyCar_Pack/PolyCar/main/car_blueprint.car_blueprint)
[2017.09.02-04.26.47:453][  0]LogBlueprint:Warning: [Compiler car_blueprint] 警告 [0012.30] Compile of car_blueprint successful, but with 7 Warning(s) [in 0 ms] (/Game/PolyCar_Pack/PolyCar/main/car_blueprint.car_blueprint)
[2017.09.02-04.26.47:453][  0]LogBlueprint:Warning: [Compiler car_blueprint] 警告 [0012.30] Compile of car_blueprint successful, but with 8 Warning(s) [in 0 ms] (/Game/PolyCar_Pack/PolyCar/main/car_blueprint.car_blueprint)
[2017.09.02-04.26.47:605][  0]LogBlueprint:Warning: [Compiler VehicleBlueprint] 警告 インプット軸イベントは  インプットAxis MoveForward  に不明な軸 'MoveForward' を参照しています
[2017.09.02-04.26.47:605][  0]LogBlueprint:Warning: [Compiler VehicleBlueprint] 警告  LookUp を取得  にインプット軸参照の不明な軸 'LookUp' を取得
[2017.09.02-04.26.47:605][  0]LogBlueprint:Warning: [Compiler VehicleBlueprint] 警告  LookRight を取得  にインプット軸参照の不明な軸 'LookRight' を取得
[2017.09.02-04.26.47:605][  0]LogBlueprint:Warning: [Compiler VehicleBlueprint] 警告 インプット軸イベントは  インプットAxis MoveRight  に不明な軸 'MoveRight' を参照しています
[2017.09.02-04.26.47:611][  0]LogBlueprint:Warning: [Compiler VehicleBlueprint] 警告 [0012.45] Compile of VehicleBlueprint successful, but with 4 Warning(s) [in 9 ms] (/Game/VehicleAdvBP/Blueprints/VehicleBlueprint.VehicleBlueprint)
[2017.09.02-04.26.47:611][  0]LogBlueprint:Warning: [Compiler VehicleBlueprint] 警告 [0012.45] Compile of VehicleBlueprint successful, but with 5 Warning(s) [in 0 ms] (/Game/VehicleAdvBP/Blueprints/VehicleBlueprint.VehicleBlueprint)
[2017.09.02-04.26.47:611][  0]LogBlueprint:Warning: [Compiler VehicleBlueprint] 警告 [0012.45] Compile of VehicleBlueprint successful, but with 6 Warning(s) [in 0 ms] (/Game/VehicleAdvBP/Blueprints/VehicleBlueprint.VehicleBlueprint)
[2017.09.02-04.26.47:657][  0]LogBlueprint:Warning: [Compiler VehicleBlueprint] 警告 インプット軸イベントは  インプットAxis MoveForward  に不明な軸 'MoveForward' を参照しています
[2017.09.02-04.26.47:658][  0]LogBlueprint:Warning: [Compiler VehicleBlueprint] 警告  LookUp を取得  にインプット軸参照の不明な軸 'LookUp' を取得
[2017.09.02-04.26.47:658][  0]LogBlueprint:Warning: [Compiler VehicleBlueprint] 警告  LookRight を取得  にインプット軸参照の不明な軸 'LookRight' を取得
[2017.09.02-04.26.47:658][  0]LogBlueprint:Warning: [Compiler VehicleBlueprint] 警告 インプット軸イベントは  インプットAxis MoveRight  に不明な軸 'MoveRight' を参照しています
[2017.09.02-04.26.47:664][  0]LogBlueprint:Warning: [Compiler VehicleBlueprint] 警告 [0012.51] Compile of VehicleBlueprint successful, but with 4 Warning(s) [in 9 ms] (/Game/VehicleAdvBP/Blueprints/VehicleBlueprint.VehicleBlueprint)
[2017.09.02-04.26.47:664][  0]LogBlueprint:Warning: [Compiler VehicleBlueprint] 警告 [0012.51] Compile of VehicleBlueprint successful, but with 5 Warning(s) [in 0 ms] (/Game/VehicleAdvBP/Blueprints/VehicleBlueprint.VehicleBlueprint)
[2017.09.02-04.26.47:665][  0]LogBlueprint:Warning: [Compiler VehicleBlueprint] 警告 [0012.51] Compile of VehicleBlueprint successful, but with 6 Warning(s) [in 0 ms] (/Game/VehicleAdvBP/Blueprints/VehicleBlueprint.VehicleBlueprint)
[2017.09.02-04.26.48:242][  0]LogAIModule: Creating AISystem for world LooptyLoopMap
[2017.09.02-04.26.48:259][  0]LogEditorServer: Finished looking for orphan Actors (0.000 secs)
[2017.09.02-04.26.48:277][  0]Cmd: MAP CHECKDEP NOCLEARLOG
[2017.09.02-04.26.48:315][  0]MapCheck: 情報 マップチェックが完了: 0 エラー、 0 警告、完了に 37.25ミリ秒かかりました。
[2017.09.02-04.26.48:315][  0]LogFileHelpers: Loading map 'LooptyLoopMap' took 1.059
[2017.09.02-04.26.48:404][  0]LogWindowsTextInputMethodSystem:Display: IME system now activated using TSF (Microsoft IME).
[2017.09.02-04.26.48:474][  0]LogCollectionManager: Loaded 0 collections in 0.000972 seconds
[2017.09.02-04.26.48:572][  0]LogFileCache: Scanning file cache for directory 'C:/Users/kengo maruyama/petitcon/Saved/Collections/' took 0.01s
[2017.09.02-04.26.48:572][  0]LogFileCache: Scanning file cache for directory 'C:/Users/kengo maruyama/petitcon/Content/Developers/kengomaruyama/Collections/' took 0.01s
[2017.09.02-04.26.48:572][  0]LogFileCache: Scanning file cache for directory 'C:/Users/kengo maruyama/petitcon/Content/Collections/' took 0.01s
[2017.09.02-04.26.48:572][  0]LogCollectionManager: Rebuilt the GUID cache for 0 collections in 0.000001 seconds
[2017.09.02-04.26.48:578][  0]LogContentBrowser: Native class hierarchy populated in 0.0062 seconds. Added 2342 classes and 498 folders.
[2017.09.02-04.26.48:623][  0]LogContentBrowser: Native class hierarchy updated for 'WidgetCarousel' in 0.0004 seconds. Added 0 classes and 0 folders.
[2017.09.02-04.26.48:645][  0]LogContentBrowser: Native class hierarchy updated for 'AddContentDialog' in 0.0004 seconds. Added 0 classes and 0 folders.
[2017.09.02-04.26.48:675][  0]LogContentBrowser: Native class hierarchy updated for 'SceneOutliner' in 0.0004 seconds. Added 1 classes and 2 folders.
[2017.09.02-04.26.48:757][  0]LogCrashTracker: Crashtracker disabled due to settings.
[2017.09.02-04.26.48:761][  0]LogSlate: Took 0.000130 seconds to synchronously load lazily loaded font '../../../Engine/Content/Slate/Fonts/Roboto-Regular.ttf' (155K)
[2017.09.02-04.26.48:763][  0]LogSlate: Took 0.001741 seconds to synchronously load lazily loaded font '../../../Engine/Content/Slate/Fonts/DroidSansFallback.ttf' (3848K)
[2017.09.02-04.26.48:764][  0]LogSlate: Took 0.000116 seconds to synchronously load lazily loaded font '../../../Engine/Content/Slate/Fonts/Roboto-Bold.ttf' (160K)
[2017.09.02-04.26.48:765][  0]LogSlate: Took 0.000086 seconds to synchronously load lazily loaded font '../../../Engine/Content/Editor/Slate/Fonts/FontAwesome.ttf' (139K)
[2017.09.02-04.26.48:828][  0]LogRenderer: Reallocating scene render targets to support 1108x584 NumSamples 1 (Frame:1).
[2017.09.02-04.26.48:917][  0]LogUObjectGlobals:Warning: オブジェクト 'Class なし.' が見つかりませんでした
[2017.09.02-04.26.48:968][  0]LogContentBrowser: Native class hierarchy updated for 'HierarchicalLODOutliner' in 0.0004 seconds. Added 1 classes and 2 folders.
[2017.09.02-04.26.48:968][  0]LogLoad: (Engine Initialization) Total time: 13.81 seconds
[2017.09.02-04.26.48:968][  0]LogLoad: (Engine Initialization) Total Blueprint compile time: 0.28 seconds
[2017.09.02-04.26.48:968][  0]LogExternalProfiler: No external profilers were discovered.  External profiling features will not be available.
[2017.09.02-04.26.48:981][  0]LogOcInput: OculusInput pre-init called
[2017.09.02-04.26.48:981][  0]LogRawInputWindows:Warning: Found device 0 devices
[2017.09.02-04.26.48:981][  0]LogRawInputWindows:Warning: Found device 0 devices
[2017.09.02-04.26.48:981][  0]LogRawInputWindows:Warning: Device was registered succesfully but not connected (Usage:4 UsagePage:1
[2017.09.02-04.26.48:981][  0]LogRawInputWindows:Warning: Found device 1 devices
[2017.09.02-04.26.48:981][  0]LogRawInputWindows:Warning: Device was registered succesfully but not connected (Usage:5 UsagePage:1
[2017.09.02-04.26.48:981][  0]LogHMD: Starting GearVRController plugin
[2017.09.02-04.26.49:007][  0]LogContentStreaming: Texture pool size now 1000 MB
[2017.09.02-04.26.49:063][  1]LogAssetRegistry: Asset discovery search completed in 8.1228 seconds
[2017.09.02-04.26.49:065][  1]LogCollectionManager: Rebuilt the object cache for 0 collections in 0.000000 seconds (found 0 objects)
[2017.09.02-04.26.49:065][  1]LogCollectionManager: Fixed up redirectors for 0 collections in 0.000017 seconds (updated 0 objects)
[2017.09.02-04.26.51:233][256]LogSlate: Took 0.000127 seconds to synchronously load lazily loaded font '../../../Engine/Content/Slate/Fonts/Roboto-Light.ttf' (159K)
[2017.09.02-04.26.53:445][518]LogSlate: Took 0.000098 seconds to synchronously load lazily loaded font '../../../Engine/Content/Slate/Fonts/Roboto-Light.ttf' (159K)
[2017.09.02-04.26.53:492][518]LogAIModule: Creating AISystem for world Untitled
[2017.09.02-04.26.53:505][518]Cmd: MAP LOAD FILE="../../../../../../Users/kengo maruyama/petitcon/Content/VehicleAdvBP/Maps/Untitled.umap" TEMPLATE=0 SHOWPROGRESS=1 FEATURELEVEL=3
[2017.09.02-04.26.53:505][518]LightingResults: New page: ライティングのビルド
[2017.09.02-04.26.53:505][518]LoadErrors: New page: マップをロード中: Untitled.umap
[2017.09.02-04.26.53:507][518]MapCheck: New page: マップをチェック
[2017.09.02-04.26.53:507][518]LightingResults: New page: <何も選択されていません>
[2017.09.02-04.26.53:578][518]LogEditorServer: Finished looking for orphan Actors (0.000 secs)
[2017.09.02-04.26.53:601][518]Cmd: MAP CHECKDEP NOCLEARLOG
[2017.09.02-04.26.53:640][518]MapCheck: 情報 マップチェックが完了: 0 エラー、 0 警告、完了に 38.099ミリ秒かかりました。
[2017.09.02-04.26.53:640][518]LogFileHelpers: Loading map 'Untitled' took 0.136
[2017.09.02-04.26.57:521][967]LogTexture:Display: Building textures: Texture2D_2 (G8, 128X128)
[2017.09.02-04.50.45:878][336]Cmd: QUIT_EDITOR
[2017.09.02-04.50.45:896][336]LogWindowsTextInputMethodSystem:Display: IME system now activated using TSF (Microsoft IME).
[2017.09.02-04.50.45:903][336]LogExit: Preparing to exit.
[2017.09.02-04.50.46:314][336]LogDirectoryWatcher: A directory notification for 'C:/Users/kengo maruyama/petitcon/Content/' was aborted.
[2017.09.02-04.50.46:341][336]LogExit: Editor shut down
[2017.09.02-04.50.46:350][336]LogExit: Transaction tracking system shut down
[2017.09.02-04.50.46:400][336]LogObj: Freed 0b from 0 cluster array pools.
[2017.09.02-04.50.46:400][336]LogExit: Object subsystem successfully closed.
[2017.09.02-04.50.46:413][336]LogD3D11RHI: Shutdown
[2017.09.02-04.50.46:413][336]LogD3D11RHI: CleanupD3DDevice
[2017.09.02-04.50.46:467][336]LogD3D11RHI: ~FD3D11DynamicRHI
[2017.09.02-04.50.46:478][336]LogModuleManager: Shutting down and abandoning module HierarchicalLODOutliner (528)
[2017.09.02-04.50.46:478][336]LogModuleManager: Shutting down and abandoning module CrashTracker (526)
[2017.09.02-04.50.46:478][336]LogModuleManager: Shutting down and abandoning module SceneOutliner (524)
[2017.09.02-04.50.46:478][336]LogModuleManager: Shutting down and abandoning module AddContentDialog (522)
[2017.09.02-04.50.46:478][336]LogDirectoryWatcher: A directory notification for 'C:/Program Files/Epic Games/UE_4.16/FeaturePacks/' was aborted.
[2017.09.02-04.50.46:479][336]LogModuleManager: Shutting down and abandoning module WidgetCarousel (521)
[2017.09.02-04.50.46:479][336]LogModuleManager: Shutting down and abandoning module EditorWidgets (518)
[2017.09.02-04.50.46:479][336]LogModuleManager: Shutting down and abandoning module CollectionManager (516)
[2017.09.02-04.50.46:479][336]LogDirectoryWatcher: A directory notification for 'C:/Users/kengo maruyama/petitcon/Content/Collections/' was aborted.
[2017.09.02-04.50.46:479][336]LogDirectoryWatcher: A directory notification for 'C:/Users/kengo maruyama/petitcon/Content/Developers/kengomaruyama/Collections/' was aborted.
[2017.09.02-04.50.46:479][336]LogDirectoryWatcher: A directory notification for 'C:/Users/kengo maruyama/petitcon/Saved/Collections/' was aborted.
[2017.09.02-04.50.46:479][336]LogModuleManager: Shutting down and abandoning module StatsViewer (514)
[2017.09.02-04.50.46:479][336]LogModuleManager: Shutting down and abandoning module FoliageEdit (512)
[2017.09.02-04.50.46:479][336]LogModuleManager: Shutting down and abandoning module LandscapeEditor (510)
[2017.09.02-04.50.46:479][336]LogModuleManager: Shutting down and abandoning module MeshPaintMode (508)
[2017.09.02-04.50.46:479][336]LogModuleManager: Shutting down and abandoning module SceneDepthPickerMode (506)
[2017.09.02-04.50.46:479][336]LogModuleManager: Shutting down and abandoning module ActorPickerMode (504)
[2017.09.02-04.50.46:479][336]LogModuleManager: Shutting down and abandoning module GeometryMode (502)
[2017.09.02-04.50.46:479][336]LogModuleManager: Shutting down and abandoning module TextureAlignMode (500)
[2017.09.02-04.50.46:479][336]LogModuleManager: Shutting down and abandoning module BspMode (498)
[2017.09.02-04.50.46:479][336]LogModuleManager: Shutting down and abandoning module HardwareSurvey (496)
[2017.09.02-04.50.46:479][336]LogModuleManager: Shutting down and abandoning module SequenceRecorderSections (494)
[2017.09.02-04.50.46:479][336]LogModuleManager: Shutting down and abandoning module AutomationWorker (492)
[2017.09.02-04.50.46:479][336]LogModuleManager: Shutting down and abandoning module MatineeToLevelSequence (490)
[2017.09.02-04.50.46:479][336]LogModuleManager: Shutting down and abandoning module LevelSequenceEditor (488)
[2017.09.02-04.50.46:479][336]LogModuleManager: Shutting down and abandoning module PlacementMode (487)
[2017.09.02-04.50.46:479][336]LogModuleManager: Shutting down and abandoning module WmfMediaFactory (484)
[2017.09.02-04.50.46:479][336]LogModuleManager: Shutting down and abandoning module WmfMediaEditor (482)
[2017.09.02-04.50.46:479][336]LogModuleManager: Shutting down and abandoning module AvfMediaFactory (480)
[2017.09.02-04.50.46:479][336]LogModuleManager: Shutting down and abandoning module AvfMediaEditor (478)
[2017.09.02-04.50.46:479][336]LogModuleManager: Shutting down and abandoning module AndroidMediaFactory (476)
[2017.09.02-04.50.46:479][336]LogModuleManager: Shutting down and abandoning module Media (475)
[2017.09.02-04.50.46:479][336]LogModuleManager: Shutting down and abandoning module AndroidMediaEditor (472)
[2017.09.02-04.50.46:479][336]LogModuleManager: Shutting down and abandoning module CharacterAI (470)
[2017.09.02-04.50.46:479][336]LogModuleManager: Shutting down and abandoning module AudioCapture (468)
[2017.09.02-04.50.46:479][336]LogModuleManager: Shutting down and abandoning module SequenceRecorder (467)
[2017.09.02-04.50.46:479][336]LogModuleManager: Shutting down and abandoning module SmartSnapping (464)
[2017.09.02-04.50.46:479][336]LogModuleManager: Shutting down and abandoning module SessionServices (462)
[2017.09.02-04.50.46:479][336]LogModuleManager: Shutting down and abandoning module ViewportSnapping (460)
[2017.09.02-04.50.46:479][336]LogModuleManager: Shutting down and abandoning module ViewportInteraction (458)
[2017.09.02-04.50.46:479][336]LogModuleManager: Shutting down and abandoning module ClothPainter (456)
[2017.09.02-04.50.46:479][336]LogModuleManager: Shutting down and abandoning module LogVisualizer (454)
[2017.09.02-04.50.46:479][336]LogModuleManager: Shutting down and abandoning module IntroTutorials (452)
[2017.09.02-04.50.46:479][336]LogModuleManager: Shutting down and abandoning module GameProjectGeneration (451)
[2017.09.02-04.50.46:479][336]LogModuleManager: Shutting down and abandoning module EditorLiveStreaming (448)
[2017.09.02-04.50.46:479][336]LogModuleManager: Shutting down and abandoning module IOSPlatformEditor (446)
[2017.09.02-04.50.46:479][336]LogModuleManager: Shutting down and abandoning module HTML5PlatformEditor (444)
[2017.09.02-04.50.46:479][336]LogModuleManager: Shutting down and abandoning module AndroidPlatformEditor (442)
[2017.09.02-04.50.46:479][336]LogModuleManager: Shutting down and abandoning module AndroidDeviceDetection (441)
[2017.09.02-04.50.46:695][336]LogModuleManager: Shutting down and abandoning module IOSRuntimeSettings (438)
[2017.09.02-04.50.46:695][336]LogModuleManager: Shutting down and abandoning module AndroidRuntimeSettings (436)
[2017.09.02-04.50.46:695][336]LogModuleManager: Shutting down and abandoning module InputBindingEditor (434)
[2017.09.02-04.50.46:695][336]LogModuleManager: Shutting down and abandoning module MergeActors (432)
[2017.09.02-04.50.46:695][336]LogModuleManager: Shutting down and abandoning module SizeMap (430)
[2017.09.02-04.50.46:695][336]LogModuleManager: Shutting down and abandoning module TreeMap (428)
[2017.09.02-04.50.46:695][336]LogModuleManager: Shutting down and abandoning module ReferenceViewer (426)
[2017.09.02-04.50.46:695][336]LogModuleManager: Shutting down and abandoning module LocalizationDashboard (424)
[2017.09.02-04.50.46:696][336]LogModuleManager: Shutting down and abandoning module LocalizationService (423)
[2017.09.02-04.50.46:696][336]LogModuleManager: Shutting down and abandoning module HardwareTargeting (420)
[2017.09.02-04.50.46:696][336]LogModuleManager: Shutting down and abandoning module DeviceProfileEditor (418)
[2017.09.02-04.50.46:696][336]LogModuleManager: Shutting down and abandoning module UndoHistory (416)
[2017.09.02-04.50.46:696][336]LogModuleManager: Shutting down and abandoning module UserFeedback (414)
[2017.09.02-04.50.46:696][336]LogModuleManager: Shutting down and abandoning module XmlParser (412)
[2017.09.02-04.50.46:696][336]LogModuleManager: Shutting down and abandoning module Blutility (410)
[2017.09.02-04.50.46:696][336]LogModuleManager: Shutting down and abandoning module ProjectSettingsViewer (408)
[2017.09.02-04.50.46:696][336]LogModuleManager: Shutting down and abandoning module ProjectTargetPlatformEditor (407)
[2017.09.02-04.50.46:696][336]LogModuleManager: Shutting down and abandoning module EditorSettingsViewer (404)
[2017.09.02-04.50.46:696][336]LogModuleManager: Shutting down and abandoning module SettingsEditor (402)
[2017.09.02-04.50.46:696][336]LogModuleManager: Shutting down and abandoning module ProjectLauncher (400)
[2017.09.02-04.50.46:696][336]LogModuleManager: Shutting down and abandoning module SessionFrontend (398)
[2017.09.02-04.50.46:696][336]LogModuleManager: Shutting down and abandoning module ProfilerClient (396)
[2017.09.02-04.50.46:696][336]LogModuleManager: Shutting down and abandoning module DeviceManager (394)
[2017.09.02-04.50.46:696][336]LogModuleManager: Shutting down and abandoning module TargetDeviceServices (393)
[2017.09.02-04.50.46:749][336]LogModuleManager: Shutting down and abandoning module AutomationController (390)
[2017.09.02-04.50.46:749][336]LogModuleManager: Shutting down and abandoning module AutomationWindow (388)
[2017.09.02-04.50.46:749][336]LogModuleManager: Shutting down and abandoning module Layers (386)
[2017.09.02-04.50.46:749][336]LogModuleManager: Shutting down and abandoning module ComponentVisualizers (384)
[2017.09.02-04.50.46:749][336]LogModuleManager: Shutting down and abandoning module DetailCustomizations (382)
[2017.09.02-04.50.46:749][336]LogModuleManager: Shutting down and abandoning module PackagesDialog (380)
[2017.09.02-04.50.46:749][336]LogModuleManager: Shutting down and abandoning module Persona (378)
[2017.09.02-04.50.46:749][336]LogModuleManager: Shutting down and abandoning module AdvancedPreviewScene (377)
[2017.09.02-04.50.46:749][336]LogModuleManager: Shutting down and abandoning module AnimGraph (375)
[2017.09.02-04.50.46:749][336]LogModuleManager: Shutting down and abandoning module Kismet (372)
[2017.09.02-04.50.46:751][336]LogModuleManager: Shutting down and abandoning module ClassViewer (370)
[2017.09.02-04.50.46:751][336]LogModuleManager: Shutting down and abandoning module Toolbox (368)
[2017.09.02-04.50.46:751][336]LogModuleManager: Shutting down and abandoning module ModuleUI (366)
[2017.09.02-04.50.46:751][336]LogModuleManager: Shutting down and abandoning module MovieSceneTools (364)
[2017.09.02-04.50.46:751][336]LogModuleManager: Shutting down and abandoning module OutputLog (362)
[2017.09.02-04.50.46:751][336]LogModuleManager: Shutting down and abandoning module GammaUI (360)
[2017.09.02-04.50.46:751][336]LogModuleManager: Shutting down and abandoning module Documentation (358)
[2017.09.02-04.50.46:751][336]LogModuleManager: Shutting down and abandoning module MovieSceneTracks (356)
[2017.09.02-04.50.46:751][336]LogModuleManager: Shutting down and abandoning module MovieScene (354)
[2017.09.02-04.50.46:751][336]LogModuleManager: Shutting down and abandoning module Niagara (352)
[2017.09.02-04.50.46:751][336]LogModuleManager: Shutting down and abandoning module NiagaraEditor (351)
[2017.09.02-04.50.46:751][336]LogModuleManager: Shutting down and abandoning module StreamingPauseRendering (348)
[2017.09.02-04.50.46:751][336]LogModuleManager: Shutting down and abandoning module AnalyticsET (346)
[2017.09.02-04.50.46:751][336]LogModuleManager: Shutting down and abandoning module PortalServices (344)
[2017.09.02-04.50.46:751][336]LogModuleManager: Shutting down and abandoning module PortalRpc (342)
[2017.09.02-04.50.46:751][336]LogModuleManager: Shutting down and abandoning module MessagingRpc (340)
[2017.09.02-04.50.46:751][336]LogModuleManager: Shutting down and abandoning module AIModule (338)
[2017.09.02-04.50.46:751][336]LogModuleManager: Shutting down and abandoning module GameplayDebugger (337)
[2017.09.02-04.50.46:752][336]LogModuleManager: Shutting down and abandoning module AITestSuite (335)
[2017.09.02-04.50.46:752][336]LogModuleManager: Shutting down and abandoning module ProfilerService (332)
[2017.09.02-04.50.46:770][336]LogModuleManager: Shutting down and abandoning module TaskGraph (330)
[2017.09.02-04.50.46:770][336]LogModuleManager: Shutting down and abandoning module SteamVRController (328)
[2017.09.02-04.50.46:770][336]LogModuleManager: Shutting down and abandoning module SteamVR (326)
[2017.09.02-04.50.46:770][336]LogModuleManager: Shutting down and abandoning module ProceduralMeshComponentEditor (324)
[2017.09.02-04.50.46:770][336]LogModuleManager: Shutting down and abandoning module ProceduralMeshComponent (322)
[2017.09.02-04.50.46:770][336]LogModuleManager: Shutting down and abandoning module OculusLibrary (320)
[2017.09.02-04.50.46:770][336]LogModuleManager: Shutting down and abandoning module OculusInput (318)
[2017.09.02-04.50.46:770][336]LogModuleManager: Shutting down and abandoning module MobilePatchingUtils (316)
[2017.09.02-04.50.46:770][336]LogModuleManager: Shutting down and abandoning module CustomMeshComponent (314)
[2017.09.02-04.50.46:770][336]LogModuleManager: Shutting down and abandoning module CableComponent (312)
[2017.09.02-04.50.46:770][336]LogModuleManager: Shutting down and abandoning module ArchVisCharacter (310)
[2017.09.02-04.50.46:770][336]LogModuleManager: Shutting down and abandoning module AndroidPermission (308)
[2017.09.02-04.50.46:770][336]LogModuleManager: Shutting down and abandoning module MediaPlayerEditor (304)
[2017.09.02-04.50.46:771][336]LogModuleManager: Shutting down and abandoning module IM4U (302)
[2017.09.02-04.50.46:771][336]LogModuleManager: Shutting down and abandoning module RawInput (300)
[2017.09.02-04.50.46:771][336]LogModuleManager: Shutting down and abandoning module HTML5Networking (298)
[2017.09.02-04.50.46:771][336]LogModuleManager: Shutting down and abandoning module AlembicImporter (296)
[2017.09.02-04.50.46:771][336]LogModuleManager: Shutting down and abandoning module AlembicLibrary (295)
[2017.09.02-04.50.46:771][336]LogModuleManager: Shutting down and abandoning module GeometryCache (294)
[2017.09.02-04.50.46:771][336]LogModuleManager: Shutting down and abandoning module GeometryCacheEd (293)
[2017.09.02-04.50.46:771][336]LogModuleManager: Shutting down and abandoning module SuperSearchEditor (288)
[2017.09.02-04.50.46:771][336]LogModuleManager: Shutting down and abandoning module SuperSearch (287)
[2017.09.02-04.50.46:771][336]LogModuleManager: Shutting down and abandoning module SpeedTreeImporter (284)
[2017.09.02-04.50.46:771][336]LogModuleManager: Shutting down and abandoning module PluginBrowser (282)
[2017.09.02-04.50.46:771][336]LogModuleManager: Shutting down and abandoning module MobileLauncherProfileWizard (280)
[2017.09.02-04.50.46:771][336]LogModuleManager: Shutting down and abandoning module VisualStudioSourceCodeAccess (278)
[2017.09.02-04.50.46:771][336]LogModuleManager: Shutting down and abandoning module DesktopPlatform (277)
[2017.09.02-04.50.46:771][336]LogModuleManager: Shutting down and abandoning module UObjectPlugin (274)
[2017.09.02-04.50.46:771][336]LogModuleManager: Shutting down and abandoning module SubversionSourceControl (272)
[2017.09.02-04.50.46:771][336]LogModuleManager: Shutting down and abandoning module PerforceSourceControl (270)
[2017.09.02-04.50.46:771][336]LogModuleManager: Shutting down and abandoning module GitSourceControl (268)
[2017.09.02-04.50.46:771][336]LogModuleManager: Shutting down and abandoning module SourceControl (267)
[2017.09.02-04.50.46:771][336]LogModuleManager: Shutting down and abandoning module LightPropagationVolumeEditor (264)
[2017.09.02-04.50.46:771][336]LogModuleManager: Shutting down and abandoning module PaperTiledImporter (262)
[2017.09.02-04.50.46:771][336]LogModuleManager: Shutting down and abandoning module PaperSpriteSheetImporter (260)
[2017.09.02-04.50.46:771][336]LogModuleManager: Shutting down and abandoning module Paper2DEditor (258)
[2017.09.02-04.50.46:771][336]LogModuleManager: Shutting down and abandoning module MeshPaint (257)
[2017.09.02-04.50.46:771][336]LogModuleManager: Shutting down and abandoning module LevelEditor (255)
[2017.09.02-04.50.46:772][336]LogModuleManager: Shutting down and abandoning module PixelInspectorModule (254)
[2017.09.02-04.50.46:772][336]LogModuleManager: Shutting down and abandoning module MainFrame (252)
[2017.09.02-04.50.46:772][336]LogModuleManager: Shutting down and abandoning module HotReload (251)
[2017.09.02-04.50.46:773][336]LogModuleManager: Shutting down and abandoning module PhysXVehiclesEditor (246)
[2017.09.02-04.50.46:773][336]LogModuleManager: Shutting down and abandoning module PhysXVehicles (244)
[2017.09.02-04.50.46:773][336]LogModuleManager: Shutting down and abandoning module LocationServicesBPLibrary (242)
[2017.09.02-04.50.46:773][336]LogModuleManager: Shutting down and abandoning module ImmediatePhysicsEditor (240)
[2017.09.02-04.50.46:773][336]LogModuleManager: Shutting down and abandoning module ImmediatePhysics (238)
[2017.09.02-04.50.46:773][336]LogModuleManager: Shutting down and abandoning module UdpMessaging (236)
[2017.09.02-04.50.46:874][336]LogModuleManager: Shutting down and abandoning module TcpMessaging (234)
[2017.09.02-04.50.46:975][336]LogModuleManager: Shutting down and abandoning module GameplayTagsEditor (232)
[2017.09.02-04.50.46:975][336]LogModuleManager: Shutting down and abandoning module FacialAnimationEditor (230)
[2017.09.02-04.50.46:975][336]LogModuleManager: Shutting down and abandoning module FacialAnimation (228)
[2017.09.02-04.50.46:975][336]LogModuleManager: Shutting down and abandoning module AssetManagerEditor (226)
[2017.09.02-04.50.46:975][336]LogModuleManager: Shutting down and abandoning module GraphEditor (225)
[2017.09.02-04.50.46:975][336]LogModuleManager: Shutting down and abandoning module ContentBrowser (223)
[2017.09.02-04.50.46:978][336]LogModuleManager: Shutting down and abandoning module LightPropagationVolumeRuntime (220)
[2017.09.02-04.50.46:978][336]LogModuleManager: Shutting down and abandoning module Paper2D (218)
[2017.09.02-04.50.46:978][336]LogModuleManager: Shutting down and abandoning module WindowsMoviePlayer (216)
[2017.09.02-04.50.46:978][336]LogModuleManager: Shutting down and abandoning module WmfMedia (214)
[2017.09.02-04.50.46:978][336]LogModuleManager: Shutting down and abandoning module ClothingSystemEditor (212)
[2017.09.02-04.50.46:978][336]LogModuleManager: Shutting down and abandoning module ClothingSystemRuntime (210)
[2017.09.02-04.50.46:978][336]LogModuleManager: Shutting down and abandoning module MediaAssets (208)
[2017.09.02-04.50.46:978][336]LogModuleManager: Shutting down and abandoning module GameLiveStreaming (206)
[2017.09.02-04.50.46:978][336]LogModuleManager: Shutting down and abandoning module VREditor (204)
[2017.09.02-04.50.46:979][336]LogModuleManager: Shutting down and abandoning module StringTableEditor (202)
[2017.09.02-04.50.46:979][336]LogModuleManager: Shutting down and abandoning module GameplayTasksEditor (200)
[2017.09.02-04.50.46:979][336]LogModuleManager: Shutting down and abandoning module BehaviorTreeEditor (198)
[2017.09.02-04.50.46:979][336]LogModuleManager: Shutting down and abandoning module FunctionalTesting (196)
[2017.09.02-04.50.46:979][336]LogModuleManager: Shutting down and abandoning module CollisionAnalyzer (194)
[2017.09.02-04.50.46:979][336]LogModuleManager: Shutting down and abandoning module UMG (192)
[2017.09.02-04.50.46:979][336]LogModuleManager: Shutting down and abandoning module UMGEditor (191)
[2017.09.02-04.50.46:979][336]LogModuleManager: Shutting down and abandoning module Sequencer (190)
[2017.09.02-04.50.46:979][336]LogModuleManager: Shutting down and abandoning module AssetTools (188)
[2017.09.02-04.50.46:979][336]LogModuleManager: Shutting down and abandoning module MessageLog (187)
[2017.09.02-04.50.46:979][336]LogModuleManager: Shutting down and abandoning module WorkspaceMenuStructure (186)
[2017.09.02-04.50.46:979][336]LogModuleManager: Shutting down and abandoning module SlateReflector (180)
[2017.09.02-04.50.46:979][336]LogModuleManager: Shutting down and abandoning module Slate (178)
[2017.09.02-04.50.46:980][336]LogModuleManager: Shutting down and abandoning module EditorStyle (176)
[2017.09.02-04.50.46:987][336]LogModuleManager: Shutting down and abandoning module SourceCodeAccess (174)
[2017.09.02-04.50.46:987][336]LogModuleManager: Shutting down and abandoning module HeadMountedDisplay (172)
[2017.09.02-04.50.46:987][336]LogModuleManager: Shutting down and abandoning module XAudio2 (170)
[2017.09.02-04.50.46:987][336]LogModuleManager: Shutting down and abandoning module Networking (168)
[2017.09.02-04.50.46:987][336]LogModuleManager: Shutting down and abandoning module Core (164)
[2017.09.02-04.50.46:987][336]LogModuleManager: Shutting down and abandoning module AssetRegistry (162)
[2017.09.02-04.50.47:099][336]LogDirectoryWatcher: A directory notification for '../../../Engine/Content/' was aborted.
[2017.09.02-04.50.47:099][336]LogDirectoryWatcher: A directory notification for '../../../../../../Users/kengo maruyama/petitcon/Content/' was aborted.
[2017.09.02-04.50.47:099][336]LogDirectoryWatcher: A directory notification for '../../../Engine/Plugins/2D/Paper2D/Content/' was aborted.
[2017.09.02-04.50.47:099][336]LogDirectoryWatcher: A directory notification for '../../../Engine/Plugins/IM4U/Content/' was aborted.
[2017.09.02-04.50.47:099][336]LogDirectoryWatcher: A directory notification for '../../../Engine/Plugins/Runtime/GearVR/Content/' was aborted.
[2017.09.02-04.50.47:104][336]LogModuleManager: Shutting down and abandoning module DirectoryWatcher (161)
[2017.09.02-04.50.47:106][336]LogModuleManager: Shutting down and abandoning module KismetCompiler (158)
[2017.09.02-04.50.47:106][336]LogModuleManager: Shutting down and abandoning module LevelSequence (156)
[2017.09.02-04.50.47:106][336]LogModuleManager: Shutting down and abandoning module PhysXFormats (154)
[2017.09.02-04.50.47:106][336]LogModuleManager: Shutting down and abandoning module MeshUtilities (152)
[2017.09.02-04.50.47:106][336]LogModuleManager: Shutting down and abandoning module SimplygonSwarm (151)
[2017.09.02-04.50.47:106][336]LogModuleManager: Shutting down and abandoning module SimplygonMeshReduction (149)
[2017.09.02-04.50.47:106][336]LogModuleManager: Shutting down and abandoning module QuadricMeshReduction (147)
[2017.09.02-04.50.47:106][336]LogModuleManager: Shutting down and abandoning module DerivedDataCache (144)
[2017.09.02-04.50.47:187][336]LogDerivedDataCache: Shutdown
[2017.09.02-04.50.47:187][336]LogModuleManager: Shutting down and abandoning module TargetPlatform (142)
[2017.09.02-04.50.47:187][336]LogModuleManager: Shutting down and abandoning module VulkanShaderFormat (141)
[2017.09.02-04.50.47:187][336]LogModuleManager: Shutting down and abandoning module ShaderFormatVectorVM (139)
[2017.09.02-04.50.47:187][336]LogModuleManager: Shutting down and abandoning module ShaderFormatOpenGL (137)
[2017.09.02-04.50.47:187][336]LogModuleManager: Shutting down and abandoning module ShaderFormatD3D (135)
[2017.09.02-04.50.47:187][336]LogModuleManager: Shutting down and abandoning module MetalShaderFormat (133)
[2017.09.02-04.50.47:187][336]LogModuleManager: Shutting down and abandoning module TextureFormatUncompressed (131)
[2017.09.02-04.50.47:187][336]LogModuleManager: Shutting down and abandoning module TextureFormatPVR (129)
[2017.09.02-04.50.47:187][336]LogModuleManager: Shutting down and abandoning module TextureFormatDXT (127)
[2017.09.02-04.50.47:187][336]LogModuleManager: Shutting down and abandoning module TextureFormatIntelISPCTexComp (125)
[2017.09.02-04.50.47:187][336]LogModuleManager: Shutting down and abandoning module TextureFormatASTC (123)
[2017.09.02-04.50.47:187][336]LogModuleManager: Shutting down and abandoning module ImageWrapper (122)
[2017.09.02-04.50.47:188][336]LogModuleManager: Shutting down and abandoning module TextureFormatAndroid (119)
[2017.09.02-04.50.47:188][336]LogModuleManager: Shutting down and abandoning module AudioFormatOpus (117)
[2017.09.02-04.50.47:188][336]LogModuleManager: Shutting down and abandoning module AudioFormatOgg (115)
[2017.09.02-04.50.47:188][336]LogModuleManager: Shutting down and abandoning module AudioFormatADPCM (113)
[2017.09.02-04.50.47:188][336]LogModuleManager: Shutting down and abandoning module LinuxTargetPlatform (111)
[2017.09.02-04.50.47:188][336]LogModuleManager: Shutting down and abandoning module LinuxServerTargetPlatform (109)
[2017.09.02-04.50.47:188][336]LogModuleManager: Shutting down and abandoning module LinuxNoEditorTargetPlatform (107)
[2017.09.02-04.50.47:188][336]LogModuleManager: Shutting down and abandoning module LinuxClientTargetPlatform (105)
[2017.09.02-04.50.47:188][336]LogModuleManager: Shutting down and abandoning module TVOSTargetPlatform (103)
[2017.09.02-04.50.47:188][336]LogModuleManager: Shutting down and abandoning module Messaging (101)
[2017.09.02-04.50.47:188][336]LogModuleManager: Shutting down and abandoning module IOSTargetPlatform (99)
[2017.09.02-04.50.47:188][336]LogModuleManager: Shutting down and abandoning module HTML5TargetPlatform (97)
[2017.09.02-04.50.47:188][336]LogModuleManager: Shutting down and abandoning module Android_PVRTCTargetPlatform (95)
[2017.09.02-04.50.47:188][336]LogModuleManager: Shutting down and abandoning module Android_MultiTargetPlatform (93)
[2017.09.02-04.50.47:188][336]LogModuleManager: Shutting down and abandoning module Android_ETC2TargetPlatform (91)
[2017.09.02-04.50.47:188][336]LogModuleManager: Shutting down and abandoning module Android_ETC1TargetPlatform (89)
[2017.09.02-04.50.47:188][336]LogModuleManager: Shutting down and abandoning module Android_DXTTargetPlatform (87)
[2017.09.02-04.50.47:188][336]LogModuleManager: Shutting down and abandoning module Android_ATCTargetPlatform (85)
[2017.09.02-04.50.47:188][336]LogModuleManager: Shutting down and abandoning module Android_ASTCTargetPlatform (83)
[2017.09.02-04.50.47:188][336]LogModuleManager: Shutting down and abandoning module AndroidTargetPlatform (81)
[2017.09.02-04.50.47:188][336]LogModuleManager: Shutting down and abandoning module WindowsTargetPlatform (79)
[2017.09.02-04.50.47:188][336]LogModuleManager: Shutting down and abandoning module WindowsServerTargetPlatform (77)
[2017.09.02-04.50.47:188][336]LogModuleManager: Shutting down and abandoning module WindowsNoEditorTargetPlatform (75)
[2017.09.02-04.50.47:188][336]LogModuleManager: Shutting down and abandoning module WindowsClientTargetPlatform (73)
[2017.09.02-04.50.47:188][336]LogModuleManager: Shutting down and abandoning module MacTargetPlatform (71)
[2017.09.02-04.50.47:188][336]LogModuleManager: Shutting down and abandoning module MacServerTargetPlatform (69)
[2017.09.02-04.50.47:188][336]LogModuleManager: Shutting down and abandoning module MacNoEditorTargetPlatform (67)
[2017.09.02-04.50.47:188][336]LogModuleManager: Shutting down and abandoning module MacClientTargetPlatform (65)
[2017.09.02-04.50.47:188][336]LogModuleManager: Shutting down and abandoning module AllDesktopTargetPlatform (63)
[2017.09.02-04.50.47:188][336]LogModuleManager: Shutting down and abandoning module InputCore (60)
[2017.09.02-04.50.47:189][336]LogModuleManager: Shutting down and abandoning module Settings (58)
[2017.09.02-04.50.47:189][336]LogModuleManager: Shutting down and abandoning module OculusRift (56)
[2017.09.02-04.50.47:189][336]LogModuleManager: Shutting down and abandoning module GearVRController (54)
[2017.09.02-04.50.47:189][336]LogModuleManager: Shutting down and abandoning module GearVR (52)
[2017.09.02-04.50.47:189][336]LogModuleManager: Shutting down and abandoning module ExampleDeviceProfileSelector (50)
[2017.09.02-04.50.47:189][336]LogModuleManager: Shutting down and abandoning module OnlineBlueprintSupport (48)
[2017.09.02-04.50.47:189][336]LogModuleManager: Shutting down and abandoning module OnlineSubsystem (44)
[2017.09.02-04.50.47:189][336]LogOnline:Display: Unloading online subsystem: NULL
[2017.09.02-04.50.47:189][336]LogModuleManager: Shutting down and abandoning module XMPP (43)
[2017.09.02-04.50.47:189][336]LogModuleManager: Shutting down and abandoning module HTTP (41)
[2017.09.02-04.50.47:189][336]LogHttp:Display: Http module shutting down, but needs to wait on 1 outstanding Http requests:
[2017.09.02-04.50.47:189][336]LogHttp:Display: 	verb=[POST] url=[https://datarouter.ol.epicgames.com/datarouter/api/v1/public/data?SessionID=%7BB59F9C83-477B-8C3E-450E-BB91AD7D29B7%7D&AppID=UEEditor.Rocket.Release&AppVersion=4.16.1-3466753%2B%2B%2BUE4%2BRelease-4.16&UserID=2c127a1545a89edf8c04e59bed9bc38d%7C9b58983219324e548224cd910be150a8%7Cd6a86ae9-d97b-48b6-acc2-2f734812868e&AppEnvironment=datacollector-binary&UploadType=eteventstream] status=Processing
[2017.09.02-04.50.47:208][336]LogModuleManager: Shutting down and abandoning module SSL (40)
[2017.09.02-04.50.47:212][336]LogModuleManager: Shutting down and abandoning module HTTPChunkInstaller (36)
[2017.09.02-04.50.47:212][336]LogModuleManager: Shutting down and abandoning module AnimationModifiers (34)
[2017.09.02-04.50.47:212][336]LogModuleManager: Shutting down and abandoning module PropertyEditor (33)
[2017.09.02-04.50.47:212][336]LogModuleManager: Shutting down and abandoning module AudioEditor (30)
[2017.09.02-04.50.47:212][336]LogModuleManager: Shutting down and abandoning module TextureCompressor (28)
[2017.09.02-04.50.47:212][336]LogModuleManager: Shutting down and abandoning module ShaderCore (26)
[2017.09.02-04.50.47:212][336]LogModuleManager: Shutting down and abandoning module Landscape (24)
[2017.09.02-04.50.47:212][336]LogModuleManager: Shutting down and abandoning module SlateRHIRenderer (22)
[2017.09.02-04.50.47:216][336]LogModuleManager: Shutting down and abandoning module OpenGLDrv (20)
[2017.09.02-04.50.47:217][336]LogModuleManager: Shutting down and abandoning module D3D11RHI (18)
[2017.09.02-04.50.47:217][336]LogModuleManager: Shutting down and abandoning module AnimGraphRuntime (16)
[2017.09.02-04.50.47:217][336]LogModuleManager: Shutting down and abandoning module Renderer (14)
[2017.09.02-04.50.47:217][336]LogModuleManager: Shutting down and abandoning module Engine (12)
[2017.09.02-04.50.47:217][336]LogModuleManager: Shutting down and abandoning module CoreUObject (10)
[2017.09.02-04.50.47:217][336]LogModuleManager: Shutting down and abandoning module NetworkFile (8)
[2017.09.02-04.50.47:217][336]LogModuleManager: Shutting down and abandoning module StreamingFile (6)
[2017.09.02-04.50.47:217][336]LogModuleManager: Shutting down and abandoning module SandboxFile (4)
[2017.09.02-04.50.47:217][336]LogModuleManager: Shutting down and abandoning module PakFile (2)
[2017.09.02-04.50.47:221][336]LogExit: Exiting.
[2017.09.02-04.50.47:258][336]Log file closed, 09/02/17 13:50:47
