Log file open, 08/16/17 11:06:58
LogInit:Display: Running engine for game: petitcon
LogPlatformFile: Not using cached read wrapper
LogInit:Display: RandInit(1394995744) SRandInit(1394995744).
LogTaskGraph: Started task graph with 5 named threads and 6 total threads with 1 sets of task threads.
LogStats: Stats thread started at 0.096111
LogInit: Using libcurl 7.47.1
LogInit:  - built for x86_64-pc-win32
LogInit:  - supports SSL with OpenSSL/1.0.2g
LogInit:  - supports HTTP deflate (compression) using libz 1.2.8
LogInit:  - other features:
LogInit:      CURL_VERSION_SSL
LogInit:      CURL_VERSION_LIBZ
LogInit:      CURL_VERSION_IPV6
LogInit:      CURL_VERSION_ASYNCHDNS
LogInit:      CURL_VERSION_LARGEFILE
LogInit:      CURL_VERSION_IDN
LogInit:  CurlRequestOptions (configurable via config and command line):
LogInit:  - bVerifyPeer = false  - Libcurl will NOT verify peer certificate
LogInit:  - bUseHttpProxy = false  - Libcurl will NOT use HTTP proxy
LogInit:  - bDontReuseConnections = false  - Libcurl will reuse connections
LogInit:  - CertBundlePath = nullptr  - Libcurl will use whatever was configured at build time.
LogInit: Build: ++UE4+Release-4.16-CL-3561208
LogInit: Engine Version: 4.16.3-3561208+++UE4+Release-4.16
LogInit: Compatible Engine Version: 4.16.0-3452394+++UE4+Release-4.16
LogInit: Net CL: 3452394
LogDevObjectVersion: Number of dev versions registered: 16
LogDevObjectVersion:   Dev-Blueprints (B0D832E4-1F89-4F0D-ACCF-7EB736FD4AA2): 9
LogDevObjectVersion:   Dev-Build (E1C64328-A22C-4D53-A36C-8E866417BD8C): 0
LogDevObjectVersion:   Dev-Core (375EC13C-06E4-48FB-B500-84F0262A717E): 2
LogDevObjectVersion:   Dev-Editor (E4B068ED-F494-42E9-A231-DA0B2E46BB41): 17
LogDevObjectVersion:   Dev-Framework (CFFC743F-43B0-4480-9391-14DF171D2073): 23
LogDevObjectVersion:   Dev-Mobile (B02B49B5-BB20-44E9-A304-32B752E40360): 0
LogDevObjectVersion:   Dev-Networking (A4E4105C-59A1-49B5-A7C5-40C4547EDFEE): 0
LogDevObjectVersion:   Dev-Online (39C831C9-5AE6-47DC-9A44-9C173E1C8E7C): 0
LogDevObjectVersion:   Dev-Physics (78F01B33-EBEA-4F98-B9B4-84EACCB95AA2): 0
LogDevObjectVersion:   Dev-Platform (6631380F-2D4D-43E0-8009-CF276956A95A): 0
LogDevObjectVersion:   Dev-Rendering (12F88B9F-8875-4AFC-A67C-D90C383ABD29): 15
LogDevObjectVersion:   Dev-Sequencer (7B5AE74C-D270-4C10-A958-57980B212A5A): 4
LogDevObjectVersion:   Dev-VR (D7296918-1DD6-4BDD-9DE2-64A83CC13884): 0
LogDevObjectVersion:   Dev-LoadTimes (C2A15278-BFE7-4AFE-6C17-90FF531DF755): 1
LogDevObjectVersion:   Private-Geometry (6EACA3D4-40EC-4CC1-B786-8BED09428FC5): 1
LogDevObjectVersion:   Dev-AnimPhys (29E575DD-E0A3-4627-9D10-D276232CDCEA): 3
LogInit: Compiled (64-bit): Jul 28 2017 11:49:47
LogInit: Compiled with Visual C++: 19.00.24215.01
LogInit: Build Configuration: Development
LogInit: Branch Name: ++UE4+Release-4.16
LogInit: Command line: -EpicPortal 
LogInit: Base directory: C:/Program Files/Epic Games/UE_4.16/Engine/Binaries/Win64/
LogInit: Installed Engine Build: 1
LogInit: Presizing for max 8388607 objects, including 0 objects not considered by GC, pre-allocating 0 bytes for permanent pool.
LogInit: Object subsystem initialized
[2017.08.16-02.06.59:821][  0]LogInit: Selected Device Profile: [Windows]
[2017.08.16-02.06.59:821][  0]LogInit: Applying CVar settings loaded from the selected device profile: [Windows]
[2017.08.16-02.06.59:846][  0]LogInit: Computer: DESKTOP-QTEU8JE
[2017.08.16-02.06.59:846][  0]LogInit: User: klca0
[2017.08.16-02.06.59:846][  0]LogInit: CPU Page size=4096, Cores=2
[2017.08.16-02.06.59:846][  0]LogInit: High frequency timer resolution =2.437502 MHz
[2017.08.16-02.06.59:846][  0]LogMemory: Memory total: Physical=7.9GB (8GB approx)
[2017.08.16-02.06.59:846][  0]LogMemory: Platform Memory Stats for Windows
[2017.08.16-02.06.59:846][  0]LogMemory: Process Physical Memory: 274.12 MB used, 274.12 MB peak
[2017.08.16-02.06.59:846][  0]LogMemory: Process Virtual Memory: 267.86 MB used, 267.86 MB peak
[2017.08.16-02.06.59:846][  0]LogMemory: Physical Memory: 6143.16 MB used,  1973.94 MB free, 8117.11 MB total
[2017.08.16-02.06.59:846][  0]LogMemory: Virtual Memory: 641.00 MB used,  1973.94 MB free, 134217728.00 MB total
[2017.08.16-02.07.00:119][  0]LogInit: Using OS detected language (ja-JP).
[2017.08.16-02.07.00:119][  0]LogInit: Using OS detected locale (ja-JP).
[2017.08.16-02.07.00:124][  0]LogTextLocalizationManager: No specific localization for 'ja-JP' exists, so the 'ja' localization will be used.
[2017.08.16-02.07.01:307][  0]LogD3D11RHI: D3D11 adapters:
[2017.08.16-02.07.01:317][  0]LogD3D11RHI:    0. 'Intel(R) HD Graphics 520' (Feature Level 11_0)
[2017.08.16-02.07.01:317][  0]LogD3D11RHI:       128/0/4058 MB DedicatedVideo/DedicatedSystem/SharedSystem, Outputs:1, VendorId:0x8086
[2017.08.16-02.07.01:319][  0]LogD3D11RHI:    1. 'Microsoft Basic Render Driver' (Feature Level 11_0)
[2017.08.16-02.07.01:319][  0]LogD3D11RHI:       0/0/4058 MB DedicatedVideo/DedicatedSystem/SharedSystem, Outputs:0, VendorId:0x1414
[2017.08.16-02.07.01:319][  0]LogD3D11RHI: Chosen D3D11 Adapter: 0
[2017.08.16-02.07.01:324][  0]LogD3D11RHI: Creating new Direct3DDevice
[2017.08.16-02.07.01:324][  0]LogD3D11RHI:     GPU DeviceId: 0x1916 (for the marketing name, search the web for "GPU Device Id")
[2017.08.16-02.07.01:324][  0]LogWindows: EnumDisplayDevices:
[2017.08.16-02.07.01:324][  0]LogWindows:    0. 'Intel(R) HD Graphics 520' (P:1 D:1)
[2017.08.16-02.07.01:324][  0]LogWindows:    1. 'Intel(R) HD Graphics 520' (P:0 D:0)
[2017.08.16-02.07.01:324][  0]LogWindows:    2. 'Intel(R) HD Graphics 520' (P:0 D:0)
[2017.08.16-02.07.01:325][  0]LogWindows: DebugString: FoundDriverCount:3 
[2017.08.16-02.07.01:325][  0]LogD3D11RHI:     Adapter Name: Intel(R) HD Graphics 520
[2017.08.16-02.07.01:325][  0]LogD3D11RHI:   Driver Version: 21.20.16.4627 (internal:21.20.16.4627, unified:21.20.16.4627)
[2017.08.16-02.07.01:325][  0]LogD3D11RHI:      Driver Date: 3-9-2017
[2017.08.16-02.07.01:325][  0]LogRHI: Texture pool is 1361 MB (70% of 1945 MB)
[2017.08.16-02.07.01:331][  0]LogD3D11RHI: Async texture creation enabled
[2017.08.16-02.07.01:337][  0]LogD3D11RHI: GPU Timing Frequency: 12.000000 (Debug: 2 0)
[2017.08.16-02.07.01:339][  0]LogShaderCompilers: Guid format shader working directory is -3 characters bigger than the processId version (../../../../../../Users/klca0/Documents/petitcon/Intermediate/Shaders/WorkingDirectory/17944/).
[2017.08.16-02.07.01:339][  0]LogShaderCompilers: Cleaned the shader compiler working directory 'C:/Users/klca0/AppData/Local/Temp/UnrealShaderWorkingDir/A633BB8E4225EFF92FD0EFB5D0C345BD/'.
[2017.08.16-02.07.01:339][  0]LogShaderCompilers:Display: Using Local Shader Compiler.
[2017.08.16-02.07.03:115][  0]LogTemp:Display: Loaded TP AllDesktopTargetPlatform
[2017.08.16-02.07.03:199][  0]LogTemp:Display: Loaded TP MacClientTargetPlatform
[2017.08.16-02.07.03:286][  0]LogTemp:Display: Loaded TP MacNoEditorTargetPlatform
[2017.08.16-02.07.03:376][  0]LogTemp:Display: Loaded TP MacServerTargetPlatform
[2017.08.16-02.07.03:467][  0]LogTemp:Display: Loaded TP MacTargetPlatform
[2017.08.16-02.07.03:552][  0]LogTemp:Display: Loaded TP WindowsClientTargetPlatform
[2017.08.16-02.07.03:641][  0]LogTemp:Display: Loaded TP WindowsNoEditorTargetPlatform
[2017.08.16-02.07.03:733][  0]LogTemp:Display: Loaded TP WindowsServerTargetPlatform
[2017.08.16-02.07.03:817][  0]LogTemp:Display: Loaded TP WindowsTargetPlatform
[2017.08.16-02.07.03:901][  0]LogTemp:Display: Loaded TP AndroidTargetPlatform
[2017.08.16-02.07.03:983][  0]LogTemp:Display: Loaded TP Android_ASTCTargetPlatform
[2017.08.16-02.07.04:084][  0]LogTemp:Display: Loaded TP Android_ATCTargetPlatform
[2017.08.16-02.07.04:209][  0]LogTemp:Display: Loaded TP Android_DXTTargetPlatform
[2017.08.16-02.07.04:292][  0]LogTemp:Display: Loaded TP Android_ETC1TargetPlatform
[2017.08.16-02.07.04:377][  0]LogTemp:Display: Loaded TP Android_ETC2TargetPlatform
[2017.08.16-02.07.04:549][  0]LogTemp:Display: Loaded TP Android_MultiTargetPlatform
[2017.08.16-02.07.04:549][  0]LogTemp:Display: Loaded TP Android_PVRTCTargetPlatform
[2017.08.16-02.07.04:622][  0]LogTemp:Display: Loaded TP HTML5TargetPlatform
[2017.08.16-02.07.04:771][  0]LogTemp:Display: Loaded TP IOSTargetPlatform
[2017.08.16-02.07.04:824][  0]LogTemp:Display: Loaded TP TVOSTargetPlatform
[2017.08.16-02.07.04:909][  0]LogTemp:Display: Loaded TP LinuxClientTargetPlatform
[2017.08.16-02.07.05:000][  0]LogTemp:Display: Loaded TP LinuxNoEditorTargetPlatform
[2017.08.16-02.07.05:085][  0]LogTemp:Display: Loaded TP LinuxServerTargetPlatform
[2017.08.16-02.07.05:173][  0]LogTemp:Display: Loaded TP LinuxTargetPlatform
[2017.08.16-02.07.05:173][  0]LogTargetPlatformManager:Display: Building Assets For Windows
[2017.08.16-02.07.06:271][  0]LogDerivedDataCache:Display: Max Cache Size: 512 MB
[2017.08.16-02.07.06:375][  0]LogDerivedDataCache: Loaded boot cache 0.10s 90MB C:/Users/klca0/AppData/Local/UnrealEngine/4.16/DerivedDataCache/Boot.ddc.
[2017.08.16-02.07.06:375][  0]LogDerivedDataCache:Display: Loaded Boot cache: C:/Users/klca0/AppData/Local/UnrealEngine/4.16/DerivedDataCache/Boot.ddc
[2017.08.16-02.07.06:375][  0]LogDerivedDataCache: FDerivedDataBackendGraph:  Pak pak cache file ../../../../../../Users/klca0/Documents/petitcon/DerivedDataCache/DDC.ddp not found, will not use a pak cache.
[2017.08.16-02.07.06:375][  0]LogDerivedDataCache: Unable to find inner node Pak for hierarchical cache Hierarchy.
[2017.08.16-02.07.06:376][  0]LogDerivedDataCache: FDerivedDataBackendGraph:  CompressedPak pak cache file ../../../../../../Users/klca0/Documents/petitcon/DerivedDataCache/Compressed.ddp not found, will not use a pak cache.
[2017.08.16-02.07.06:376][  0]LogDerivedDataCache: Unable to find inner node CompressedPak for hierarchical cache Hierarchy.
[2017.08.16-02.07.06:398][  0]LogDerivedDataCache:Display: Pak cache opened for reading ../../../Engine/DerivedDataCache/Compressed.ddp.
[2017.08.16-02.07.06:411][  0]LogDerivedDataCache: Using Local data cache path C:/Users/klca0/AppData/Local/UnrealEngine/Common/DerivedDataCache: Writable
[2017.08.16-02.07.06:422][  0]LogMaterial: Verifying Global Shaders for PCD3D_SM5
[2017.08.16-02.07.06:422][  0]LogSlate: Using Freetype 2.6.0
[2017.08.16-02.07.06:423][  0]LogSlate: SlateFontCache - WITH_FREETYPE: 1, WITH_HARFBUZZ: 1
[2017.08.16-02.07.06:423][  0]LogSlate: SlateFontCache - WITH_FREETYPE: 1, WITH_HARFBUZZ: 1
[2017.08.16-02.07.06:882][  0]LogInit: Selected Device Profile: [Windows]
[2017.08.16-02.07.06:963][  0]LogContentStreaming: Texture pool size is 0.00 MB
[2017.08.16-02.07.07:211][  0]LogMeshUtilities: Using QuadricMeshReduction for automatic static mesh reduction
[2017.08.16-02.07.07:293][  0]LogSimplygon: Simplygon DLL not present - disabling.
[2017.08.16-02.07.07:441][  0]LogMeshUtilities: Using SimplygonSwarm for distributed automatic mesh merging
[2017.08.16-02.07.07:441][  0]LogMeshUtilities: No automatic skeletal mesh reduction module available
[2017.08.16-02.07.07:441][  0]LogMeshUtilities: No automatic mesh merging module available
[2017.08.16-02.07.08:302][  0]LogNetVersion: petitcon , NetCL: 3452394, EngineNetVer: 2, GameNetVer: 0 (Checksum: 2069337989)
[2017.08.16-02.07.08:415][  0]LogAssetRegistry: FAssetRegistry took 0.0271 seconds to start up
[2017.08.16-02.07.08:537][  0]LogPackageLocalizationCache: Processed 4 localized package path(s) for 2 prioritized culture(s) in 0.064967 seconds
[2017.08.16-02.07.08:549][  0]LogUObjectArray: 34194 objects as part of root set at end of initial load.
[2017.08.16-02.07.08:549][  0]LogUObjectAllocator: 7260416 out of 0 bytes used by permanent object pool.
[2017.08.16-02.07.08:549][  0]LogUObjectArray: CloseDisregardForGC: 0/0 objects in disregard for GC pool
[2017.08.16-02.07.08:700][  0]LogInit: WinSock: version 1.1 (2.2), MaxSocks=32767, MaxUdp=65467
[2017.08.16-02.07.12:476][  0]LogTcpMessaging: Initializing TcpMessaging bridge
[2017.08.16-02.07.12:544][  0]LogUdpMessaging: Initializing bridge on interface 0.0.0.0:0 to multicast group 230.0.0.1:6666.
[2017.08.16-02.07.13:465][  0]LogMaterial: Uniform references updated for custom material expression Custom.
[2017.08.16-02.07.14:239][  0]SourceControl: 情報 ソースコントロールは無効です
[2017.08.16-02.07.14:352][  0]SourceControl: 情報 ソースコントロールは無効です
[2017.08.16-02.07.14:440][  0]SourceControl: 情報 ソースコントロールは無効です
[2017.08.16-02.07.14:545][  0]SourceControl: 情報 ソースコントロールは無効です
[2017.08.16-02.07.16:007][  0]LogAndroidPermission: UAndroidPermissionCallbackProxy::GetInstance
[2017.08.16-02.07.17:307][  0]LogEngine: Initializing Engine...
[2017.08.16-02.07.17:308][  0]LogHMD: Failed to initialize OpenVR with code 110
[2017.08.16-02.07.17:549][  0]LogStats: UGameplayTagsManager::ConstructGameplayTagTree: Construct from data asset -  0.000 s
[2017.08.16-02.07.17:549][  0]LogStats: UGameplayTagsManager::ConstructGameplayTagTree: GameplayTagTreeChangedEvent.Broadcast -  0.000 s
[2017.08.16-02.07.17:777][  0]LogAIModule: Creating AISystem for world Untitled
[2017.08.16-02.07.17:789][  0]LogInit: XAudio2 using 'ヘッドホン (Realtek High Definition Audio(SST))' : 2 channels at 48 kHz using 32 bits per sample (channel mask 0x3)
[2017.08.16-02.07.17:804][  0]LogInit: FAudioDevice initialized.
[2017.08.16-02.07.17:856][  0]LogDerivedDataCache: Saved boot cache 0.05s 90MB C:/Users/klca0/AppData/Local/UnrealEngine/4.16/DerivedDataCache/Boot.ddc.
[2017.08.16-02.07.17:865][  0]LogInit: Texture streaming: Enabled
[2017.08.16-02.07.18:050][  0]LogEngineSessionManager: EngineSessionManager initialized
[2017.08.16-02.07.18:432][  0]LogInit: Transaction tracking system initialized
[2017.08.16-02.07.18:988][  0]BlueprintLog: New page: エディタの読み込み
[2017.08.16-02.07.20:690][  0]LocalizationService: 情報 ローカライズのサービスが無効になりました
[2017.08.16-02.07.21:889][  0]LogConsoleResponse:Display: 
[2017.08.16-02.07.22:099][  0]LogCook:Display: Max memory allowance for cook 16384mb min free memory 0mb
[2017.08.16-02.07.22:099][  0]LogFileCache: Scanning file cache for directory 'C:/Users/klca0/Documents/petitcon/Content/' took 0.02s
[2017.08.16-02.07.22:099][  0]LogCook:Display: Mobile HDR setting 1
[2017.08.16-02.07.23:856][  0]SourceControl: 情報 ソースコントロールは無効です
[2017.08.16-02.07.23:856][  0]Cmd: MAP LOAD FILE="../../../../../../Users/klca0/Documents/petitcon/Content/VehicleAdvBP/Maps/LooptyLoopMap.umap" TEMPLATE=0 SHOWPROGRESS=1 FEATURELEVEL=3
[2017.08.16-02.07.23:856][  0]LightingResults: New page: ライティングのビルド
[2017.08.16-02.07.23:932][  0]MapCheck: New page: マップをチェック
[2017.08.16-02.07.23:932][  0]LightingResults: New page: <何も選択されていません>
[2017.08.16-02.07.25:047][  0]LogAIModule: Creating AISystem for world LooptyLoopMap
[2017.08.16-02.07.25:096][  0]LogEditorServer: Finished looking for orphan Actors (0.000 secs)
[2017.08.16-02.07.25:168][  0]Cmd: MAP CHECKDEP NOCLEARLOG
[2017.08.16-02.07.25:236][  0]MapCheck: 情報 マップチェックが完了: 0 エラー、 0 警告、完了に 68.514ミリ秒かかりました。
[2017.08.16-02.07.25:236][  0]LogFileHelpers: Loading map 'LooptyLoopMap' took 1.381
[2017.08.16-02.07.25:467][  0]LogCollectionManager: Loaded 0 collections in 0.002231 seconds
[2017.08.16-02.07.25:587][  0]LogFileCache: Scanning file cache for directory 'C:/Users/klca0/Documents/petitcon/Saved/Collections/' took 0.01s
[2017.08.16-02.07.25:587][  0]LogFileCache: Scanning file cache for directory 'C:/Users/klca0/Documents/petitcon/Content/Developers/klca0/Collections/' took 0.01s
[2017.08.16-02.07.25:587][  0]LogFileCache: Scanning file cache for directory 'C:/Users/klca0/Documents/petitcon/Content/Collections/' took 0.01s
[2017.08.16-02.07.25:587][  0]LogCollectionManager: Rebuilt the GUID cache for 0 collections in 0.000004 seconds
[2017.08.16-02.07.25:599][  0]LogContentBrowser: Native class hierarchy populated in 0.0116 seconds. Added 2331 classes and 494 folders.
[2017.08.16-02.07.25:724][  0]LogContentBrowser: Native class hierarchy updated for 'WidgetCarousel' in 0.0006 seconds. Added 0 classes and 0 folders.
[2017.08.16-02.07.25:767][  0]LogContentBrowser: Native class hierarchy updated for 'AddContentDialog' in 0.0005 seconds. Added 0 classes and 0 folders.
[2017.08.16-02.07.25:843][  0]LogContentBrowser: Native class hierarchy updated for 'SceneOutliner' in 0.0009 seconds. Added 1 classes and 2 folders.
[2017.08.16-02.07.25:908][  0]LogCrashTracker: Crashtracker disabled due to settings.
[2017.08.16-02.07.25:917][  0]LogSlate: Took 0.000228 seconds to synchronously load lazily loaded font '../../../Engine/Content/Slate/Fonts/Roboto-Regular.ttf' (155K)
[2017.08.16-02.07.25:922][  0]LogSlate: Took 0.003093 seconds to synchronously load lazily loaded font '../../../Engine/Content/Slate/Fonts/DroidSansFallback.ttf' (3848K)
[2017.08.16-02.07.25:923][  0]LogSlate: Took 0.000265 seconds to synchronously load lazily loaded font '../../../Engine/Content/Slate/Fonts/Roboto-Bold.ttf' (160K)
[2017.08.16-02.07.25:928][  0]LogSlate: Took 0.000257 seconds to synchronously load lazily loaded font '../../../Engine/Content/Editor/Slate/Fonts/FontAwesome.ttf' (139K)
[2017.08.16-02.07.26:039][  0]LogRenderer: Reallocating scene render targets to support 892x464 NumSamples 1 (Frame:1).
[2017.08.16-02.07.26:714][  0]LogUObjectGlobals:Warning: オブジェクト 'Class なし.' が見つかりませんでした
[2017.08.16-02.07.26:815][  0]LogContentBrowser: Native class hierarchy updated for 'HierarchicalLODOutliner' in 0.0007 seconds. Added 1 classes and 2 folders.
[2017.08.16-02.07.26:815][  0]LogLoad: (Engine Initialization) Total time: 29.85 seconds
[2017.08.16-02.07.26:815][  0]LogLoad: (Engine Initialization) Total Blueprint compile time: 0.40 seconds
[2017.08.16-02.07.26:815][  0]LogExternalProfiler: Found external profiler: VSPerf
[2017.08.16-02.07.26:815][  0]LogExternalProfiler: Using external profiler: VSPerf
[2017.08.16-02.07.26:843][  0]LogOcInput: OculusInput pre-init called
[2017.08.16-02.07.26:844][  0]LogRawInputWindows:Warning: Found device 0 devices
[2017.08.16-02.07.26:844][  0]LogRawInputWindows:Warning: Found device 0 devices
[2017.08.16-02.07.26:844][  0]LogRawInputWindows:Warning: Device was registered succesfully but not connected (Usage:4 UsagePage:1
[2017.08.16-02.07.26:844][  0]LogRawInputWindows:Warning: Found device 1 devices
[2017.08.16-02.07.26:844][  0]LogRawInputWindows:Warning: Device was registered succesfully but not connected (Usage:5 UsagePage:1
[2017.08.16-02.07.26:844][  0]LogHMD: Starting GearVRController plugin
[2017.08.16-02.07.26:864][  0]LogContentStreaming: Texture pool size now 1000 MB
[2017.08.16-02.07.26:895][  0]LogSlate: Took 0.000245 seconds to synchronously load lazily loaded font '../../../Engine/Content/Slate/Fonts/Roboto-Light.ttf' (159K)
[2017.08.16-02.07.26:926][  1]LogAssetRegistry: Asset discovery search completed in 18.5333 seconds
[2017.08.16-02.07.26:929][  1]LogCollectionManager: Rebuilt the object cache for 0 collections in 0.000000 seconds (found 0 objects)
[2017.08.16-02.07.26:929][  1]LogCollectionManager: Fixed up redirectors for 0 collections in 0.000052 seconds (updated 0 objects)
[2017.08.16-02.07.29:613][ 74]LogTemp: Repeting last play command: 選択ビューポート
[2017.08.16-02.07.29:665][ 74]LogPlayLevel: PlayLevel: No blueprints needed recompiling
[2017.08.16-02.07.29:666][ 74]PIE: New page: PIEセッション: LooptyLoopMap (2017/08/16 20:07:29)
[2017.08.16-02.07.29:666][ 74]LogPlayLevel: Creating play world package: /Game/VehicleAdvBP/Maps/UEDPIE_0_LooptyLoopMap
[2017.08.16-02.07.29:700][ 74]LogPlayLevel: PIE: StaticDuplicateObject took: (0.033979s)
[2017.08.16-02.07.29:700][ 74]LogAIModule: Creating AISystem for world LooptyLoopMap
[2017.08.16-02.07.29:701][ 74]LogPlayLevel: PIE: World Init took: (0.000953s)
[2017.08.16-02.07.29:701][ 74]LogPlayLevel: PIE: Created PIE world by copying editor world from /Game/VehicleAdvBP/Maps/LooptyLoopMap.LooptyLoopMap to /Game/VehicleAdvBP/Maps/UEDPIE_0_LooptyLoopMap.LooptyLoopMap (0.035294s)
[2017.08.16-02.07.29:732][ 74]LogInit: XAudio2 using 'ヘッドホン (Realtek High Definition Audio(SST))' : 2 channels at 48 kHz using 32 bits per sample (channel mask 0x3)
[2017.08.16-02.07.29:745][ 74]LogInit: FAudioDevice initialized.
[2017.08.16-02.07.29:799][ 74]LogLoad: Game class is 'VehicleAdvGameMode_C'
[2017.08.16-02.07.29:806][ 74]LogWorld: Bringing World /Game/VehicleAdvBP/Maps/UEDPIE_0_LooptyLoopMap.LooptyLoopMap up for play (max tick rate 60) at 2017.08.16-11.07.29
[2017.08.16-02.07.29:807][ 74]LogWorld: Bringing up level for play took: 0.006419
[2017.08.16-02.07.29:887][ 74]LogContentBrowser: Native class hierarchy updated for 'MovieSceneCapture' in 0.0007 seconds. Added 11 classes and 0 folders.
[2017.08.16-02.07.29:894][ 74]PIE: 情報 /Game/VehicleAdvBP/Maps/UEDPIE_0_LooptyLoopMap 0.982のプレイ イン エディタの開始時間
[2017.08.16-02.08.14:262][556]LogBlueprintUserMessages: [MyPlayerContoller_C_0] 1
[2017.08.16-02.08.20:276][755]Cmd: RestartLevel
[2017.08.16-02.08.20:307][756]LogNet: Browse: /Game/VehicleAdvBP/Maps/LooptyLoopMap?restart
[2017.08.16-02.08.20:338][756]LogLoad: LoadMap: /Game/VehicleAdvBP/Maps/LooptyLoopMap
[2017.08.16-02.08.20:342][756]PIE:Warning: 警告 Attempting to move a fully simulated skeletal mesh VehicleMesh. Please use the Teleport flag
[2017.08.16-02.08.20:345][756]LogPawn:Error: DisableInput can only be specified on a Pawn for its Controller
[2017.08.16-02.08.20:400][756]Cmd: MEM
[2017.08.16-02.08.20:439][756]LogMemory: Platform Memory Stats for Windows
[2017.08.16-02.08.20:439][756]LogMemory: Process Physical Memory: 1452.87 MB used, 1460.48 MB peak
[2017.08.16-02.08.20:439][756]LogMemory: Process Virtual Memory: 1398.48 MB used, 1408.08 MB peak
[2017.08.16-02.08.20:439][756]LogMemory: Physical Memory: 6472.96 MB used,  1644.14 MB free, 8117.11 MB total
[2017.08.16-02.08.20:439][756]LogMemory: Virtual Memory: 2217.64 MB used,  1644.14 MB free, 134217728.00 MB total
[2017.08.16-02.08.20:439][756]LogMemory: 
[2017.08.16-02.08.20:439][756]Allocator Stats for TBB: (not implemented)
[2017.08.16-02.08.20:439][756]LogPlayLevel: Creating play world package: /Game/VehicleAdvBP/Maps/UEDPIE_0_LooptyLoopMap
[2017.08.16-02.08.20:487][756]LogPlayLevel: PIE: StaticDuplicateObject took: (0.048046s)
[2017.08.16-02.08.20:488][756]LogAIModule: Creating AISystem for world LooptyLoopMap
[2017.08.16-02.08.20:488][756]LogPlayLevel: PIE: World Init took: (0.001351s)
[2017.08.16-02.08.20:488][756]LogPlayLevel: PIE: Created PIE world by copying editor world from /Game/VehicleAdvBP/Maps/LooptyLoopMap.LooptyLoopMap to /Game/VehicleAdvBP/Maps/UEDPIE_0_LooptyLoopMap.LooptyLoopMap (0.049775s)
[2017.08.16-02.08.20:488][756]LogLoad: Game class is 'VehicleAdvGameMode_C'
[2017.08.16-02.08.20:501][756]LogWorld: Bringing World /Game/VehicleAdvBP/Maps/UEDPIE_0_LooptyLoopMap.LooptyLoopMap up for play (max tick rate 60) at 2017.08.16-11.08.20
[2017.08.16-02.08.20:502][756]LogWorld: Bringing up level for play took: 0.010933
[2017.08.16-02.08.20:510][756]LogLoad: Took 0.172113 seconds to LoadMap(/Game/VehicleAdvBP/Maps/UEDPIE_0_LooptyLoopMap)
[2017.08.16-02.09.12:287][189]LogSlate: Took 0.000616 seconds to synchronously load lazily loaded font '../../../Engine/Content/Slate/Fonts/Roboto-Light.ttf' (159K)
[2017.08.16-02.09.12:896][189]LogContentBrowser: Native class hierarchy updated for 'BlueprintGraph' in 0.0012 seconds. Added 112 classes and 0 folders.
[2017.08.16-02.09.13:773][189]LogSlate: Took 0.000177 seconds to synchronously load lazily loaded font '../../../Engine/Content/Slate/Fonts/Roboto-Light.ttf' (159K)
[2017.08.16-02.09.13:775][189]LogSlate: Took 0.002023 seconds to synchronously load lazily loaded font '../../../Engine/Content/Editor/Slate/Fonts/Roboto-BoldCondensed.ttf' (158K)
[2017.08.16-02.18.20:137][418]LogFileHelpers: Editor autosave (incl. sublevels) for '/Game/VehicleAdvBP/Maps/LooptyLoopMap' took 0.057
[2017.08.16-02.18.20:141][418]OBJ SavePackage: Generating thumbnails for [0] asset(s) in package [/Game/Blueprints/UI/HUD] ([1] browsable assets)...
[2017.08.16-02.18.20:141][418]OBJ SavePackage: Finished generating thumbnails for package [/Game/Blueprints/UI/HUD]
[2017.08.16-02.18.20:141][418]Cmd: OBJ SAVEPACKAGE PACKAGE="/Game/Blueprints/UI/HUD" FILE="../../../../../../Users/klca0/Documents/petitcon/Saved/Autosaves/Game/Blueprints/UI/HUD_Auto1.uasset" SILENT=false AUTOSAVING=true
[2017.08.16-02.18.20:295][418]LogSavePackage: Save=129.51ms
[2017.08.16-02.18.20:295][418]LogSavePackage: Moving '../../../../../../Users/klca0/Documents/petitcon/Saved/HUD_Auto1D0F717D0491C553AB4CED2A5BF9D78DC.tmp' to '../../../../../../Users/klca0/Documents/petitcon/Saved/Autosaves/Game/Blueprints/UI/HUD_Auto1.uasset'
[2017.08.16-02.18.20:298][418]LogSavePackage:Display: Finished SavePackage ../../../../../../Users/klca0/Documents/petitcon/Saved/Autosaves/Game/Blueprints/UI/HUD_Auto1.uasset
[2017.08.16-02.18.20:298][418]LogFileHelpers: Auto-saving content packages took 0.159
[2017.08.16-02.27.23:029][438]LogEditorTransaction: Undo Left を編集
[2017.08.16-02.27.24:670][522]LogEditorTransaction: Undo Left を編集
[2017.08.16-02.27.25:524][565]LogEditorTransaction: Undo Left を編集
[2017.08.16-02.27.26:628][623]LogEditorTransaction: Undo Left を編集
[2017.08.16-02.27.27:250][652]LogEditorTransaction: Undo アニメート可能なプロパティを変更しました
[2017.08.16-02.27.27:850][679]LogEditorTransaction: Undo Left を編集
[2017.08.16-02.27.28:840][730]LogEditorTransaction: Undo アニメート可能なプロパティを変更しました
[2017.08.16-02.27.30:967][849]LogEditorTransaction: Undo Left を編集
[2017.08.16-02.27.31:688][884]LogEditorTransaction: Undo Left を編集
[2017.08.16-02.27.32:489][924]LogEditorTransaction: Undo Left を編集
[2017.08.16-02.27.33:477][975]LogEditorTransaction: Undo アニメート可能なプロパティを変更しました
[2017.08.16-02.28.46:363][974]LogFileHelpers: Editor autosave (incl. sublevels) for '/Game/VehicleAdvBP/Maps/LooptyLoopMap' took 0.114
[2017.08.16-02.28.46:366][974]OBJ SavePackage: Generating thumbnails for [0] asset(s) in package [/Game/Blueprints/UI/HUD] ([1] browsable assets)...
[2017.08.16-02.28.46:366][974]OBJ SavePackage: Finished generating thumbnails for package [/Game/Blueprints/UI/HUD]
[2017.08.16-02.28.46:366][974]Cmd: OBJ SAVEPACKAGE PACKAGE="/Game/Blueprints/UI/HUD" FILE="../../../../../../Users/klca0/Documents/petitcon/Saved/Autosaves/Game/Blueprints/UI/HUD_Auto2.uasset" SILENT=false AUTOSAVING=true
[2017.08.16-02.28.46:559][974]LogSavePackage: Save=176.17ms
[2017.08.16-02.28.46:559][974]LogSavePackage: Moving '../../../../../../Users/klca0/Documents/petitcon/Saved/HUD_Auto2EC465D104CAF7E733EA16EBA43506051.tmp' to '../../../../../../Users/klca0/Documents/petitcon/Saved/Autosaves/Game/Blueprints/UI/HUD_Auto2.uasset'
[2017.08.16-02.28.46:563][974]LogSavePackage:Display: Finished SavePackage ../../../../../../Users/klca0/Documents/petitcon/Saved/Autosaves/Game/Blueprints/UI/HUD_Auto2.uasset
[2017.08.16-02.28.46:563][974]LogFileHelpers: Auto-saving content packages took 0.199
[2017.08.16-02.32.46:185][506]LogEditorTransaction: Undo アニメート可能なプロパティを変更しました
[2017.08.16-02.32.59:390][283]Cmd: OBJ SAVEPACKAGE PACKAGE="/Game/Blueprints/UI/HUD" FILE="../../../../../../Users/klca0/Documents/petitcon/Content/Blueprints/UI/HUD.uasset" SILENT=true
[2017.08.16-02.32.59:503][283]LogSavePackage: Save=100.68ms
[2017.08.16-02.32.59:503][283]LogSavePackage: Moving '../../../../../../Users/klca0/Documents/petitcon/Saved/HUDED4B27964656FCC812FC2DA6F08C497E.tmp' to '../../../../../../Users/klca0/Documents/petitcon/Content/Blueprints/UI/HUD.uasset'
[2017.08.16-02.32.59:508][283]LogSavePackage:Display: Finished SavePackage ../../../../../../Users/klca0/Documents/petitcon/Content/Blueprints/UI/HUD.uasset
[2017.08.16-02.40.48:258][274]LogFileHelpers: Editor autosave (incl. sublevels) for '/Game/VehicleAdvBP/Maps/LooptyLoopMap' took 0.077
[2017.08.16-02.40.48:261][274]OBJ SavePackage: Generating thumbnails for [0] asset(s) in package [/Game/Blueprints/UI/HUD] ([1] browsable assets)...
[2017.08.16-02.40.48:261][274]OBJ SavePackage: Finished generating thumbnails for package [/Game/Blueprints/UI/HUD]
[2017.08.16-02.40.48:261][274]Cmd: OBJ SAVEPACKAGE PACKAGE="/Game/Blueprints/UI/HUD" FILE="../../../../../../Users/klca0/Documents/petitcon/Saved/Autosaves/Game/Blueprints/UI/HUD_Auto3.uasset" SILENT=false AUTOSAVING=true
[2017.08.16-02.40.48:392][274]LogSavePackage: Save=123.50ms
[2017.08.16-02.40.48:392][274]LogSavePackage: Moving '../../../../../../Users/klca0/Documents/petitcon/Saved/HUD_Auto3AA55D2BC4FDAD2DF2F75EAB2D3F4FA9E.tmp' to '../../../../../../Users/klca0/Documents/petitcon/Saved/Autosaves/Game/Blueprints/UI/HUD_Auto3.uasset'
[2017.08.16-02.40.48:419][274]LogSavePackage:Display: Finished SavePackage ../../../../../../Users/klca0/Documents/petitcon/Saved/Autosaves/Game/Blueprints/UI/HUD_Auto3.uasset
[2017.08.16-02.40.48:419][274]LogFileHelpers: Auto-saving content packages took 0.161
[2017.08.16-02.51.40:121][106]LogFileHelpers: Editor autosave (incl. sublevels) for '/Game/VehicleAdvBP/Maps/LooptyLoopMap' took 0.186
[2017.08.16-02.51.40:128][106]OBJ SavePackage: Generating thumbnails for [0] asset(s) in package [/Game/Blueprints/UI/HUD] ([1] browsable assets)...
[2017.08.16-02.51.40:128][106]OBJ SavePackage: Finished generating thumbnails for package [/Game/Blueprints/UI/HUD]
[2017.08.16-02.51.40:129][106]Cmd: OBJ SAVEPACKAGE PACKAGE="/Game/Blueprints/UI/HUD" FILE="../../../../../../Users/klca0/Documents/petitcon/Saved/Autosaves/Game/Blueprints/UI/HUD_Auto4.uasset" SILENT=false AUTOSAVING=true
[2017.08.16-02.51.40:435][106]LogSavePackage: Save=285.71ms
[2017.08.16-02.51.40:435][106]LogSavePackage: Moving '../../../../../../Users/klca0/Documents/petitcon/Saved/HUD_Auto45D19C7D946F8DECD4EB33E94BCE40BE7.tmp' to '../../../../../../Users/klca0/Documents/petitcon/Saved/Autosaves/Game/Blueprints/UI/HUD_Auto4.uasset'
[2017.08.16-02.51.40:463][106]LogSavePackage:Display: Finished SavePackage ../../../../../../Users/klca0/Documents/petitcon/Saved/Autosaves/Game/Blueprints/UI/HUD_Auto4.uasset
[2017.08.16-02.51.40:463][106]LogFileHelpers: Auto-saving content packages took 0.336
[2017.08.16-03.01.47:863][452]LogFileHelpers: Editor autosave (incl. sublevels) for '/Game/VehicleAdvBP/Maps/LooptyLoopMap' took 0.051
[2017.08.16-03.01.47:868][452]OBJ SavePackage: Generating thumbnails for [0] asset(s) in package [/Game/Blueprints/UI/HUD] ([1] browsable assets)...
[2017.08.16-03.01.47:868][452]OBJ SavePackage: Finished generating thumbnails for package [/Game/Blueprints/UI/HUD]
[2017.08.16-03.01.47:868][452]Cmd: OBJ SAVEPACKAGE PACKAGE="/Game/Blueprints/UI/HUD" FILE="../../../../../../Users/klca0/Documents/petitcon/Saved/Autosaves/Game/Blueprints/UI/HUD_Auto5.uasset" SILENT=false AUTOSAVING=true
[2017.08.16-03.01.48:037][452]LogSavePackage: Save=160.30ms
[2017.08.16-03.01.48:037][452]LogSavePackage: Moving '../../../../../../Users/klca0/Documents/petitcon/Saved/HUD_Auto5B6C64070460A6EECA9CA379921CFA595.tmp' to '../../../../../../Users/klca0/Documents/petitcon/Saved/Autosaves/Game/Blueprints/UI/HUD_Auto5.uasset'
[2017.08.16-03.01.48:040][452]LogSavePackage:Display: Finished SavePackage ../../../../../../Users/klca0/Documents/petitcon/Saved/Autosaves/Game/Blueprints/UI/HUD_Auto5.uasset
[2017.08.16-03.01.48:040][452]LogFileHelpers: Auto-saving content packages took 0.174
[2017.08.16-03.04.19:868][594]BlueprintLog: New page: HUD をコンパイル
[2017.08.16-03.04.20:339][594]BlueprintEditorCompileResults: 情報 Fast Template Successfully Created.
[2017.08.16-03.04.20:901][623]Cmd: OBJ SAVEPACKAGE PACKAGE="/Game/Blueprints/UI/HUD" FILE="../../../../../../Users/klca0/Documents/petitcon/Content/Blueprints/UI/HUD.uasset" SILENT=true
[2017.08.16-03.04.21:031][623]LogSavePackage: Save=123.27ms
[2017.08.16-03.04.21:031][623]LogSavePackage: Moving '../../../../../../Users/klca0/Documents/petitcon/Saved/HUD4704FBFE47649537CA5EEDBAA8A3596D.tmp' to '../../../../../../Users/klca0/Documents/petitcon/Content/Blueprints/UI/HUD.uasset'
[2017.08.16-03.04.21:036][623]LogSavePackage:Display: Finished SavePackage ../../../../../../Users/klca0/Documents/petitcon/Content/Blueprints/UI/HUD.uasset
[2017.08.16-03.06.27:442][566]LogSlate: Took 0.027111 seconds to synchronously load lazily loaded font '../../../Engine/Content/Editor/Slate/Fonts/Roboto-Italic.ttf' (157K)
[2017.08.16-03.10.26:087][117]BlueprintLog: New page: MyPlayerContoller をコンパイル
[2017.08.16-03.10.26:830][117]BlueprintEditorCompileResults: 情報 'SaveGameReference' is already a 'My Save Game', you don't need  Cast To MySaveGame .
[2017.08.16-03.10.27:926][150]Cmd: OBJ SAVEPACKAGE PACKAGE="/Game/Blueprints/MyPlayerContoller" FILE="../../../../../../Users/klca0/Documents/petitcon/Content/Blueprints/MyPlayerContoller.uasset" SILENT=true
[2017.08.16-03.10.28:274][150]LogSavePackage: Save=340.11ms
[2017.08.16-03.10.28:274][150]LogSavePackage: Moving '../../../../../../Users/klca0/Documents/petitcon/Saved/MyPlayerContoller20AFDDB84D1F6A204126C9B607832321.tmp' to '../../../../../../Users/klca0/Documents/petitcon/Content/Blueprints/MyPlayerContoller.uasset'
[2017.08.16-03.10.28:279][150]LogSavePackage:Display: Finished SavePackage ../../../../../../Users/klca0/Documents/petitcon/Content/Blueprints/MyPlayerContoller.uasset
[2017.08.16-03.13.11:347][984]LogRenderer: Reallocating scene render targets to support 1064x732 NumSamples 1 (Frame:1).
[2017.08.16-03.13.11:951][993]LogRenderer: Reallocating scene render targets to support 1192x732 NumSamples 1 (Frame:12).
[2017.08.16-03.13.22:082][352]BlueprintLog: New page: MyPlayerContoller をコンパイル
[2017.08.16-03.13.22:858][352]BlueprintEditorCompileResults: 情報 'SaveGameReference' is already a 'My Save Game', you don't need  Cast To MySaveGame .
[2017.08.16-03.14.25:218][945]BlueprintLog: New page: MyPlayerContoller をコンパイル
[2017.08.16-03.14.26:255][945]BlueprintEditorCompileResults: 情報 'SaveGameReference' is already a 'My Save Game', you don't need  Cast To MySaveGame .
[2017.08.16-03.14.27:231][970]Cmd: OBJ SAVEPACKAGE PACKAGE="/Game/Blueprints/MyPlayerContoller" FILE="../../../../../../Users/klca0/Documents/petitcon/Content/Blueprints/MyPlayerContoller.uasset" SILENT=true
[2017.08.16-03.14.27:547][970]LogSavePackage: Save=310.42ms
[2017.08.16-03.14.27:547][970]LogSavePackage: Moving '../../../../../../Users/klca0/Documents/petitcon/Saved/MyPlayerContollerEB66CAE9457FE5A04390EAA61FD25B2A.tmp' to '../../../../../../Users/klca0/Documents/petitcon/Content/Blueprints/MyPlayerContoller.uasset'
[2017.08.16-03.14.27:552][970]LogSavePackage:Display: Finished SavePackage ../../../../../../Users/klca0/Documents/petitcon/Content/Blueprints/MyPlayerContoller.uasset
[2017.08.16-03.16.06:057][ 39]BlueprintLog: New page: MyPlayerContoller をコンパイル
[2017.08.16-03.16.07:330][ 39]BlueprintEditorCompileResults: 情報 'SaveGameReference' is already a 'My Save Game', you don't need  Cast To MySaveGame .
[2017.08.16-03.16.08:059][ 40]Cmd: OBJ SAVEPACKAGE PACKAGE="/Game/Blueprints/MyPlayerContoller" FILE="../../../../../../Users/klca0/Documents/petitcon/Content/Blueprints/MyPlayerContoller.uasset" SILENT=true
[2017.08.16-03.16.08:373][ 40]LogSavePackage: Save=304.83ms
[2017.08.16-03.16.08:373][ 40]LogSavePackage: Moving '../../../../../../Users/klca0/Documents/petitcon/Saved/MyPlayerContoller7751BBDE43F838791C1F64A34B11F754.tmp' to '../../../../../../Users/klca0/Documents/petitcon/Content/Blueprints/MyPlayerContoller.uasset'
[2017.08.16-03.16.08:377][ 40]LogSavePackage:Display: Finished SavePackage ../../../../../../Users/klca0/Documents/petitcon/Content/Blueprints/MyPlayerContoller.uasset
[2017.08.16-03.16.09:286][ 87]Cmd: OBJ SAVEPACKAGE PACKAGE="/Game/Blueprints/MyPlayerContoller" FILE="../../../../../../Users/klca0/Documents/petitcon/Content/Blueprints/MyPlayerContoller.uasset" SILENT=true
[2017.08.16-03.16.09:596][ 87]LogSavePackage: Save=305.05ms
[2017.08.16-03.16.09:596][ 87]LogSavePackage: Moving '../../../../../../Users/klca0/Documents/petitcon/Saved/MyPlayerContoller501E137D45F6A3E8BEEF01845FF9276C.tmp' to '../../../../../../Users/klca0/Documents/petitcon/Content/Blueprints/MyPlayerContoller.uasset'
[2017.08.16-03.16.09:598][ 87]LogSavePackage:Display: Finished SavePackage ../../../../../../Users/klca0/Documents/petitcon/Content/Blueprints/MyPlayerContoller.uasset
[2017.08.16-03.16.48:138][391]LogTemp: Repeting last play command: 選択ビューポート
[2017.08.16-03.16.48:185][391]LogPlayLevel: PlayLevel: No blueprints needed recompiling
[2017.08.16-03.16.48:185][391]PIE: New page: PIEセッション: LooptyLoopMap (2017/08/16 21:16:48)
[2017.08.16-03.16.48:186][391]LogPlayLevel: Creating play world package: /Game/VehicleAdvBP/Maps/UEDPIE_0_LooptyLoopMap
[2017.08.16-03.16.48:237][391]LogPlayLevel: PIE: StaticDuplicateObject took: (0.051149s)
[2017.08.16-03.16.48:238][391]LogAIModule: Creating AISystem for world LooptyLoopMap
[2017.08.16-03.16.48:238][391]LogPlayLevel: PIE: World Init took: (0.001449s)
[2017.08.16-03.16.48:238][391]LogPlayLevel: PIE: Created PIE world by copying editor world from /Game/VehicleAdvBP/Maps/LooptyLoopMap.LooptyLoopMap to /Game/VehicleAdvBP/Maps/UEDPIE_0_LooptyLoopMap.LooptyLoopMap (0.053070s)
[2017.08.16-03.16.48:312][391]LogInit: XAudio2 using 'ヘッドホン (Realtek High Definition Audio(SST))' : 2 channels at 48 kHz using 32 bits per sample (channel mask 0x3)
[2017.08.16-03.16.48:322][391]LogInit: FAudioDevice initialized.
[2017.08.16-03.16.48:368][391]LogLoad: Game class is 'VehicleAdvGameMode_C'
[2017.08.16-03.16.48:386][391]LogWorld: Bringing World /Game/VehicleAdvBP/Maps/UEDPIE_0_LooptyLoopMap.LooptyLoopMap up for play (max tick rate 60) at 2017.08.16-12.16.48
[2017.08.16-03.16.48:387][391]LogWorld: Bringing up level for play took: 0.015276
[2017.08.16-03.16.48:393][391]PIE: 情報 /Game/VehicleAdvBP/Maps/UEDPIE_0_LooptyLoopMap -0.519のプレイ イン エディタの開始時間
[2017.08.16-03.17.40:590][126]LogBlueprintUserMessages: [MyPlayerContoller_C_0] 1
[2017.08.16-03.17.46:575][324]Cmd: RestartLevel
[2017.08.16-03.17.46:597][325]LogNet: Browse: /Game/VehicleAdvBP/Maps/LooptyLoopMap?restart
[2017.08.16-03.17.46:632][325]LogLoad: LoadMap: /Game/VehicleAdvBP/Maps/LooptyLoopMap
[2017.08.16-03.17.46:651][325]PIE:Warning: 警告 Attempting to move a fully simulated skeletal mesh VehicleMesh. Please use the Teleport flag
[2017.08.16-03.17.46:657][325]LogPawn:Error: DisableInput can only be specified on a Pawn for its Controller
[2017.08.16-03.17.46:762][325]Cmd: MEM
[2017.08.16-03.17.46:811][325]LogMemory: Platform Memory Stats for Windows
[2017.08.16-03.17.46:811][325]LogMemory: Process Physical Memory: 1325.81 MB used, 1569.20 MB peak
[2017.08.16-03.17.46:811][325]LogMemory: Process Virtual Memory: 2222.45 MB used, 2226.74 MB peak
[2017.08.16-03.17.46:811][325]LogMemory: Physical Memory: 6297.10 MB used,  1820.01 MB free, 8117.11 MB total
[2017.08.16-03.17.46:811][325]LogMemory: Virtual Memory: 3068.80 MB used,  1820.01 MB free, 134217728.00 MB total
[2017.08.16-03.17.46:811][325]LogMemory: 
[2017.08.16-03.17.46:811][325]Allocator Stats for TBB: (not implemented)
[2017.08.16-03.17.46:811][325]LogPlayLevel: Creating play world package: /Game/VehicleAdvBP/Maps/UEDPIE_0_LooptyLoopMap
[2017.08.16-03.17.46:854][325]LogPlayLevel: PIE: StaticDuplicateObject took: (0.042792s)
[2017.08.16-03.17.46:855][325]LogAIModule: Creating AISystem for world LooptyLoopMap
[2017.08.16-03.17.46:855][325]LogPlayLevel: PIE: World Init took: (0.001159s)
[2017.08.16-03.17.46:856][325]LogPlayLevel: PIE: Created PIE world by copying editor world from /Game/VehicleAdvBP/Maps/LooptyLoopMap.LooptyLoopMap to /Game/VehicleAdvBP/Maps/UEDPIE_0_LooptyLoopMap.LooptyLoopMap (0.044346s)
[2017.08.16-03.17.46:856][325]LogLoad: Game class is 'VehicleAdvGameMode_C'
[2017.08.16-03.17.46:867][325]LogWorld: Bringing World /Game/VehicleAdvBP/Maps/UEDPIE_0_LooptyLoopMap.LooptyLoopMap up for play (max tick rate 60) at 2017.08.16-12.17.46
[2017.08.16-03.17.46:868][325]LogWorld: Bringing up level for play took: 0.010167
[2017.08.16-03.17.46:878][325]LogLoad: Took 0.246289 seconds to LoadMap(/Game/VehicleAdvBP/Maps/UEDPIE_0_LooptyLoopMap)
[2017.08.16-03.17.56:361][562]LogTemp: Repeting last play command: 選択ビューポート
[2017.08.16-03.17.56:418][562]LogPlayLevel: PlayLevel: No blueprints needed recompiling
[2017.08.16-03.17.56:418][562]PIE: New page: PIEセッション: LooptyLoopMap (2017/08/16 21:17:56)
[2017.08.16-03.17.56:418][562]LogPlayLevel: Creating play world package: /Game/VehicleAdvBP/Maps/UEDPIE_0_LooptyLoopMap
[2017.08.16-03.17.56:486][562]LogPlayLevel: PIE: StaticDuplicateObject took: (0.067895s)
[2017.08.16-03.17.56:487][562]LogAIModule: Creating AISystem for world LooptyLoopMap
[2017.08.16-03.17.56:488][562]LogPlayLevel: PIE: World Init took: (0.001385s)
[2017.08.16-03.17.56:488][562]LogPlayLevel: PIE: Created PIE world by copying editor world from /Game/VehicleAdvBP/Maps/LooptyLoopMap.LooptyLoopMap to /Game/VehicleAdvBP/Maps/UEDPIE_0_LooptyLoopMap.LooptyLoopMap (0.069920s)
[2017.08.16-03.17.56:562][562]LogInit: XAudio2 using 'ヘッドホン (Realtek High Definition Audio(SST))' : 2 channels at 48 kHz using 32 bits per sample (channel mask 0x3)
[2017.08.16-03.17.56:576][562]LogInit: FAudioDevice initialized.
[2017.08.16-03.17.56:624][562]LogLoad: Game class is 'VehicleAdvGameMode_C'
[2017.08.16-03.17.56:645][562]LogWorld: Bringing World /Game/VehicleAdvBP/Maps/UEDPIE_0_LooptyLoopMap.LooptyLoopMap up for play (max tick rate 60) at 2017.08.16-12.17.56
[2017.08.16-03.17.56:646][562]LogWorld: Bringing up level for play took: 0.014971
[2017.08.16-03.17.56:656][562]PIE: 情報 /Game/VehicleAdvBP/Maps/UEDPIE_0_LooptyLoopMap -0.257のプレイ イン エディタの開始時間
[2017.08.16-03.18.33:120][696]PIE:Warning: 警告 Attempting to move a fully simulated skeletal mesh VehicleMesh. Please use the Teleport flag
[2017.08.16-03.18.33:122][696]LogPawn:Error: DisableInput can only be specified on a Pawn for its Controller
[2017.08.16-03.18.50:011][229]LogBlueprintUserMessages: [MyPlayerContoller_C_0] 1
[2017.08.16-03.18.55:969][416]Cmd: RestartLevel
[2017.08.16-03.18.55:990][417]LogNet: Browse: /Game/VehicleAdvBP/Maps/LooptyLoopMap?restart
[2017.08.16-03.18.56:030][417]LogLoad: LoadMap: /Game/VehicleAdvBP/Maps/LooptyLoopMap
[2017.08.16-03.18.56:033][417]PIE:Warning: 警告 Attempting to move a fully simulated skeletal mesh VehicleMesh. Please use the Teleport flag
[2017.08.16-03.18.56:037][417]LogPawn:Error: DisableInput can only be specified on a Pawn for its Controller
[2017.08.16-03.18.56:109][417]Cmd: MEM
[2017.08.16-03.18.56:167][417]LogMemory: Platform Memory Stats for Windows
[2017.08.16-03.18.56:167][417]LogMemory: Process Physical Memory: 1375.52 MB used, 1569.20 MB peak
[2017.08.16-03.18.56:167][417]LogMemory: Process Virtual Memory: 2245.07 MB used, 2261.10 MB peak
[2017.08.16-03.18.56:167][417]LogMemory: Physical Memory: 6344.65 MB used,  1772.46 MB free, 8117.11 MB total
[2017.08.16-03.18.56:167][417]LogMemory: Virtual Memory: 3144.68 MB used,  1772.46 MB free, 134217728.00 MB total
[2017.08.16-03.18.56:167][417]LogMemory: 
[2017.08.16-03.18.56:167][417]Allocator Stats for TBB: (not implemented)
[2017.08.16-03.18.56:167][417]LogPlayLevel: Creating play world package: /Game/VehicleAdvBP/Maps/UEDPIE_0_LooptyLoopMap
[2017.08.16-03.18.56:216][417]LogPlayLevel: PIE: StaticDuplicateObject took: (0.048256s)
[2017.08.16-03.18.56:217][417]LogAIModule: Creating AISystem for world LooptyLoopMap
[2017.08.16-03.18.56:217][417]LogPlayLevel: PIE: World Init took: (0.001179s)
[2017.08.16-03.18.56:218][417]LogPlayLevel: PIE: Created PIE world by copying editor world from /Game/VehicleAdvBP/Maps/LooptyLoopMap.LooptyLoopMap to /Game/VehicleAdvBP/Maps/UEDPIE_0_LooptyLoopMap.LooptyLoopMap (0.049838s)
[2017.08.16-03.18.56:218][417]LogLoad: Game class is 'VehicleAdvGameMode_C'
[2017.08.16-03.18.56:229][417]LogWorld: Bringing World /Game/VehicleAdvBP/Maps/UEDPIE_0_LooptyLoopMap.LooptyLoopMap up for play (max tick rate 60) at 2017.08.16-12.18.56
[2017.08.16-03.18.56:230][417]LogWorld: Bringing up level for play took: 0.010300
[2017.08.16-03.18.56:241][417]LogLoad: Took 0.211498 seconds to LoadMap(/Game/VehicleAdvBP/Maps/UEDPIE_0_LooptyLoopMap)
