Log file open, 08/16/17 10:57:55
LogInit:Display: Running engine for game: petitcon
LogPlatformFile: Not using cached read wrapper
LogInit:Display: RandInit(70750011) SRandInit(70750011).
LogTaskGraph: Started task graph with 5 named threads and 6 total threads with 1 sets of task threads.
LogStats: Stats thread started at 0.098191
LogInit: Using libcurl 7.47.1
LogInit:  - built for x86_64-pc-win32
LogInit:  - supports SSL with OpenSSL/1.0.2g
LogInit:  - supports HTTP deflate (compression) using libz 1.2.8
LogInit:  - other features:
LogInit:      CURL_VERSION_SSL
LogInit:      CURL_VERSION_LIBZ
LogInit:      CURL_VERSION_IPV6
LogInit:      CURL_VERSION_ASYNCHDNS
LogInit:      CURL_VERSION_LARGEFILE
LogInit:      CURL_VERSION_IDN
LogInit:  CurlRequestOptions (configurable via config and command line):
LogInit:  - bVerifyPeer = false  - Libcurl will NOT verify peer certificate
LogInit:  - bUseHttpProxy = false  - Libcurl will NOT use HTTP proxy
LogInit:  - bDontReuseConnections = false  - Libcurl will reuse connections
LogInit:  - CertBundlePath = nullptr  - Libcurl will use whatever was configured at build time.
LogInit: Build: ++UE4+Release-4.16-CL-3561208
LogInit: Engine Version: 4.16.3-3561208+++UE4+Release-4.16
LogInit: Compatible Engine Version: 4.16.0-3452394+++UE4+Release-4.16
LogInit: Net CL: 3452394
LogDevObjectVersion: Number of dev versions registered: 16
LogDevObjectVersion:   Dev-Blueprints (B0D832E4-1F89-4F0D-ACCF-7EB736FD4AA2): 9
LogDevObjectVersion:   Dev-Build (E1C64328-A22C-4D53-A36C-8E866417BD8C): 0
LogDevObjectVersion:   Dev-Core (375EC13C-06E4-48FB-B500-84F0262A717E): 2
LogDevObjectVersion:   Dev-Editor (E4B068ED-F494-42E9-A231-DA0B2E46BB41): 17
LogDevObjectVersion:   Dev-Framework (CFFC743F-43B0-4480-9391-14DF171D2073): 23
LogDevObjectVersion:   Dev-Mobile (B02B49B5-BB20-44E9-A304-32B752E40360): 0
LogDevObjectVersion:   Dev-Networking (A4E4105C-59A1-49B5-A7C5-40C4547EDFEE): 0
LogDevObjectVersion:   Dev-Online (39C831C9-5AE6-47DC-9A44-9C173E1C8E7C): 0
LogDevObjectVersion:   Dev-Physics (78F01B33-EBEA-4F98-B9B4-84EACCB95AA2): 0
LogDevObjectVersion:   Dev-Platform (6631380F-2D4D-43E0-8009-CF276956A95A): 0
LogDevObjectVersion:   Dev-Rendering (12F88B9F-8875-4AFC-A67C-D90C383ABD29): 15
LogDevObjectVersion:   Dev-Sequencer (7B5AE74C-D270-4C10-A958-57980B212A5A): 4
LogDevObjectVersion:   Dev-VR (D7296918-1DD6-4BDD-9DE2-64A83CC13884): 0
LogDevObjectVersion:   Dev-LoadTimes (C2A15278-BFE7-4AFE-6C17-90FF531DF755): 1
LogDevObjectVersion:   Private-Geometry (6EACA3D4-40EC-4CC1-B786-8BED09428FC5): 1
LogDevObjectVersion:   Dev-AnimPhys (29E575DD-E0A3-4627-9D10-D276232CDCEA): 3
LogInit: Compiled (64-bit): Jul 28 2017 11:49:47
LogInit: Compiled with Visual C++: 19.00.24215.01
LogInit: Build Configuration: Development
LogInit: Branch Name: ++UE4+Release-4.16
LogInit: Command line: -EpicPortal 
LogInit: Base directory: C:/Program Files/Epic Games/UE_4.16/Engine/Binaries/Win64/
LogInit: Installed Engine Build: 1
LogInit: Presizing for max 8388607 objects, including 0 objects not considered by GC, pre-allocating 0 bytes for permanent pool.
LogInit: Object subsystem initialized
[2017.08.16-01.57.56:755][  0]LogInit: Selected Device Profile: [Windows]
[2017.08.16-01.57.56:755][  0]LogInit: Applying CVar settings loaded from the selected device profile: [Windows]
[2017.08.16-01.57.56:772][  0]LogInit: Computer: DESKTOP-QTEU8JE
[2017.08.16-01.57.56:772][  0]LogInit: User: klca0
[2017.08.16-01.57.56:772][  0]LogInit: CPU Page size=4096, Cores=2
[2017.08.16-01.57.56:772][  0]LogInit: High frequency timer resolution =2.437502 MHz
[2017.08.16-01.57.56:773][  0]LogMemory: Memory total: Physical=7.9GB (8GB approx)
[2017.08.16-01.57.56:773][  0]LogMemory: Platform Memory Stats for Windows
[2017.08.16-01.57.56:773][  0]LogMemory: Process Physical Memory: 274.20 MB used, 274.20 MB peak
[2017.08.16-01.57.56:773][  0]LogMemory: Process Virtual Memory: 267.87 MB used, 267.87 MB peak
[2017.08.16-01.57.56:773][  0]LogMemory: Physical Memory: 6384.90 MB used,  1732.21 MB free, 8117.11 MB total
[2017.08.16-01.57.56:773][  0]LogMemory: Virtual Memory: 641.00 MB used,  1732.21 MB free, 134217728.00 MB total
[2017.08.16-01.57.57:011][  0]LogInit: Using OS detected language (ja-JP).
[2017.08.16-01.57.57:011][  0]LogInit: Using OS detected locale (ja-JP).
[2017.08.16-01.57.57:016][  0]LogTextLocalizationManager: No specific localization for 'ja-JP' exists, so the 'ja' localization will be used.
[2017.08.16-01.57.58:297][  0]LogD3D11RHI: D3D11 adapters:
[2017.08.16-01.57.58:305][  0]LogD3D11RHI:    0. 'Intel(R) HD Graphics 520' (Feature Level 11_0)
[2017.08.16-01.57.58:305][  0]LogD3D11RHI:       128/0/4058 MB DedicatedVideo/DedicatedSystem/SharedSystem, Outputs:1, VendorId:0x8086
[2017.08.16-01.57.58:306][  0]LogD3D11RHI:    1. 'Microsoft Basic Render Driver' (Feature Level 11_0)
[2017.08.16-01.57.58:306][  0]LogD3D11RHI:       0/0/4058 MB DedicatedVideo/DedicatedSystem/SharedSystem, Outputs:0, VendorId:0x1414
[2017.08.16-01.57.58:306][  0]LogD3D11RHI: Chosen D3D11 Adapter: 0
[2017.08.16-01.57.58:310][  0]LogD3D11RHI: Creating new Direct3DDevice
[2017.08.16-01.57.58:311][  0]LogD3D11RHI:     GPU DeviceId: 0x1916 (for the marketing name, search the web for "GPU Device Id")
[2017.08.16-01.57.58:311][  0]LogWindows: EnumDisplayDevices:
[2017.08.16-01.57.58:311][  0]LogWindows:    0. 'Intel(R) HD Graphics 520' (P:1 D:1)
[2017.08.16-01.57.58:311][  0]LogWindows:    1. 'Intel(R) HD Graphics 520' (P:0 D:0)
[2017.08.16-01.57.58:311][  0]LogWindows:    2. 'Intel(R) HD Graphics 520' (P:0 D:0)
[2017.08.16-01.57.58:311][  0]LogWindows: DebugString: FoundDriverCount:3 
[2017.08.16-01.57.58:311][  0]LogD3D11RHI:     Adapter Name: Intel(R) HD Graphics 520
[2017.08.16-01.57.58:311][  0]LogD3D11RHI:   Driver Version: 21.20.16.4627 (internal:21.20.16.4627, unified:21.20.16.4627)
[2017.08.16-01.57.58:311][  0]LogD3D11RHI:      Driver Date: 3-9-2017
[2017.08.16-01.57.58:311][  0]LogRHI: Texture pool is 1361 MB (70% of 1945 MB)
[2017.08.16-01.57.58:317][  0]LogD3D11RHI: Async texture creation enabled
[2017.08.16-01.57.58:324][  0]LogD3D11RHI: GPU Timing Frequency: 12.000000 (Debug: 2 0)
[2017.08.16-01.57.58:325][  0]LogShaderCompilers: Guid format shader working directory is -3 characters bigger than the processId version (../../../../../../Users/klca0/Documents/petitcon/Intermediate/Shaders/WorkingDirectory/29552/).
[2017.08.16-01.57.58:325][  0]LogShaderCompilers: Cleaned the shader compiler working directory 'C:/Users/klca0/AppData/Local/Temp/UnrealShaderWorkingDir/18D7F81F4DE98A12FCBA6EA9B52BF8A4/'.
[2017.08.16-01.57.58:325][  0]LogShaderCompilers:Display: Using Local Shader Compiler.
[2017.08.16-01.57.59:921][  0]LogTemp:Display: Loaded TP AllDesktopTargetPlatform
[2017.08.16-01.58.00:021][  0]LogTemp:Display: Loaded TP MacClientTargetPlatform
[2017.08.16-01.58.00:122][  0]LogTemp:Display: Loaded TP MacNoEditorTargetPlatform
[2017.08.16-01.58.00:234][  0]LogTemp:Display: Loaded TP MacServerTargetPlatform
[2017.08.16-01.58.00:394][  0]LogTemp:Display: Loaded TP MacTargetPlatform
[2017.08.16-01.58.00:496][  0]LogTemp:Display: Loaded TP WindowsClientTargetPlatform
[2017.08.16-01.58.00:598][  0]LogTemp:Display: Loaded TP WindowsNoEditorTargetPlatform
[2017.08.16-01.58.00:754][  0]LogTemp:Display: Loaded TP WindowsServerTargetPlatform
[2017.08.16-01.58.00:839][  0]LogTemp:Display: Loaded TP WindowsTargetPlatform
[2017.08.16-01.58.00:924][  0]LogTemp:Display: Loaded TP AndroidTargetPlatform
[2017.08.16-01.58.01:024][  0]LogTemp:Display: Loaded TP Android_ASTCTargetPlatform
[2017.08.16-01.58.01:117][  0]LogTemp:Display: Loaded TP Android_ATCTargetPlatform
[2017.08.16-01.58.01:209][  0]LogTemp:Display: Loaded TP Android_DXTTargetPlatform
[2017.08.16-01.58.01:296][  0]LogTemp:Display: Loaded TP Android_ETC1TargetPlatform
[2017.08.16-01.58.01:395][  0]LogTemp:Display: Loaded TP Android_ETC2TargetPlatform
[2017.08.16-01.58.01:644][  0]LogTemp:Display: Loaded TP Android_MultiTargetPlatform
[2017.08.16-01.58.01:644][  0]LogTemp:Display: Loaded TP Android_PVRTCTargetPlatform
[2017.08.16-01.58.01:730][  0]LogTemp:Display: Loaded TP HTML5TargetPlatform
[2017.08.16-01.58.01:882][  0]LogTemp:Display: Loaded TP IOSTargetPlatform
[2017.08.16-01.58.01:936][  0]LogTemp:Display: Loaded TP TVOSTargetPlatform
[2017.08.16-01.58.02:026][  0]LogTemp:Display: Loaded TP LinuxClientTargetPlatform
[2017.08.16-01.58.02:121][  0]LogTemp:Display: Loaded TP LinuxNoEditorTargetPlatform
[2017.08.16-01.58.02:210][  0]LogTemp:Display: Loaded TP LinuxServerTargetPlatform
[2017.08.16-01.58.02:303][  0]LogTemp:Display: Loaded TP LinuxTargetPlatform
[2017.08.16-01.58.02:303][  0]LogTargetPlatformManager:Display: Building Assets For Windows
[2017.08.16-01.58.03:495][  0]LogDerivedDataCache:Display: Max Cache Size: 512 MB
[2017.08.16-01.58.03:610][  0]LogDerivedDataCache: Loaded boot cache 0.11s 90MB C:/Users/klca0/AppData/Local/UnrealEngine/4.16/DerivedDataCache/Boot.ddc.
[2017.08.16-01.58.03:610][  0]LogDerivedDataCache:Display: Loaded Boot cache: C:/Users/klca0/AppData/Local/UnrealEngine/4.16/DerivedDataCache/Boot.ddc
[2017.08.16-01.58.03:610][  0]LogDerivedDataCache: FDerivedDataBackendGraph:  Pak pak cache file ../../../../../../Users/klca0/Documents/petitcon/DerivedDataCache/DDC.ddp not found, will not use a pak cache.
[2017.08.16-01.58.03:610][  0]LogDerivedDataCache: Unable to find inner node Pak for hierarchical cache Hierarchy.
[2017.08.16-01.58.03:610][  0]LogDerivedDataCache: FDerivedDataBackendGraph:  CompressedPak pak cache file ../../../../../../Users/klca0/Documents/petitcon/DerivedDataCache/Compressed.ddp not found, will not use a pak cache.
[2017.08.16-01.58.03:610][  0]LogDerivedDataCache: Unable to find inner node CompressedPak for hierarchical cache Hierarchy.
[2017.08.16-01.58.03:638][  0]LogDerivedDataCache:Display: Pak cache opened for reading ../../../Engine/DerivedDataCache/Compressed.ddp.
[2017.08.16-01.58.03:651][  0]LogDerivedDataCache: Using Local data cache path C:/Users/klca0/AppData/Local/UnrealEngine/Common/DerivedDataCache: Writable
[2017.08.16-01.58.03:664][  0]LogMaterial: Verifying Global Shaders for PCD3D_SM5
[2017.08.16-01.58.03:664][  0]LogSlate: Using Freetype 2.6.0
[2017.08.16-01.58.03:665][  0]LogSlate: SlateFontCache - WITH_FREETYPE: 1, WITH_HARFBUZZ: 1
[2017.08.16-01.58.03:665][  0]LogSlate: SlateFontCache - WITH_FREETYPE: 1, WITH_HARFBUZZ: 1
[2017.08.16-01.58.04:174][  0]LogInit: Selected Device Profile: [Windows]
[2017.08.16-01.58.04:266][  0]LogContentStreaming: Texture pool size is 0.00 MB
[2017.08.16-01.58.04:541][  0]LogMeshUtilities: Using QuadricMeshReduction for automatic static mesh reduction
[2017.08.16-01.58.04:626][  0]LogSimplygon: Simplygon DLL not present - disabling.
[2017.08.16-01.58.04:735][  0]LogMeshUtilities: Using SimplygonSwarm for distributed automatic mesh merging
[2017.08.16-01.58.04:735][  0]LogMeshUtilities: No automatic skeletal mesh reduction module available
[2017.08.16-01.58.04:735][  0]LogMeshUtilities: No automatic mesh merging module available
[2017.08.16-01.58.05:675][  0]LogNetVersion: petitcon , NetCL: 3452394, EngineNetVer: 2, GameNetVer: 0 (Checksum: 2069337989)
[2017.08.16-01.58.05:777][  0]LogAssetRegistry: FAssetRegistry took 0.0306 seconds to start up
[2017.08.16-01.58.05:934][  0]LogPackageLocalizationCache: Processed 4 localized package path(s) for 2 prioritized culture(s) in 0.071113 seconds
[2017.08.16-01.58.05:945][  0]LogUObjectArray: 34194 objects as part of root set at end of initial load.
[2017.08.16-01.58.05:945][  0]LogUObjectAllocator: 7260424 out of 0 bytes used by permanent object pool.
[2017.08.16-01.58.05:945][  0]LogUObjectArray: CloseDisregardForGC: 0/0 objects in disregard for GC pool
[2017.08.16-01.58.06:113][  0]LogInit: WinSock: version 1.1 (2.2), MaxSocks=32767, MaxUdp=65467
[2017.08.16-01.58.09:792][  0]LogTcpMessaging: Initializing TcpMessaging bridge
[2017.08.16-01.58.09:854][  0]LogUdpMessaging: Initializing bridge on interface 0.0.0.0:0 to multicast group 230.0.0.1:6666.
[2017.08.16-01.58.10:704][  0]LogMaterial: Uniform references updated for custom material expression Custom.
[2017.08.16-01.58.11:394][  0]SourceControl: 情報 ソースコントロールは無効です
[2017.08.16-01.58.11:497][  0]SourceControl: 情報 ソースコントロールは無効です
[2017.08.16-01.58.11:579][  0]SourceControl: 情報 ソースコントロールは無効です
[2017.08.16-01.58.11:658][  0]SourceControl: 情報 ソースコントロールは無効です
[2017.08.16-01.58.12:895][  0]LogAndroidPermission: UAndroidPermissionCallbackProxy::GetInstance
[2017.08.16-01.58.13:885][  0]LogEngine: Initializing Engine...
[2017.08.16-01.58.13:886][  0]LogHMD: Failed to initialize OpenVR with code 110
[2017.08.16-01.58.14:122][  0]LogStats: UGameplayTagsManager::ConstructGameplayTagTree: Construct from data asset -  0.000 s
[2017.08.16-01.58.14:123][  0]LogStats: UGameplayTagsManager::ConstructGameplayTagTree: GameplayTagTreeChangedEvent.Broadcast -  0.000 s
[2017.08.16-01.58.14:357][  0]LogAIModule: Creating AISystem for world Untitled
[2017.08.16-01.58.14:370][  0]LogInit: XAudio2 using 'ヘッドホン (Realtek High Definition Audio(SST))' : 2 channels at 48 kHz using 32 bits per sample (channel mask 0x3)
[2017.08.16-01.58.14:383][  0]LogInit: FAudioDevice initialized.
[2017.08.16-01.58.14:434][  0]LogDerivedDataCache: Saved boot cache 0.05s 90MB C:/Users/klca0/AppData/Local/UnrealEngine/4.16/DerivedDataCache/Boot.ddc.
[2017.08.16-01.58.14:448][  0]LogInit: Texture streaming: Enabled
[2017.08.16-01.58.14:634][  0]LogEngineSessionManager: EngineSessionManager initialized
[2017.08.16-01.58.15:026][  0]LogInit: Transaction tracking system initialized
[2017.08.16-01.58.15:590][  0]BlueprintLog: New page: エディタの読み込み
[2017.08.16-01.58.17:296][  0]LocalizationService: 情報 ローカライズのサービスが無効になりました
[2017.08.16-01.58.18:517][  0]LogConsoleResponse:Display: 
[2017.08.16-01.58.18:807][  0]LogCook:Display: Max memory allowance for cook 16384mb min free memory 0mb
[2017.08.16-01.58.18:807][  0]LogCook:Display: Mobile HDR setting 1
[2017.08.16-01.58.19:657][  0]LogFileCache: Scanning file cache for directory 'C:/Users/klca0/Documents/petitcon/Content/' took 0.02s
[2017.08.16-01.58.20:955][  0]SourceControl: 情報 ソースコントロールは無効です
[2017.08.16-01.58.20:955][  0]Cmd: MAP LOAD FILE="../../../../../../Users/klca0/Documents/petitcon/Content/VehicleAdvBP/Maps/VehicleAdvExampleMap.umap" TEMPLATE=0 SHOWPROGRESS=1 FEATURELEVEL=3
[2017.08.16-01.58.20:956][  0]LightingResults: New page: ライティングのビルド
[2017.08.16-01.58.21:033][  0]MapCheck: New page: マップをチェック
[2017.08.16-01.58.21:033][  0]LightingResults: New page: <何も選択されていません>
[2017.08.16-01.58.22:100][  0]LogAIModule: Creating AISystem for world VehicleAdvExampleMap
[2017.08.16-01.58.22:136][  0]LogEditorServer: Finished looking for orphan Actors (0.000 secs)
[2017.08.16-01.58.22:210][  0]Cmd: MAP CHECKDEP NOCLEARLOG
[2017.08.16-01.58.22:278][  0]MapCheck: 情報 マップチェックが完了: 0 エラー、 0 警告、完了に 67.637ミリ秒かかりました。
[2017.08.16-01.58.22:278][  0]LogFileHelpers: Loading map 'VehicleAdvExampleMap' took 1.323
[2017.08.16-01.58.22:517][  0]LogCollectionManager: Loaded 0 collections in 0.004365 seconds
[2017.08.16-01.58.22:690][  0]LogFileCache: Scanning file cache for directory 'C:/Users/klca0/Documents/petitcon/Saved/Collections/' took 0.01s
[2017.08.16-01.58.22:690][  0]LogFileCache: Scanning file cache for directory 'C:/Users/klca0/Documents/petitcon/Content/Developers/klca0/Collections/' took 0.01s
[2017.08.16-01.58.22:690][  0]LogFileCache: Scanning file cache for directory 'C:/Users/klca0/Documents/petitcon/Content/Collections/' took 0.01s
[2017.08.16-01.58.22:690][  0]LogCollectionManager: Rebuilt the GUID cache for 0 collections in 0.000002 seconds
[2017.08.16-01.58.22:702][  0]LogContentBrowser: Native class hierarchy populated in 0.0120 seconds. Added 2331 classes and 494 folders.
[2017.08.16-01.58.22:822][  0]LogContentBrowser: Native class hierarchy updated for 'WidgetCarousel' in 0.0006 seconds. Added 0 classes and 0 folders.
[2017.08.16-01.58.22:866][  0]LogContentBrowser: Native class hierarchy updated for 'AddContentDialog' in 0.0006 seconds. Added 0 classes and 0 folders.
[2017.08.16-01.58.22:943][  0]LogContentBrowser: Native class hierarchy updated for 'SceneOutliner' in 0.0006 seconds. Added 1 classes and 2 folders.
[2017.08.16-01.58.23:041][  0]LogCrashTracker: Crashtracker disabled due to settings.
[2017.08.16-01.58.23:050][  0]LogSlate: Took 0.000349 seconds to synchronously load lazily loaded font '../../../Engine/Content/Slate/Fonts/Roboto-Regular.ttf' (155K)
[2017.08.16-01.58.23:054][  0]LogSlate: Took 0.002372 seconds to synchronously load lazily loaded font '../../../Engine/Content/Slate/Fonts/DroidSansFallback.ttf' (3848K)
[2017.08.16-01.58.23:055][  0]LogSlate: Took 0.000229 seconds to synchronously load lazily loaded font '../../../Engine/Content/Slate/Fonts/Roboto-Bold.ttf' (160K)
[2017.08.16-01.58.23:058][  0]LogSlate: Took 0.000261 seconds to synchronously load lazily loaded font '../../../Engine/Content/Editor/Slate/Fonts/FontAwesome.ttf' (139K)
[2017.08.16-01.58.23:166][  0]LogRenderer: Reallocating scene render targets to support 892x464 NumSamples 1 (Frame:1).
[2017.08.16-01.58.23:941][  0]LogUObjectGlobals:Warning: オブジェクト 'Class なし.' が見つかりませんでした
[2017.08.16-01.58.24:042][  0]LogContentBrowser: Native class hierarchy updated for 'HierarchicalLODOutliner' in 0.0009 seconds. Added 1 classes and 2 folders.
[2017.08.16-01.58.24:044][  0]LogLoad: (Engine Initialization) Total time: 30.37 seconds
[2017.08.16-01.58.24:044][  0]LogLoad: (Engine Initialization) Total Blueprint compile time: 0.41 seconds
[2017.08.16-01.58.24:044][  0]LogExternalProfiler: Found external profiler: VSPerf
[2017.08.16-01.58.24:044][  0]LogExternalProfiler: Using external profiler: VSPerf
[2017.08.16-01.58.24:395][  0]LogOcInput: OculusInput pre-init called
[2017.08.16-01.58.24:398][  0]LogRawInputWindows:Warning: Found device 0 devices
[2017.08.16-01.58.24:398][  0]LogRawInputWindows:Warning: Found device 0 devices
[2017.08.16-01.58.24:398][  0]LogRawInputWindows:Warning: Device was registered succesfully but not connected (Usage:4 UsagePage:1
[2017.08.16-01.58.24:398][  0]LogRawInputWindows:Warning: Found device 1 devices
[2017.08.16-01.58.24:398][  0]LogRawInputWindows:Warning: Device was registered succesfully but not connected (Usage:5 UsagePage:1
[2017.08.16-01.58.24:398][  0]LogHMD: Starting GearVRController plugin
[2017.08.16-01.58.24:422][  0]LogContentStreaming: Texture pool size now 1000 MB
[2017.08.16-01.58.24:479][  0]LogSlate: Took 0.001383 seconds to synchronously load lazily loaded font '../../../Engine/Content/Slate/Fonts/Roboto-Light.ttf' (159K)
[2017.08.16-01.58.25:396][  3]LogAssetRegistry: Asset discovery search completed in 19.6413 seconds
[2017.08.16-01.58.25:404][  3]LogCollectionManager: Rebuilt the object cache for 0 collections in 0.000001 seconds (found 0 objects)
[2017.08.16-01.58.25:404][  3]LogCollectionManager: Fixed up redirectors for 0 collections in 0.000078 seconds (updated 0 objects)
[2017.08.16-01.58.25:424][  3]LogSlate: Took 0.000276 seconds to synchronously load lazily loaded font '../../../Engine/Content/Slate/Fonts/Roboto-Light.ttf' (159K)
[2017.08.16-01.59.53:027][357]LogTemp: Repeting last play command: 選択ビューポート
[2017.08.16-01.59.53:100][357]LogPlayLevel: PlayLevel: No blueprints needed recompiling
[2017.08.16-01.59.53:103][357]PIE: New page: PIEセッション: VehicleAdvExampleMap (2017/08/16 19:59:53)
[2017.08.16-01.59.53:103][357]LogPlayLevel: Creating play world package: /Game/VehicleAdvBP/Maps/UEDPIE_0_VehicleAdvExampleMap
[2017.08.16-01.59.53:139][357]LogPlayLevel: PIE: StaticDuplicateObject took: (0.035673s)
[2017.08.16-01.59.53:140][357]LogAIModule: Creating AISystem for world VehicleAdvExampleMap
[2017.08.16-01.59.53:140][357]LogPlayLevel: PIE: World Init took: (0.000989s)
[2017.08.16-01.59.53:140][357]LogPlayLevel: PIE: Created PIE world by copying editor world from /Game/VehicleAdvBP/Maps/VehicleAdvExampleMap.VehicleAdvExampleMap to /Game/VehicleAdvBP/Maps/UEDPIE_0_VehicleAdvExampleMap.VehicleAdvExampleMap (0.037051s)
[2017.08.16-01.59.53:172][357]LogInit: XAudio2 using 'ヘッドホン (Realtek High Definition Audio(SST))' : 2 channels at 48 kHz using 32 bits per sample (channel mask 0x3)
[2017.08.16-01.59.53:182][357]LogInit: FAudioDevice initialized.
[2017.08.16-01.59.53:238][357]LogLoad: Game class is 'VehicleAdvGameMode_C'
[2017.08.16-01.59.53:250][357]LogWorld: Bringing World /Game/VehicleAdvBP/Maps/UEDPIE_0_VehicleAdvExampleMap.VehicleAdvExampleMap up for play (max tick rate 60) at 2017.08.16-10.59.53
[2017.08.16-01.59.53:253][357]LogWorld: Bringing up level for play took: 0.010564
[2017.08.16-01.59.53:334][357]LogContentBrowser: Native class hierarchy updated for 'MovieSceneCapture' in 0.0013 seconds. Added 11 classes and 0 folders.
[2017.08.16-01.59.53:341][357]PIE: 情報 /Game/VehicleAdvBP/Maps/UEDPIE_0_VehicleAdvExampleMap 0.428のプレイ イン エディタの開始時間
[2017.08.16-02.00.02:698][632]LogAudioDerivedData:Display: 圧縮オーディオ フォーマット OGG ウェーブ Engine_Speed_02_Loop をビルド中...
[2017.08.16-02.00.02:833][632]LogAudioDerivedData:Display: 圧縮オーディオ フォーマット OGG ウェーブ Engine_Speed_04_Loop をビルド中...
[2017.08.16-02.00.02:895][632]LogAudioDerivedData:Display: 圧縮オーディオ フォーマット OGG ウェーブ Engine_Speed_06_Loop をビルド中...
[2017.08.16-02.00.12:371][889]LogSlate: Took 0.000283 seconds to synchronously load lazily loaded font '../../../Engine/Content/Slate/Fonts/Roboto-Light.ttf' (159K)
[2017.08.16-02.00.12:634][889]LogAIModule: Creating AISystem for world LooptyLoopMap
[2017.08.16-02.00.12:693][889]Cmd: MAP LOAD FILE="../../../../../../Users/klca0/Documents/petitcon/Content/VehicleAdvBP/Maps/LooptyLoopMap.umap" TEMPLATE=0 SHOWPROGRESS=1 FEATURELEVEL=3
[2017.08.16-02.00.12:693][889]LightingResults: New page: ライティングのビルド
[2017.08.16-02.00.12:694][889]LoadErrors: New page: マップをロード中: LooptyLoopMap.umap
[2017.08.16-02.00.12:696][889]MapCheck: New page: マップをチェック
[2017.08.16-02.00.12:697][889]LightingResults: New page: <何も選択されていません>
[2017.08.16-02.00.12:753][889]LogEditorServer: Finished looking for orphan Actors (0.000 secs)
[2017.08.16-02.00.12:800][889]Cmd: MAP CHECKDEP NOCLEARLOG
[2017.08.16-02.00.12:873][889]MapCheck: 情報 マップチェックが完了: 0 エラー、 0 警告、完了に 72.779ミリ秒かかりました。
[2017.08.16-02.00.12:874][889]LogFileHelpers: Loading map 'LooptyLoopMap' took 0.182
[2017.08.16-02.00.14:768][948]LogTemp: Repeting last play command: 選択ビューポート
[2017.08.16-02.00.14:793][948]LogPlayLevel: PlayLevel: No blueprints needed recompiling
[2017.08.16-02.00.14:794][948]PIE: New page: PIEセッション: LooptyLoopMap (2017/08/16 20:00:14)
[2017.08.16-02.00.14:794][948]LogPlayLevel: Creating play world package: /Game/VehicleAdvBP/Maps/UEDPIE_0_LooptyLoopMap
[2017.08.16-02.00.14:839][948]LogPlayLevel: PIE: StaticDuplicateObject took: (0.045298s)
[2017.08.16-02.00.14:840][948]LogAIModule: Creating AISystem for world LooptyLoopMap
[2017.08.16-02.00.14:840][948]LogPlayLevel: PIE: World Init took: (0.000874s)
[2017.08.16-02.00.14:841][948]LogPlayLevel: PIE: Created PIE world by copying editor world from /Game/VehicleAdvBP/Maps/LooptyLoopMap.LooptyLoopMap to /Game/VehicleAdvBP/Maps/UEDPIE_0_LooptyLoopMap.LooptyLoopMap (0.046689s)
[2017.08.16-02.00.14:871][948]LogInit: XAudio2 using 'ヘッドホン (Realtek High Definition Audio(SST))' : 2 channels at 48 kHz using 32 bits per sample (channel mask 0x3)
[2017.08.16-02.00.14:880][948]LogInit: FAudioDevice initialized.
[2017.08.16-02.00.14:917][948]LogLoad: Game class is 'VehicleAdvGameMode_C'
[2017.08.16-02.00.14:925][948]LogWorld: Bringing World /Game/VehicleAdvBP/Maps/UEDPIE_0_LooptyLoopMap.LooptyLoopMap up for play (max tick rate 60) at 2017.08.16-11.00.14
[2017.08.16-02.00.14:926][948]LogWorld: Bringing up level for play took: 0.007716
[2017.08.16-02.00.14:959][948]PIE: 情報 /Game/VehicleAdvBP/Maps/UEDPIE_0_LooptyLoopMap 0.047のプレイ イン エディタの開始時間
[2017.08.16-02.00.51:316][199]PIE:Warning: 警告 Attempting to move a fully simulated skeletal mesh VehicleMesh. Please use the Teleport flag
[2017.08.16-02.00.51:318][199]LogPawn:Error: DisableInput can only be specified on a Pawn for its Controller
[2017.08.16-02.01.13:333][954]LogBlueprintUserMessages: [MyPlayerContoller_C_0] 1
[2017.08.16-02.01.19:286][153]Cmd: RestartLevel
[2017.08.16-02.01.19:334][154]LogNet: Browse: /Game/VehicleAdvBP/Maps/LooptyLoopMap?restart
[2017.08.16-02.01.19:334][154]LogLoad: LoadMap: /Game/VehicleAdvBP/Maps/LooptyLoopMap
[2017.08.16-02.01.19:338][154]PIE:Warning: 警告 Attempting to move a fully simulated skeletal mesh VehicleMesh. Please use the Teleport flag
[2017.08.16-02.01.19:341][154]LogPawn:Error: DisableInput can only be specified on a Pawn for its Controller
[2017.08.16-02.01.19:390][154]Cmd: MEM
[2017.08.16-02.01.19:428][154]LogMemory: Platform Memory Stats for Windows
[2017.08.16-02.01.19:429][154]LogMemory: Process Physical Memory: 1651.01 MB used, 1732.79 MB peak
[2017.08.16-02.01.19:429][154]LogMemory: Process Virtual Memory: 1572.36 MB used, 1669.36 MB peak
[2017.08.16-02.01.19:429][154]LogMemory: Physical Memory: 6674.85 MB used,  1442.26 MB free, 8117.11 MB total
[2017.08.16-02.01.19:429][154]LogMemory: Virtual Memory: 2508.67 MB used,  1442.26 MB free, 134217728.00 MB total
[2017.08.16-02.01.19:429][154]LogMemory: 
[2017.08.16-02.01.19:429][154]Allocator Stats for TBB: (not implemented)
[2017.08.16-02.01.19:429][154]LogPlayLevel: Creating play world package: /Game/VehicleAdvBP/Maps/UEDPIE_0_LooptyLoopMap
[2017.08.16-02.01.19:475][154]LogPlayLevel: PIE: StaticDuplicateObject took: (0.046354s)
[2017.08.16-02.01.19:476][154]LogAIModule: Creating AISystem for world LooptyLoopMap
[2017.08.16-02.01.19:476][154]LogPlayLevel: PIE: World Init took: (0.001011s)
[2017.08.16-02.01.19:476][154]LogPlayLevel: PIE: Created PIE world by copying editor world from /Game/VehicleAdvBP/Maps/LooptyLoopMap.LooptyLoopMap to /Game/VehicleAdvBP/Maps/UEDPIE_0_LooptyLoopMap.LooptyLoopMap (0.047780s)
[2017.08.16-02.01.19:476][154]LogLoad: Game class is 'VehicleAdvGameMode_C'
[2017.08.16-02.01.19:487][154]LogWorld: Bringing World /Game/VehicleAdvBP/Maps/UEDPIE_0_LooptyLoopMap.LooptyLoopMap up for play (max tick rate 60) at 2017.08.16-11.01.19
[2017.08.16-02.01.19:488][154]LogWorld: Bringing up level for play took: 0.009022
[2017.08.16-02.01.19:497][154]LogLoad: Took 0.162450 seconds to LoadMap(/Game/VehicleAdvBP/Maps/UEDPIE_0_LooptyLoopMap)
[2017.08.16-02.03.44:851][868]LogSlate: Only BGRA pngs, bmps or icos are supported in by External Image Picker
[2017.08.16-02.03.45:181][877]LogTemp: Executing iPhonePackager certificates Engine -bundlename com.YourCompany.petitcon
[2017.08.16-02.03.45:181][877]LogTemp: CWD: C:\Program Files\Epic Games\UE_4.16\Engine\Binaries\DotNET\IOS
[2017.08.16-02.03.45:182][877]LogTemp: Initial Dir: C:\Program Files\Epic Games\UE_4.16
[2017.08.16-02.03.45:182][877]LogTemp: Env CWD: C:\Program Files\Epic Games\UE_4.16\Engine\Binaries\DotNET\IOS
[2017.08.16-02.03.45:182][877]LogTemp: BranchPath = DESKTOP-QTEU8JE/C/Program Files/Epic Games/UE_4.16/Engine/Binaries --- GameBranchPath = DESKTOP-QTEU8JE/C/Program Files/Epic Games/UE_4.16/Engine/Binaries
[2017.08.16-02.03.45:227][878]LogTemp: IPP ERROR: Could not find provision directory 'C:\Users\klca0\AppData\Local/Apple Computer/MobileDevice/Provisioning Profiles/'.
[2017.08.16-02.04.31:571][965]LogWindowsTextInputMethodSystem:Display: IME system now activated using TSF (Microsoft IME).
[2017.08.16-02.04.31:572][965]LogWindowsTextInputMethodSystem:Display: IME system now activated using TSF (Microsoft IME).
[2017.08.16-02.04.31:593][965]LogWindowsTextInputMethodSystem:Display: IME system now activated using TSF (Microsoft IME).
[2017.08.16-02.04.31:593][965]LogWindowsTextInputMethodSystem:Display: IME system now activated using TSF (Microsoft IME).
[2017.08.16-02.04.31:894][966]Cmd: QUIT_EDITOR
[2017.08.16-02.04.32:811][966]LogWindowsTextInputMethodSystem:Display: IME system now activated using TSF (Microsoft IME).
[2017.08.16-02.04.32:812][966]LogWindowsTextInputMethodSystem:Display: IME system now activated using TSF (Microsoft IME).
[2017.08.16-02.04.32:829][966]LogExit: Preparing to exit.
[2017.08.16-02.04.33:174][966]LogDirectoryWatcher: A directory notification for 'C:/Users/klca0/Documents/petitcon/Content/' was aborted.
[2017.08.16-02.04.33:236][966]LogExit: Editor shut down
[2017.08.16-02.04.33:240][966]LogExit: Transaction tracking system shut down
[2017.08.16-02.04.33:345][966]LogObj: Freed 0b from 0 cluster array pools.
[2017.08.16-02.04.33:345][966]LogExit: Object subsystem successfully closed.
[2017.08.16-02.04.33:373][966]LogD3D11RHI: Shutdown
[2017.08.16-02.04.33:373][966]LogD3D11RHI: CleanupD3DDevice
[2017.08.16-02.04.33:669][966]LogD3D11RHI: ~FD3D11DynamicRHI
[2017.08.16-02.04.33:717][966]LogModuleManager: Shutting down and abandoning module ExternalImagePicker (530)
[2017.08.16-02.04.33:717][966]LogModuleManager: Shutting down and abandoning module MovieSceneCapture (528)
[2017.08.16-02.04.33:717][966]LogModuleManager: Shutting down and abandoning module HierarchicalLODOutliner (526)
[2017.08.16-02.04.33:717][966]LogModuleManager: Shutting down and abandoning module CrashTracker (524)
[2017.08.16-02.04.33:717][966]LogModuleManager: Shutting down and abandoning module SceneOutliner (522)
[2017.08.16-02.04.33:717][966]LogModuleManager: Shutting down and abandoning module AddContentDialog (520)
[2017.08.16-02.04.33:717][966]LogDirectoryWatcher: A directory notification for 'C:/Program Files/Epic Games/UE_4.16/FeaturePacks/' was aborted.
[2017.08.16-02.04.33:718][966]LogModuleManager: Shutting down and abandoning module WidgetCarousel (519)
[2017.08.16-02.04.33:718][966]LogModuleManager: Shutting down and abandoning module EditorWidgets (516)
[2017.08.16-02.04.33:718][966]LogModuleManager: Shutting down and abandoning module CollectionManager (514)
[2017.08.16-02.04.33:718][966]LogDirectoryWatcher: A directory notification for 'C:/Users/klca0/Documents/petitcon/Content/Collections/' was aborted.
[2017.08.16-02.04.33:718][966]LogDirectoryWatcher: A directory notification for 'C:/Users/klca0/Documents/petitcon/Content/Developers/klca0/Collections/' was aborted.
[2017.08.16-02.04.33:718][966]LogDirectoryWatcher: A directory notification for 'C:/Users/klca0/Documents/petitcon/Saved/Collections/' was aborted.
[2017.08.16-02.04.33:719][966]LogModuleManager: Shutting down and abandoning module StatsViewer (512)
[2017.08.16-02.04.33:719][966]LogModuleManager: Shutting down and abandoning module FoliageEdit (510)
[2017.08.16-02.04.33:719][966]LogModuleManager: Shutting down and abandoning module LandscapeEditor (508)
[2017.08.16-02.04.33:719][966]LogModuleManager: Shutting down and abandoning module MeshPaintMode (506)
[2017.08.16-02.04.33:719][966]LogModuleManager: Shutting down and abandoning module SceneDepthPickerMode (504)
[2017.08.16-02.04.33:719][966]LogModuleManager: Shutting down and abandoning module ActorPickerMode (502)
[2017.08.16-02.04.33:719][966]LogModuleManager: Shutting down and abandoning module GeometryMode (500)
[2017.08.16-02.04.33:719][966]LogModuleManager: Shutting down and abandoning module TextureAlignMode (498)
[2017.08.16-02.04.33:719][966]LogModuleManager: Shutting down and abandoning module BspMode (496)
[2017.08.16-02.04.33:719][966]LogModuleManager: Shutting down and abandoning module HardwareSurvey (494)
[2017.08.16-02.04.33:719][966]LogModuleManager: Shutting down and abandoning module SequenceRecorderSections (492)
[2017.08.16-02.04.33:719][966]LogModuleManager: Shutting down and abandoning module AutomationWorker (490)
[2017.08.16-02.04.33:719][966]LogModuleManager: Shutting down and abandoning module MatineeToLevelSequence (488)
[2017.08.16-02.04.33:719][966]LogModuleManager: Shutting down and abandoning module LevelSequenceEditor (486)
[2017.08.16-02.04.33:719][966]LogModuleManager: Shutting down and abandoning module PlacementMode (485)
[2017.08.16-02.04.33:719][966]LogModuleManager: Shutting down and abandoning module WmfMediaFactory (482)
[2017.08.16-02.04.33:719][966]LogModuleManager: Shutting down and abandoning module WmfMediaEditor (480)
[2017.08.16-02.04.33:719][966]LogModuleManager: Shutting down and abandoning module AvfMediaFactory (478)
[2017.08.16-02.04.33:719][966]LogModuleManager: Shutting down and abandoning module AvfMediaEditor (476)
[2017.08.16-02.04.33:719][966]LogModuleManager: Shutting down and abandoning module AndroidMediaFactory (474)
[2017.08.16-02.04.33:719][966]LogModuleManager: Shutting down and abandoning module Media (473)
[2017.08.16-02.04.33:719][966]LogModuleManager: Shutting down and abandoning module AndroidMediaEditor (470)
[2017.08.16-02.04.33:719][966]LogModuleManager: Shutting down and abandoning module CharacterAI (468)
[2017.08.16-02.04.33:719][966]LogModuleManager: Shutting down and abandoning module AudioCapture (466)
[2017.08.16-02.04.33:719][966]LogModuleManager: Shutting down and abandoning module SequenceRecorder (465)
[2017.08.16-02.04.33:719][966]LogModuleManager: Shutting down and abandoning module SmartSnapping (462)
[2017.08.16-02.04.33:719][966]LogModuleManager: Shutting down and abandoning module SessionServices (460)
[2017.08.16-02.04.33:719][966]LogModuleManager: Shutting down and abandoning module ViewportSnapping (458)
[2017.08.16-02.04.33:719][966]LogModuleManager: Shutting down and abandoning module ViewportInteraction (456)
[2017.08.16-02.04.33:719][966]LogModuleManager: Shutting down and abandoning module ClothPainter (454)
[2017.08.16-02.04.33:719][966]LogModuleManager: Shutting down and abandoning module LogVisualizer (452)
[2017.08.16-02.04.33:719][966]LogModuleManager: Shutting down and abandoning module IntroTutorials (450)
[2017.08.16-02.04.33:720][966]LogModuleManager: Shutting down and abandoning module GameProjectGeneration (449)
[2017.08.16-02.04.33:720][966]LogModuleManager: Shutting down and abandoning module EditorLiveStreaming (446)
[2017.08.16-02.04.33:720][966]LogModuleManager: Shutting down and abandoning module IOSPlatformEditor (444)
[2017.08.16-02.04.33:720][966]LogModuleManager: Shutting down and abandoning module HTML5PlatformEditor (442)
[2017.08.16-02.04.33:720][966]LogModuleManager: Shutting down and abandoning module AndroidPlatformEditor (440)
[2017.08.16-02.04.33:720][966]LogModuleManager: Shutting down and abandoning module AndroidDeviceDetection (439)
[2017.08.16-02.04.34:067][966]LogModuleManager: Shutting down and abandoning module IOSRuntimeSettings (436)
[2017.08.16-02.04.34:067][966]LogModuleManager: Shutting down and abandoning module AndroidRuntimeSettings (434)
[2017.08.16-02.04.34:067][966]LogModuleManager: Shutting down and abandoning module InputBindingEditor (432)
[2017.08.16-02.04.34:067][966]LogModuleManager: Shutting down and abandoning module MergeActors (430)
[2017.08.16-02.04.34:067][966]LogModuleManager: Shutting down and abandoning module SizeMap (428)
[2017.08.16-02.04.34:067][966]LogModuleManager: Shutting down and abandoning module TreeMap (426)
[2017.08.16-02.04.34:067][966]LogModuleManager: Shutting down and abandoning module ReferenceViewer (424)
[2017.08.16-02.04.34:067][966]LogModuleManager: Shutting down and abandoning module LocalizationDashboard (422)
[2017.08.16-02.04.34:067][966]LogModuleManager: Shutting down and abandoning module LocalizationService (421)
[2017.08.16-02.04.34:067][966]LogModuleManager: Shutting down and abandoning module HardwareTargeting (418)
[2017.08.16-02.04.34:067][966]LogModuleManager: Shutting down and abandoning module DeviceProfileEditor (416)
[2017.08.16-02.04.34:067][966]LogModuleManager: Shutting down and abandoning module UndoHistory (414)
[2017.08.16-02.04.34:067][966]LogModuleManager: Shutting down and abandoning module UserFeedback (412)
[2017.08.16-02.04.34:067][966]LogModuleManager: Shutting down and abandoning module XmlParser (410)
[2017.08.16-02.04.34:067][966]LogModuleManager: Shutting down and abandoning module Blutility (408)
[2017.08.16-02.04.34:067][966]LogModuleManager: Shutting down and abandoning module ProjectSettingsViewer (406)
[2017.08.16-02.04.34:067][966]LogModuleManager: Shutting down and abandoning module ProjectTargetPlatformEditor (405)
[2017.08.16-02.04.34:068][966]LogModuleManager: Shutting down and abandoning module EditorSettingsViewer (402)
[2017.08.16-02.04.34:068][966]LogModuleManager: Shutting down and abandoning module SettingsEditor (400)
[2017.08.16-02.04.34:068][966]LogModuleManager: Shutting down and abandoning module ProjectLauncher (398)
[2017.08.16-02.04.34:068][966]LogModuleManager: Shutting down and abandoning module SessionFrontend (396)
[2017.08.16-02.04.34:068][966]LogModuleManager: Shutting down and abandoning module ProfilerClient (394)
[2017.08.16-02.04.34:068][966]LogModuleManager: Shutting down and abandoning module DeviceManager (392)
[2017.08.16-02.04.34:068][966]LogModuleManager: Shutting down and abandoning module TargetDeviceServices (391)
[2017.08.16-02.04.34:127][966]LogModuleManager: Shutting down and abandoning module AutomationController (388)
[2017.08.16-02.04.34:127][966]LogModuleManager: Shutting down and abandoning module AutomationWindow (386)
[2017.08.16-02.04.34:127][966]LogModuleManager: Shutting down and abandoning module Layers (384)
[2017.08.16-02.04.34:127][966]LogModuleManager: Shutting down and abandoning module ComponentVisualizers (382)
[2017.08.16-02.04.34:127][966]LogModuleManager: Shutting down and abandoning module DetailCustomizations (380)
[2017.08.16-02.04.34:127][966]LogModuleManager: Shutting down and abandoning module PackagesDialog (378)
[2017.08.16-02.04.34:127][966]LogModuleManager: Shutting down and abandoning module Persona (376)
[2017.08.16-02.04.34:127][966]LogModuleManager: Shutting down and abandoning module AdvancedPreviewScene (375)
[2017.08.16-02.04.34:127][966]LogModuleManager: Shutting down and abandoning module AnimGraph (373)
[2017.08.16-02.04.34:127][966]LogModuleManager: Shutting down and abandoning module Kismet (370)
[2017.08.16-02.04.34:128][966]LogModuleManager: Shutting down and abandoning module ClassViewer (368)
[2017.08.16-02.04.34:129][966]LogModuleManager: Shutting down and abandoning module Toolbox (366)
[2017.08.16-02.04.34:129][966]LogModuleManager: Shutting down and abandoning module ModuleUI (364)
[2017.08.16-02.04.34:129][966]LogModuleManager: Shutting down and abandoning module MovieSceneTools (362)
[2017.08.16-02.04.34:129][966]LogModuleManager: Shutting down and abandoning module OutputLog (360)
[2017.08.16-02.04.34:129][966]LogModuleManager: Shutting down and abandoning module GammaUI (358)
[2017.08.16-02.04.34:129][966]LogModuleManager: Shutting down and abandoning module Documentation (356)
[2017.08.16-02.04.34:129][966]LogModuleManager: Shutting down and abandoning module MovieSceneTracks (354)
[2017.08.16-02.04.34:130][966]LogModuleManager: Shutting down and abandoning module MovieScene (352)
[2017.08.16-02.04.34:130][966]LogModuleManager: Shutting down and abandoning module Niagara (350)
[2017.08.16-02.04.34:130][966]LogModuleManager: Shutting down and abandoning module NiagaraEditor (349)
[2017.08.16-02.04.34:130][966]LogModuleManager: Shutting down and abandoning module StreamingPauseRendering (346)
[2017.08.16-02.04.34:130][966]LogModuleManager: Shutting down and abandoning module AnalyticsET (344)
[2017.08.16-02.04.34:130][966]LogModuleManager: Shutting down and abandoning module PortalServices (342)
[2017.08.16-02.04.34:130][966]LogModuleManager: Shutting down and abandoning module PortalRpc (340)
[2017.08.16-02.04.34:130][966]LogModuleManager: Shutting down and abandoning module MessagingRpc (338)
[2017.08.16-02.04.34:130][966]LogModuleManager: Shutting down and abandoning module AIModule (336)
[2017.08.16-02.04.34:130][966]LogModuleManager: Shutting down and abandoning module GameplayDebugger (335)
[2017.08.16-02.04.34:130][966]LogModuleManager: Shutting down and abandoning module AITestSuite (333)
[2017.08.16-02.04.34:130][966]LogModuleManager: Shutting down and abandoning module ProfilerService (330)
[2017.08.16-02.04.34:211][966]LogModuleManager: Shutting down and abandoning module TaskGraph (328)
[2017.08.16-02.04.34:211][966]LogModuleManager: Shutting down and abandoning module SteamVRController (326)
[2017.08.16-02.04.34:211][966]LogModuleManager: Shutting down and abandoning module SteamVR (324)
[2017.08.16-02.04.34:211][966]LogModuleManager: Shutting down and abandoning module ProceduralMeshComponentEditor (322)
[2017.08.16-02.04.34:211][966]LogModuleManager: Shutting down and abandoning module ProceduralMeshComponent (320)
[2017.08.16-02.04.34:211][966]LogModuleManager: Shutting down and abandoning module OculusLibrary (318)
[2017.08.16-02.04.34:211][966]LogModuleManager: Shutting down and abandoning module OculusInput (316)
[2017.08.16-02.04.34:211][966]LogModuleManager: Shutting down and abandoning module MobilePatchingUtils (314)
[2017.08.16-02.04.34:211][966]LogModuleManager: Shutting down and abandoning module CustomMeshComponent (312)
[2017.08.16-02.04.34:211][966]LogModuleManager: Shutting down and abandoning module CableComponent (310)
[2017.08.16-02.04.34:212][966]LogModuleManager: Shutting down and abandoning module ArchVisCharacter (308)
[2017.08.16-02.04.34:212][966]LogModuleManager: Shutting down and abandoning module AndroidPermission (306)
[2017.08.16-02.04.34:212][966]LogModuleManager: Shutting down and abandoning module MediaPlayerEditor (302)
[2017.08.16-02.04.34:212][966]LogModuleManager: Shutting down and abandoning module RawInput (300)
[2017.08.16-02.04.34:213][966]LogModuleManager: Shutting down and abandoning module HTML5Networking (298)
[2017.08.16-02.04.34:213][966]LogModuleManager: Shutting down and abandoning module AlembicImporter (296)
[2017.08.16-02.04.34:213][966]LogModuleManager: Shutting down and abandoning module AlembicLibrary (295)
[2017.08.16-02.04.34:213][966]LogModuleManager: Shutting down and abandoning module GeometryCache (294)
[2017.08.16-02.04.34:213][966]LogModuleManager: Shutting down and abandoning module GeometryCacheEd (293)
[2017.08.16-02.04.34:213][966]LogModuleManager: Shutting down and abandoning module SuperSearchEditor (288)
[2017.08.16-02.04.34:213][966]LogModuleManager: Shutting down and abandoning module SuperSearch (287)
[2017.08.16-02.04.34:213][966]LogModuleManager: Shutting down and abandoning module SpeedTreeImporter (284)
[2017.08.16-02.04.34:213][966]LogModuleManager: Shutting down and abandoning module PluginBrowser (282)
[2017.08.16-02.04.34:214][966]LogModuleManager: Shutting down and abandoning module MobileLauncherProfileWizard (280)
[2017.08.16-02.04.34:215][966]LogModuleManager: Shutting down and abandoning module VisualStudioSourceCodeAccess (278)
[2017.08.16-02.04.34:215][966]LogModuleManager: Shutting down and abandoning module DesktopPlatform (277)
[2017.08.16-02.04.34:215][966]LogModuleManager: Shutting down and abandoning module UObjectPlugin (274)
[2017.08.16-02.04.34:216][966]LogModuleManager: Shutting down and abandoning module SubversionSourceControl (272)
[2017.08.16-02.04.34:216][966]LogModuleManager: Shutting down and abandoning module PerforceSourceControl (270)
[2017.08.16-02.04.34:216][966]LogModuleManager: Shutting down and abandoning module GitSourceControl (268)
[2017.08.16-02.04.34:216][966]LogModuleManager: Shutting down and abandoning module SourceControl (267)
[2017.08.16-02.04.34:216][966]LogModuleManager: Shutting down and abandoning module LightPropagationVolumeEditor (264)
[2017.08.16-02.04.34:216][966]LogModuleManager: Shutting down and abandoning module PaperTiledImporter (262)
[2017.08.16-02.04.34:216][966]LogModuleManager: Shutting down and abandoning module PaperSpriteSheetImporter (260)
[2017.08.16-02.04.34:216][966]LogModuleManager: Shutting down and abandoning module Paper2DEditor (258)
[2017.08.16-02.04.34:217][966]LogModuleManager: Shutting down and abandoning module MeshPaint (257)
[2017.08.16-02.04.34:217][966]LogModuleManager: Shutting down and abandoning module LevelEditor (255)
[2017.08.16-02.04.34:221][966]LogModuleManager: Shutting down and abandoning module PixelInspectorModule (254)
[2017.08.16-02.04.34:221][966]LogModuleManager: Shutting down and abandoning module MainFrame (252)
[2017.08.16-02.04.34:221][966]LogModuleManager: Shutting down and abandoning module HotReload (251)
[2017.08.16-02.04.34:222][966]LogModuleManager: Shutting down and abandoning module PhysXVehiclesEditor (246)
[2017.08.16-02.04.34:222][966]LogModuleManager: Shutting down and abandoning module PhysXVehicles (244)
[2017.08.16-02.04.34:222][966]LogModuleManager: Shutting down and abandoning module LocationServicesBPLibrary (242)
[2017.08.16-02.04.34:222][966]LogModuleManager: Shutting down and abandoning module ImmediatePhysicsEditor (240)
[2017.08.16-02.04.34:222][966]LogModuleManager: Shutting down and abandoning module ImmediatePhysics (238)
[2017.08.16-02.04.34:222][966]LogModuleManager: Shutting down and abandoning module UdpMessaging (236)
[2017.08.16-02.04.34:323][966]LogModuleManager: Shutting down and abandoning module TcpMessaging (234)
[2017.08.16-02.04.34:424][966]LogModuleManager: Shutting down and abandoning module GameplayTagsEditor (232)
[2017.08.16-02.04.34:424][966]LogModuleManager: Shutting down and abandoning module FacialAnimationEditor (230)
[2017.08.16-02.04.34:424][966]LogModuleManager: Shutting down and abandoning module FacialAnimation (228)
[2017.08.16-02.04.34:424][966]LogModuleManager: Shutting down and abandoning module AssetManagerEditor (226)
[2017.08.16-02.04.34:424][966]LogModuleManager: Shutting down and abandoning module GraphEditor (225)
[2017.08.16-02.04.34:424][966]LogModuleManager: Shutting down and abandoning module ContentBrowser (223)
[2017.08.16-02.04.34:425][966]LogModuleManager: Shutting down and abandoning module LightPropagationVolumeRuntime (220)
[2017.08.16-02.04.34:425][966]LogModuleManager: Shutting down and abandoning module Paper2D (218)
[2017.08.16-02.04.34:425][966]LogModuleManager: Shutting down and abandoning module WindowsMoviePlayer (216)
[2017.08.16-02.04.34:425][966]LogModuleManager: Shutting down and abandoning module WmfMedia (214)
[2017.08.16-02.04.34:425][966]LogModuleManager: Shutting down and abandoning module ClothingSystemEditor (212)
[2017.08.16-02.04.34:425][966]LogModuleManager: Shutting down and abandoning module ClothingSystemRuntime (210)
[2017.08.16-02.04.34:425][966]LogModuleManager: Shutting down and abandoning module MediaAssets (208)
[2017.08.16-02.04.34:425][966]LogModuleManager: Shutting down and abandoning module GameLiveStreaming (206)
[2017.08.16-02.04.34:426][966]LogModuleManager: Shutting down and abandoning module VREditor (204)
[2017.08.16-02.04.34:426][966]LogModuleManager: Shutting down and abandoning module StringTableEditor (202)
[2017.08.16-02.04.34:426][966]LogModuleManager: Shutting down and abandoning module GameplayTasksEditor (200)
[2017.08.16-02.04.34:426][966]LogModuleManager: Shutting down and abandoning module BehaviorTreeEditor (198)
[2017.08.16-02.04.34:426][966]LogModuleManager: Shutting down and abandoning module FunctionalTesting (196)
[2017.08.16-02.04.34:426][966]LogModuleManager: Shutting down and abandoning module CollisionAnalyzer (194)
[2017.08.16-02.04.34:426][966]LogModuleManager: Shutting down and abandoning module UMG (192)
[2017.08.16-02.04.34:426][966]LogModuleManager: Shutting down and abandoning module UMGEditor (191)
[2017.08.16-02.04.34:426][966]LogModuleManager: Shutting down and abandoning module Sequencer (190)
[2017.08.16-02.04.34:426][966]LogModuleManager: Shutting down and abandoning module AssetTools (188)
[2017.08.16-02.04.34:426][966]LogModuleManager: Shutting down and abandoning module MessageLog (187)
[2017.08.16-02.04.34:426][966]LogModuleManager: Shutting down and abandoning module WorkspaceMenuStructure (186)
[2017.08.16-02.04.34:426][966]LogModuleManager: Shutting down and abandoning module SlateReflector (180)
[2017.08.16-02.04.34:426][966]LogModuleManager: Shutting down and abandoning module Slate (178)
[2017.08.16-02.04.34:426][966]LogModuleManager: Shutting down and abandoning module EditorStyle (176)
[2017.08.16-02.04.34:436][966]LogModuleManager: Shutting down and abandoning module SourceCodeAccess (174)
[2017.08.16-02.04.34:436][966]LogModuleManager: Shutting down and abandoning module HeadMountedDisplay (172)
[2017.08.16-02.04.34:436][966]LogModuleManager: Shutting down and abandoning module XAudio2 (170)
[2017.08.16-02.04.34:436][966]LogModuleManager: Shutting down and abandoning module Networking (168)
[2017.08.16-02.04.34:436][966]LogModuleManager: Shutting down and abandoning module Core (164)
[2017.08.16-02.04.34:436][966]LogModuleManager: Shutting down and abandoning module AssetRegistry (162)
[2017.08.16-02.04.34:639][966]LogDirectoryWatcher: A directory notification for '../../../Engine/Content/' was aborted.
[2017.08.16-02.04.34:640][966]LogDirectoryWatcher: A directory notification for '../../../../../../Users/klca0/Documents/petitcon/Content/' was aborted.
[2017.08.16-02.04.34:640][966]LogDirectoryWatcher: A directory notification for '../../../Engine/Plugins/2D/Paper2D/Content/' was aborted.
[2017.08.16-02.04.34:640][966]LogDirectoryWatcher: A directory notification for '../../../Engine/Plugins/Runtime/GearVR/Content/' was aborted.
[2017.08.16-02.04.34:642][966]LogModuleManager: Shutting down and abandoning module DirectoryWatcher (161)
[2017.08.16-02.04.34:643][966]LogModuleManager: Shutting down and abandoning module KismetCompiler (158)
[2017.08.16-02.04.34:643][966]LogModuleManager: Shutting down and abandoning module LevelSequence (156)
[2017.08.16-02.04.34:643][966]LogModuleManager: Shutting down and abandoning module PhysXFormats (154)
[2017.08.16-02.04.34:643][966]LogModuleManager: Shutting down and abandoning module MeshUtilities (152)
[2017.08.16-02.04.34:643][966]LogModuleManager: Shutting down and abandoning module SimplygonSwarm (151)
[2017.08.16-02.04.34:643][966]LogModuleManager: Shutting down and abandoning module SimplygonMeshReduction (149)
[2017.08.16-02.04.34:643][966]LogModuleManager: Shutting down and abandoning module QuadricMeshReduction (147)
[2017.08.16-02.04.34:643][966]LogModuleManager: Shutting down and abandoning module DerivedDataCache (144)
[2017.08.16-02.04.34:724][966]LogDerivedDataCache: Shutdown
[2017.08.16-02.04.34:724][966]LogModuleManager: Shutting down and abandoning module TargetPlatform (142)
[2017.08.16-02.04.34:724][966]LogModuleManager: Shutting down and abandoning module VulkanShaderFormat (141)
[2017.08.16-02.04.34:724][966]LogModuleManager: Shutting down and abandoning module ShaderFormatVectorVM (139)
[2017.08.16-02.04.34:724][966]LogModuleManager: Shutting down and abandoning module ShaderFormatOpenGL (137)
[2017.08.16-02.04.34:724][966]LogModuleManager: Shutting down and abandoning module ShaderFormatD3D (135)
[2017.08.16-02.04.34:724][966]LogModuleManager: Shutting down and abandoning module MetalShaderFormat (133)
[2017.08.16-02.04.34:724][966]LogModuleManager: Shutting down and abandoning module TextureFormatUncompressed (131)
[2017.08.16-02.04.34:724][966]LogModuleManager: Shutting down and abandoning module TextureFormatPVR (129)
[2017.08.16-02.04.34:724][966]LogModuleManager: Shutting down and abandoning module TextureFormatDXT (127)
[2017.08.16-02.04.34:724][966]LogModuleManager: Shutting down and abandoning module TextureFormatIntelISPCTexComp (125)
[2017.08.16-02.04.34:724][966]LogModuleManager: Shutting down and abandoning module TextureFormatASTC (123)
[2017.08.16-02.04.34:724][966]LogModuleManager: Shutting down and abandoning module ImageWrapper (122)
[2017.08.16-02.04.34:724][966]LogModuleManager: Shutting down and abandoning module TextureFormatAndroid (119)
[2017.08.16-02.04.34:724][966]LogModuleManager: Shutting down and abandoning module AudioFormatOpus (117)
[2017.08.16-02.04.34:724][966]LogModuleManager: Shutting down and abandoning module AudioFormatOgg (115)
[2017.08.16-02.04.34:724][966]LogModuleManager: Shutting down and abandoning module AudioFormatADPCM (113)
[2017.08.16-02.04.34:724][966]LogModuleManager: Shutting down and abandoning module LinuxTargetPlatform (111)
[2017.08.16-02.04.34:724][966]LogModuleManager: Shutting down and abandoning module LinuxServerTargetPlatform (109)
[2017.08.16-02.04.34:724][966]LogModuleManager: Shutting down and abandoning module LinuxNoEditorTargetPlatform (107)
[2017.08.16-02.04.34:724][966]LogModuleManager: Shutting down and abandoning module LinuxClientTargetPlatform (105)
[2017.08.16-02.04.34:724][966]LogModuleManager: Shutting down and abandoning module TVOSTargetPlatform (103)
[2017.08.16-02.04.34:724][966]LogModuleManager: Shutting down and abandoning module Messaging (101)
[2017.08.16-02.04.34:724][966]LogModuleManager: Shutting down and abandoning module IOSTargetPlatform (99)
[2017.08.16-02.04.34:724][966]LogModuleManager: Shutting down and abandoning module HTML5TargetPlatform (97)
[2017.08.16-02.04.34:724][966]LogModuleManager: Shutting down and abandoning module Android_PVRTCTargetPlatform (95)
[2017.08.16-02.04.34:724][966]LogModuleManager: Shutting down and abandoning module Android_MultiTargetPlatform (93)
[2017.08.16-02.04.34:724][966]LogModuleManager: Shutting down and abandoning module Android_ETC2TargetPlatform (91)
[2017.08.16-02.04.34:724][966]LogModuleManager: Shutting down and abandoning module Android_ETC1TargetPlatform (89)
[2017.08.16-02.04.34:724][966]LogModuleManager: Shutting down and abandoning module Android_DXTTargetPlatform (87)
[2017.08.16-02.04.34:724][966]LogModuleManager: Shutting down and abandoning module Android_ATCTargetPlatform (85)
[2017.08.16-02.04.34:724][966]LogModuleManager: Shutting down and abandoning module Android_ASTCTargetPlatform (83)
[2017.08.16-02.04.34:724][966]LogModuleManager: Shutting down and abandoning module AndroidTargetPlatform (81)
[2017.08.16-02.04.34:724][966]LogModuleManager: Shutting down and abandoning module WindowsTargetPlatform (79)
[2017.08.16-02.04.34:724][966]LogModuleManager: Shutting down and abandoning module WindowsServerTargetPlatform (77)
[2017.08.16-02.04.34:724][966]LogModuleManager: Shutting down and abandoning module WindowsNoEditorTargetPlatform (75)
[2017.08.16-02.04.34:724][966]LogModuleManager: Shutting down and abandoning module WindowsClientTargetPlatform (73)
[2017.08.16-02.04.34:724][966]LogModuleManager: Shutting down and abandoning module MacTargetPlatform (71)
[2017.08.16-02.04.34:724][966]LogModuleManager: Shutting down and abandoning module MacServerTargetPlatform (69)
[2017.08.16-02.04.34:724][966]LogModuleManager: Shutting down and abandoning module MacNoEditorTargetPlatform (67)
[2017.08.16-02.04.34:724][966]LogModuleManager: Shutting down and abandoning module MacClientTargetPlatform (65)
[2017.08.16-02.04.34:724][966]LogModuleManager: Shutting down and abandoning module AllDesktopTargetPlatform (63)
[2017.08.16-02.04.34:724][966]LogModuleManager: Shutting down and abandoning module InputCore (60)
[2017.08.16-02.04.34:724][966]LogModuleManager: Shutting down and abandoning module Settings (58)
[2017.08.16-02.04.34:724][966]LogModuleManager: Shutting down and abandoning module OculusRift (56)
[2017.08.16-02.04.34:724][966]LogModuleManager: Shutting down and abandoning module GearVRController (54)
[2017.08.16-02.04.34:724][966]LogModuleManager: Shutting down and abandoning module GearVR (52)
[2017.08.16-02.04.34:724][966]LogModuleManager: Shutting down and abandoning module ExampleDeviceProfileSelector (50)
[2017.08.16-02.04.34:724][966]LogModuleManager: Shutting down and abandoning module OnlineBlueprintSupport (48)
[2017.08.16-02.04.34:725][966]LogModuleManager: Shutting down and abandoning module OnlineSubsystem (44)
[2017.08.16-02.04.34:725][966]LogOnline:Display: Unloading online subsystem: NULL
[2017.08.16-02.04.34:725][966]LogModuleManager: Shutting down and abandoning module XMPP (43)
[2017.08.16-02.04.34:725][966]LogModuleManager: Shutting down and abandoning module HTTP (41)
[2017.08.16-02.04.34:725][966]LogHttp:Display: Http module shutting down, but needs to wait on 1 outstanding Http requests:
[2017.08.16-02.04.34:725][966]LogHttp:Display: 	verb=[POST] url=[https://datarouter.ol.epicgames.com/datarouter/api/v1/public/data?SessionID=%7B4E94D346-445C-7898-0623-EF83A8AD9A80%7D&AppID=UEEditor.Rocket.Release&AppVersion=4.16.3-3561208%2B%2B%2BUE4%2BRelease-4.16&UserID=4cf2255546bc45faddf9d99979c4c073%7C9b58983219324e548224cd910be150a8%7C19eef1ca-5708-492b-86fc-5fb82cf26228&AppEnvironment=datacollector-binary&UploadType=eteventstream] status=Processing
[2017.08.16-02.04.34:757][966]LogModuleManager: Shutting down and abandoning module SSL (40)
[2017.08.16-02.04.34:758][966]LogModuleManager: Shutting down and abandoning module HTTPChunkInstaller (36)
[2017.08.16-02.04.34:758][966]LogModuleManager: Shutting down and abandoning module AnimationModifiers (34)
[2017.08.16-02.04.34:758][966]LogModuleManager: Shutting down and abandoning module PropertyEditor (33)
[2017.08.16-02.04.34:758][966]LogModuleManager: Shutting down and abandoning module AudioEditor (30)
[2017.08.16-02.04.34:758][966]LogModuleManager: Shutting down and abandoning module TextureCompressor (28)
[2017.08.16-02.04.34:758][966]LogModuleManager: Shutting down and abandoning module ShaderCore (26)
[2017.08.16-02.04.34:758][966]LogModuleManager: Shutting down and abandoning module Landscape (24)
[2017.08.16-02.04.34:758][966]LogModuleManager: Shutting down and abandoning module SlateRHIRenderer (22)
[2017.08.16-02.04.34:759][966]LogModuleManager: Shutting down and abandoning module OpenGLDrv (20)
[2017.08.16-02.04.34:759][966]LogModuleManager: Shutting down and abandoning module D3D11RHI (18)
[2017.08.16-02.04.34:759][966]LogModuleManager: Shutting down and abandoning module AnimGraphRuntime (16)
[2017.08.16-02.04.34:759][966]LogModuleManager: Shutting down and abandoning module Renderer (14)
[2017.08.16-02.04.34:760][966]LogModuleManager: Shutting down and abandoning module Engine (12)
[2017.08.16-02.04.34:760][966]LogModuleManager: Shutting down and abandoning module CoreUObject (10)
[2017.08.16-02.04.34:760][966]LogModuleManager: Shutting down and abandoning module NetworkFile (8)
[2017.08.16-02.04.34:760][966]LogModuleManager: Shutting down and abandoning module StreamingFile (6)
[2017.08.16-02.04.34:760][966]LogModuleManager: Shutting down and abandoning module SandboxFile (4)
[2017.08.16-02.04.34:760][966]LogModuleManager: Shutting down and abandoning module PakFile (2)
[2017.08.16-02.04.34:761][966]LogExit: Exiting.
[2017.08.16-02.04.34:784][966]Log file closed, 08/16/17 11:04:34
