Log file open, 08/15/17 17:07:11
LogInit:Display: Running engine for game: petitcon
LogPlatformFile: Not using cached read wrapper
LogInit:Display: RandInit(-1904706793) SRandInit(-1904706793).
LogTaskGraph: Started task graph with 5 named threads and 6 total threads with 1 sets of task threads.
LogStats: Stats thread started at 0.120483
LogInit: Using libcurl 7.47.1
LogInit:  - built for x86_64-pc-win32
LogInit:  - supports SSL with OpenSSL/1.0.2g
LogInit:  - supports HTTP deflate (compression) using libz 1.2.8
LogInit:  - other features:
LogInit:      CURL_VERSION_SSL
LogInit:      CURL_VERSION_LIBZ
LogInit:      CURL_VERSION_IPV6
LogInit:      CURL_VERSION_ASYNCHDNS
LogInit:      CURL_VERSION_LARGEFILE
LogInit:      CURL_VERSION_IDN
LogInit:  CurlRequestOptions (configurable via config and command line):
LogInit:  - bVerifyPeer = false  - Libcurl will NOT verify peer certificate
LogInit:  - bUseHttpProxy = false  - Libcurl will NOT use HTTP proxy
LogInit:  - bDontReuseConnections = false  - Libcurl will reuse connections
LogInit:  - CertBundlePath = nullptr  - Libcurl will use whatever was configured at build time.
LogInit: Build: ++UE4+Release-4.16-CL-3561208
LogInit: Engine Version: 4.16.3-3561208+++UE4+Release-4.16
LogInit: Compatible Engine Version: 4.16.0-3452394+++UE4+Release-4.16
LogInit: Net CL: 3452394
LogDevObjectVersion: Number of dev versions registered: 16
LogDevObjectVersion:   Dev-Blueprints (B0D832E4-1F89-4F0D-ACCF-7EB736FD4AA2): 9
LogDevObjectVersion:   Dev-Build (E1C64328-A22C-4D53-A36C-8E866417BD8C): 0
LogDevObjectVersion:   Dev-Core (375EC13C-06E4-48FB-B500-84F0262A717E): 2
LogDevObjectVersion:   Dev-Editor (E4B068ED-F494-42E9-A231-DA0B2E46BB41): 17
LogDevObjectVersion:   Dev-Framework (CFFC743F-43B0-4480-9391-14DF171D2073): 23
LogDevObjectVersion:   Dev-Mobile (B02B49B5-BB20-44E9-A304-32B752E40360): 0
LogDevObjectVersion:   Dev-Networking (A4E4105C-59A1-49B5-A7C5-40C4547EDFEE): 0
LogDevObjectVersion:   Dev-Online (39C831C9-5AE6-47DC-9A44-9C173E1C8E7C): 0
LogDevObjectVersion:   Dev-Physics (78F01B33-EBEA-4F98-B9B4-84EACCB95AA2): 0
LogDevObjectVersion:   Dev-Platform (6631380F-2D4D-43E0-8009-CF276956A95A): 0
LogDevObjectVersion:   Dev-Rendering (12F88B9F-8875-4AFC-A67C-D90C383ABD29): 15
LogDevObjectVersion:   Dev-Sequencer (7B5AE74C-D270-4C10-A958-57980B212A5A): 4
LogDevObjectVersion:   Dev-VR (D7296918-1DD6-4BDD-9DE2-64A83CC13884): 0
LogDevObjectVersion:   Dev-LoadTimes (C2A15278-BFE7-4AFE-6C17-90FF531DF755): 1
LogDevObjectVersion:   Private-Geometry (6EACA3D4-40EC-4CC1-B786-8BED09428FC5): 1
LogDevObjectVersion:   Dev-AnimPhys (29E575DD-E0A3-4627-9D10-D276232CDCEA): 3
LogInit: Compiled (64-bit): Jul 28 2017 11:49:47
LogInit: Compiled with Visual C++: 19.00.24215.01
LogInit: Build Configuration: Development
LogInit: Branch Name: ++UE4+Release-4.16
LogInit: Command line:  
LogInit: Base directory: C:/Program Files/Epic Games/UE_4.16/Engine/Binaries/Win64/
LogInit: Installed Engine Build: 1
LogInit: Presizing for max 8388607 objects, including 0 objects not considered by GC, pre-allocating 0 bytes for permanent pool.
LogInit: Object subsystem initialized
[2017.08.15-08.07.12:546][  0]LogInit: Selected Device Profile: [Windows]
[2017.08.15-08.07.12:546][  0]LogInit: Applying CVar settings loaded from the selected device profile: [Windows]
[2017.08.15-08.07.12:586][  0]LogInit: Computer: DESKTOP-QTEU8JE
[2017.08.15-08.07.12:586][  0]LogInit: User: klca0
[2017.08.15-08.07.12:586][  0]LogInit: CPU Page size=4096, Cores=2
[2017.08.15-08.07.12:586][  0]LogInit: High frequency timer resolution =2.437502 MHz
[2017.08.15-08.07.12:586][  0]LogMemory: Memory total: Physical=7.9GB (8GB approx)
[2017.08.15-08.07.12:586][  0]LogMemory: Platform Memory Stats for Windows
[2017.08.15-08.07.12:586][  0]LogMemory: Process Physical Memory: 274.36 MB used, 274.36 MB peak
[2017.08.15-08.07.12:586][  0]LogMemory: Process Virtual Memory: 267.99 MB used, 267.99 MB peak
[2017.08.15-08.07.12:586][  0]LogMemory: Physical Memory: 5178.15 MB used,  2938.96 MB free, 8117.11 MB total
[2017.08.15-08.07.12:586][  0]LogMemory: Virtual Memory: 641.00 MB used,  2938.96 MB free, 134217728.00 MB total
[2017.08.15-08.07.12:783][  0]LogInit: Using OS detected language (ja-JP).
[2017.08.15-08.07.12:783][  0]LogInit: Using OS detected locale (ja-JP).
[2017.08.15-08.07.12:799][  0]LogTextLocalizationManager: No specific localization for 'ja-JP' exists, so the 'ja' localization will be used.
[2017.08.15-08.07.14:249][  0]LogD3D11RHI: D3D11 adapters:
[2017.08.15-08.07.14:256][  0]LogD3D11RHI:    0. 'Intel(R) HD Graphics 520' (Feature Level 11_0)
[2017.08.15-08.07.14:257][  0]LogD3D11RHI:       128/0/4058 MB DedicatedVideo/DedicatedSystem/SharedSystem, Outputs:1, VendorId:0x8086
[2017.08.15-08.07.14:259][  0]LogD3D11RHI:    1. 'Microsoft Basic Render Driver' (Feature Level 11_0)
[2017.08.15-08.07.14:259][  0]LogD3D11RHI:       0/0/4058 MB DedicatedVideo/DedicatedSystem/SharedSystem, Outputs:0, VendorId:0x1414
[2017.08.15-08.07.14:259][  0]LogD3D11RHI: Chosen D3D11 Adapter: 0
[2017.08.15-08.07.14:264][  0]LogD3D11RHI: Creating new Direct3DDevice
[2017.08.15-08.07.14:265][  0]LogD3D11RHI:     GPU DeviceId: 0x1916 (for the marketing name, search the web for "GPU Device Id")
[2017.08.15-08.07.14:265][  0]LogWindows: EnumDisplayDevices:
[2017.08.15-08.07.14:265][  0]LogWindows:    0. 'Intel(R) HD Graphics 520' (P:1 D:1)
[2017.08.15-08.07.14:265][  0]LogWindows:    1. 'Intel(R) HD Graphics 520' (P:0 D:0)
[2017.08.15-08.07.14:265][  0]LogWindows:    2. 'Intel(R) HD Graphics 520' (P:0 D:0)
[2017.08.15-08.07.14:265][  0]LogWindows: DebugString: FoundDriverCount:3 
[2017.08.15-08.07.14:265][  0]LogD3D11RHI:     Adapter Name: Intel(R) HD Graphics 520
[2017.08.15-08.07.14:265][  0]LogD3D11RHI:   Driver Version: 21.20.16.4627 (internal:21.20.16.4627, unified:21.20.16.4627)
[2017.08.15-08.07.14:265][  0]LogD3D11RHI:      Driver Date: 3-9-2017
[2017.08.15-08.07.14:265][  0]LogRHI: Texture pool is 1361 MB (70% of 1945 MB)
[2017.08.15-08.07.14:271][  0]LogD3D11RHI: Async texture creation enabled
[2017.08.15-08.07.14:278][  0]LogD3D11RHI: GPU Timing Frequency: 12.000000 (Debug: 2 0)
[2017.08.15-08.07.14:279][  0]LogShaderCompilers: Guid format shader working directory is -3 characters bigger than the processId version (../../../../../../Users/klca0/Documents/petitcon/Intermediate/Shaders/WorkingDirectory/20300/).
[2017.08.15-08.07.14:280][  0]LogShaderCompilers: Cleaned the shader compiler working directory 'C:/Users/klca0/AppData/Local/Temp/UnrealShaderWorkingDir/ECDED185450E226883C88FBFE1C8315D/'.
[2017.08.15-08.07.14:280][  0]LogShaderCompilers:Display: Using Local Shader Compiler.
[2017.08.15-08.07.15:882][  0]LogTemp:Display: Loaded TP AllDesktopTargetPlatform
[2017.08.15-08.07.15:961][  0]LogTemp:Display: Loaded TP MacClientTargetPlatform
[2017.08.15-08.07.16:042][  0]LogTemp:Display: Loaded TP MacNoEditorTargetPlatform
[2017.08.15-08.07.16:124][  0]LogTemp:Display: Loaded TP MacServerTargetPlatform
[2017.08.15-08.07.16:205][  0]LogTemp:Display: Loaded TP MacTargetPlatform
[2017.08.15-08.07.16:285][  0]LogTemp:Display: Loaded TP WindowsClientTargetPlatform
[2017.08.15-08.07.16:368][  0]LogTemp:Display: Loaded TP WindowsNoEditorTargetPlatform
[2017.08.15-08.07.16:449][  0]LogTemp:Display: Loaded TP WindowsServerTargetPlatform
[2017.08.15-08.07.16:523][  0]LogTemp:Display: Loaded TP WindowsTargetPlatform
[2017.08.15-08.07.16:605][  0]LogTemp:Display: Loaded TP AndroidTargetPlatform
[2017.08.15-08.07.16:685][  0]LogTemp:Display: Loaded TP Android_ASTCTargetPlatform
[2017.08.15-08.07.16:765][  0]LogTemp:Display: Loaded TP Android_ATCTargetPlatform
[2017.08.15-08.07.16:849][  0]LogTemp:Display: Loaded TP Android_DXTTargetPlatform
[2017.08.15-08.07.16:931][  0]LogTemp:Display: Loaded TP Android_ETC1TargetPlatform
[2017.08.15-08.07.17:012][  0]LogTemp:Display: Loaded TP Android_ETC2TargetPlatform
[2017.08.15-08.07.17:172][  0]LogTemp:Display: Loaded TP Android_MultiTargetPlatform
[2017.08.15-08.07.17:172][  0]LogTemp:Display: Loaded TP Android_PVRTCTargetPlatform
[2017.08.15-08.07.17:241][  0]LogTemp:Display: Loaded TP HTML5TargetPlatform
[2017.08.15-08.07.17:387][  0]LogTemp:Display: Loaded TP IOSTargetPlatform
[2017.08.15-08.07.17:436][  0]LogTemp:Display: Loaded TP TVOSTargetPlatform
[2017.08.15-08.07.17:516][  0]LogTemp:Display: Loaded TP LinuxClientTargetPlatform
[2017.08.15-08.07.17:596][  0]LogTemp:Display: Loaded TP LinuxNoEditorTargetPlatform
[2017.08.15-08.07.17:674][  0]LogTemp:Display: Loaded TP LinuxServerTargetPlatform
[2017.08.15-08.07.17:753][  0]LogTemp:Display: Loaded TP LinuxTargetPlatform
[2017.08.15-08.07.17:753][  0]LogTargetPlatformManager:Display: Building Assets For Windows
[2017.08.15-08.07.18:670][  0]LogDerivedDataCache:Display: Max Cache Size: 512 MB
[2017.08.15-08.07.18:971][  0]LogDerivedDataCache: Loaded boot cache 0.30s 90MB C:/Users/klca0/AppData/Local/UnrealEngine/4.16/DerivedDataCache/Boot.ddc.
[2017.08.15-08.07.18:971][  0]LogDerivedDataCache:Display: Loaded Boot cache: C:/Users/klca0/AppData/Local/UnrealEngine/4.16/DerivedDataCache/Boot.ddc
[2017.08.15-08.07.18:971][  0]LogDerivedDataCache: FDerivedDataBackendGraph:  Pak pak cache file ../../../../../../Users/klca0/Documents/petitcon/DerivedDataCache/DDC.ddp not found, will not use a pak cache.
[2017.08.15-08.07.18:971][  0]LogDerivedDataCache: Unable to find inner node Pak for hierarchical cache Hierarchy.
[2017.08.15-08.07.18:971][  0]LogDerivedDataCache: FDerivedDataBackendGraph:  CompressedPak pak cache file ../../../../../../Users/klca0/Documents/petitcon/DerivedDataCache/Compressed.ddp not found, will not use a pak cache.
[2017.08.15-08.07.18:971][  0]LogDerivedDataCache: Unable to find inner node CompressedPak for hierarchical cache Hierarchy.
[2017.08.15-08.07.18:993][  0]LogDerivedDataCache:Display: Pak cache opened for reading ../../../Engine/DerivedDataCache/Compressed.ddp.
[2017.08.15-08.07.19:006][  0]LogDerivedDataCache: Using Local data cache path C:/Users/klca0/AppData/Local/UnrealEngine/Common/DerivedDataCache: Writable
[2017.08.15-08.07.19:019][  0]LogMaterial: Verifying Global Shaders for PCD3D_SM5
[2017.08.15-08.07.19:019][  0]LogSlate: Using Freetype 2.6.0
[2017.08.15-08.07.19:022][  0]LogSlate: SlateFontCache - WITH_FREETYPE: 1, WITH_HARFBUZZ: 1
[2017.08.15-08.07.19:022][  0]LogSlate: SlateFontCache - WITH_FREETYPE: 1, WITH_HARFBUZZ: 1
[2017.08.15-08.07.19:860][  0]LogInit: Selected Device Profile: [Windows]
[2017.08.15-08.07.19:946][  0]LogContentStreaming: Texture pool size is 0.00 MB
[2017.08.15-08.07.20:199][  0]LogMeshUtilities: Using QuadricMeshReduction for automatic static mesh reduction
[2017.08.15-08.07.20:279][  0]LogSimplygon: Simplygon DLL not present - disabling.
[2017.08.15-08.07.20:356][  0]LogMeshUtilities: Using SimplygonSwarm for distributed automatic mesh merging
[2017.08.15-08.07.20:356][  0]LogMeshUtilities: No automatic skeletal mesh reduction module available
[2017.08.15-08.07.20:356][  0]LogMeshUtilities: No automatic mesh merging module available
[2017.08.15-08.07.21:211][  0]LogNetVersion: petitcon , NetCL: 3452394, EngineNetVer: 2, GameNetVer: 0 (Checksum: 2069337989)
[2017.08.15-08.07.21:297][  0]LogAssetRegistry: FAssetRegistry took 0.0274 seconds to start up
[2017.08.15-08.07.21:397][  0]LogPackageLocalizationCache: Processed 4 localized package path(s) for 2 prioritized culture(s) in 0.048970 seconds
[2017.08.15-08.07.21:405][  0]LogUObjectArray: 34194 objects as part of root set at end of initial load.
[2017.08.15-08.07.21:405][  0]LogUObjectAllocator: 7260416 out of 0 bytes used by permanent object pool.
[2017.08.15-08.07.21:405][  0]LogUObjectArray: CloseDisregardForGC: 0/0 objects in disregard for GC pool
[2017.08.15-08.07.21:534][  0]LogInit: WinSock: version 1.1 (2.2), MaxSocks=32767, MaxUdp=65467
[2017.08.15-08.07.26:448][  0]LogTcpMessaging: Initializing TcpMessaging bridge
[2017.08.15-08.07.26:510][  0]LogUdpMessaging: Initializing bridge on interface 0.0.0.0:0 to multicast group 230.0.0.1:6666.
[2017.08.15-08.07.27:358][  0]LogMaterial: Uniform references updated for custom material expression Custom.
[2017.08.15-08.07.28:026][  0]SourceControl: 情報 ソースコントロールは無効です
[2017.08.15-08.07.28:134][  0]SourceControl: 情報 ソースコントロールは無効です
[2017.08.15-08.07.28:214][  0]SourceControl: 情報 ソースコントロールは無効です
[2017.08.15-08.07.28:292][  0]SourceControl: 情報 ソースコントロールは無効です
[2017.08.15-08.07.29:541][  0]LogAndroidPermission: UAndroidPermissionCallbackProxy::GetInstance
[2017.08.15-08.07.30:507][  0]LogEngine: Initializing Engine...
[2017.08.15-08.07.30:508][  0]LogHMD: Failed to initialize OpenVR with code 110
[2017.08.15-08.07.30:751][  0]LogStats: UGameplayTagsManager::ConstructGameplayTagTree: Construct from data asset -  0.000 s
[2017.08.15-08.07.30:752][  0]LogStats: UGameplayTagsManager::ConstructGameplayTagTree: GameplayTagTreeChangedEvent.Broadcast -  0.000 s
[2017.08.15-08.07.31:003][  0]LogAIModule: Creating AISystem for world Untitled
[2017.08.15-08.07.31:017][  0]LogInit: XAudio2 using 'ヘッドホン (Realtek High Definition Audio(SST))' : 2 channels at 48 kHz using 32 bits per sample (channel mask 0x3)
[2017.08.15-08.07.31:588][  0]LogInit: FAudioDevice initialized.
[2017.08.15-08.07.31:638][  0]LogDerivedDataCache: Saved boot cache 0.05s 90MB C:/Users/klca0/AppData/Local/UnrealEngine/4.16/DerivedDataCache/Boot.ddc.
[2017.08.15-08.07.31:645][  0]LogInit: Texture streaming: Enabled
[2017.08.15-08.07.31:854][  0]LogEngineSessionManager: EngineSessionManager initialized
[2017.08.15-08.07.32:231][  0]LogInit: Transaction tracking system initialized
[2017.08.15-08.07.32:817][  0]BlueprintLog: New page: エディタの読み込み
[2017.08.15-08.07.34:575][  0]LocalizationService: 情報 ローカライズのサービスが無効になりました
[2017.08.15-08.07.35:796][  0]LogConsoleResponse:Display: 
[2017.08.15-08.07.36:046][  0]LogCook:Display: Max memory allowance for cook 16384mb min free memory 0mb
[2017.08.15-08.07.36:046][  0]LogCook:Display: Mobile HDR setting 1
[2017.08.15-08.07.36:848][  0]LogFileCache: Scanning file cache for directory 'C:/Users/klca0/Documents/petitcon/Content/' took 0.02s
[2017.08.15-08.07.38:185][  0]SourceControl: 情報 ソースコントロールは無効です
[2017.08.15-08.07.38:185][  0]Cmd: MAP LOAD FILE="../../../../../../Users/klca0/Documents/petitcon/Content/VehicleAdvBP/Maps/VehicleAdvExampleMap.umap" TEMPLATE=0 SHOWPROGRESS=1 FEATURELEVEL=3
[2017.08.15-08.07.38:188][  0]LightingResults: New page: ライティングのビルド
[2017.08.15-08.07.38:265][  0]MapCheck: New page: マップをチェック
[2017.08.15-08.07.38:265][  0]LightingResults: New page: <何も選択されていません>
[2017.08.15-08.07.39:373][  0]LogAIModule: Creating AISystem for world VehicleAdvExampleMap
[2017.08.15-08.07.39:439][  0]LogEditorServer: Finished looking for orphan Actors (0.000 secs)
[2017.08.15-08.07.39:499][  0]Cmd: MAP CHECKDEP NOCLEARLOG
[2017.08.15-08.07.39:581][  0]MapCheck: 情報 マップチェックが完了: 0 エラー、 0 警告、完了に 82.434ミリ秒かかりました。
[2017.08.15-08.07.39:581][  0]LogFileHelpers: Loading map 'VehicleAdvExampleMap' took 1.396
[2017.08.15-08.07.39:665][  0]LogWindowsTextInputMethodSystem:Display: IME system now activated using TSF (Microsoft IME).
[2017.08.15-08.07.39:666][  0]LogWindowsTextInputMethodSystem:Display: IME system now activated using TSF (Microsoft IME).
[2017.08.15-08.07.39:950][  0]LogCollectionManager: Loaded 0 collections in 0.003090 seconds
[2017.08.15-08.07.40:128][  0]LogFileCache: Scanning file cache for directory 'C:/Users/klca0/Documents/petitcon/Saved/Collections/' took 0.01s
[2017.08.15-08.07.40:128][  0]LogFileCache: Scanning file cache for directory 'C:/Users/klca0/Documents/petitcon/Content/Developers/klca0/Collections/' took 0.01s
[2017.08.15-08.07.40:128][  0]LogFileCache: Scanning file cache for directory 'C:/Users/klca0/Documents/petitcon/Content/Collections/' took 0.01s
[2017.08.15-08.07.40:128][  0]LogCollectionManager: Rebuilt the GUID cache for 0 collections in 0.000002 seconds
[2017.08.15-08.07.40:145][  0]LogContentBrowser: Native class hierarchy populated in 0.0161 seconds. Added 2331 classes and 494 folders.
[2017.08.15-08.07.40:425][  0]LogContentBrowser: Native class hierarchy updated for 'WidgetCarousel' in 0.0024 seconds. Added 0 classes and 0 folders.
[2017.08.15-08.07.40:663][  0]LogContentBrowser: Native class hierarchy updated for 'AddContentDialog' in 0.0007 seconds. Added 0 classes and 0 folders.
[2017.08.15-08.07.40:778][  0]LogContentBrowser: Native class hierarchy updated for 'SceneOutliner' in 0.0007 seconds. Added 1 classes and 2 folders.
[2017.08.15-08.07.40:869][  0]LogCrashTracker: Crashtracker disabled due to settings.
[2017.08.15-08.07.40:882][  0]LogSlate: Took 0.001504 seconds to synchronously load lazily loaded font '../../../Engine/Content/Slate/Fonts/Roboto-Regular.ttf' (155K)
[2017.08.15-08.07.40:911][  0]LogSlate: Took 0.027080 seconds to synchronously load lazily loaded font '../../../Engine/Content/Slate/Fonts/DroidSansFallback.ttf' (3848K)
[2017.08.15-08.07.40:914][  0]LogSlate: Took 0.001592 seconds to synchronously load lazily loaded font '../../../Engine/Content/Slate/Fonts/Roboto-Bold.ttf' (160K)
[2017.08.15-08.07.40:921][  0]LogSlate: Took 0.002310 seconds to synchronously load lazily loaded font '../../../Engine/Content/Editor/Slate/Fonts/FontAwesome.ttf' (139K)
[2017.08.15-08.07.41:059][  0]LogRenderer: Reallocating scene render targets to support 892x464 NumSamples 1 (Frame:1).
[2017.08.15-08.07.42:033][  0]LogUObjectGlobals:Warning: オブジェクト 'Class なし.' が見つかりませんでした
[2017.08.15-08.07.42:165][  0]LogContentBrowser: Native class hierarchy updated for 'HierarchicalLODOutliner' in 0.0008 seconds. Added 1 classes and 2 folders.
[2017.08.15-08.07.42:165][  0]LogLoad: (Engine Initialization) Total time: 32.26 seconds
[2017.08.15-08.07.42:165][  0]LogLoad: (Engine Initialization) Total Blueprint compile time: 0.37 seconds
[2017.08.15-08.07.42:165][  0]LogExternalProfiler: Found external profiler: VSPerf
[2017.08.15-08.07.42:165][  0]LogExternalProfiler: Using external profiler: VSPerf
[2017.08.15-08.07.42:316][  0]LogOcInput: OculusInput pre-init called
[2017.08.15-08.07.42:317][  0]LogRawInputWindows:Warning: Found device 0 devices
[2017.08.15-08.07.42:317][  0]LogRawInputWindows:Warning: Found device 0 devices
[2017.08.15-08.07.42:317][  0]LogRawInputWindows:Warning: Device was registered succesfully but not connected (Usage:4 UsagePage:1
[2017.08.15-08.07.42:318][  0]LogRawInputWindows:Warning: Found device 1 devices
[2017.08.15-08.07.42:318][  0]LogRawInputWindows:Warning: Device was registered succesfully but not connected (Usage:5 UsagePage:1
[2017.08.15-08.07.42:318][  0]LogHMD: Starting GearVRController plugin
[2017.08.15-08.07.42:339][  0]LogContentStreaming: Texture pool size now 1000 MB
[2017.08.15-08.07.42:414][  0]LogSlate: Took 0.002219 seconds to synchronously load lazily loaded font '../../../Engine/Content/Slate/Fonts/Roboto-Light.ttf' (159K)
[2017.08.15-08.07.42:483][  1]LogAssetRegistry: Asset discovery search completed in 21.2079 seconds
[2017.08.15-08.07.42:490][  1]LogCollectionManager: Rebuilt the object cache for 0 collections in 0.000001 seconds (found 0 objects)
[2017.08.15-08.07.42:490][  1]LogCollectionManager: Fixed up redirectors for 0 collections in 0.000057 seconds (updated 0 objects)
[2017.08.15-08.07.43:264][  6]LogSlate: Took 0.000418 seconds to synchronously load lazily loaded font '../../../Engine/Content/Slate/Fonts/Roboto-Light.ttf' (159K)
[2017.08.15-08.11.03:129][945]LogSlate: Took 0.000309 seconds to synchronously load lazily loaded font '../../../Engine/Content/Slate/Fonts/Roboto-Light.ttf' (159K)
[2017.08.15-08.11.03:639][945]LogContentBrowser: Native class hierarchy updated for 'BlueprintGraph' in 0.0011 seconds. Added 112 classes and 0 folders.
[2017.08.15-08.11.04:451][945]LogSlate: Took 0.000188 seconds to synchronously load lazily loaded font '../../../Engine/Content/Slate/Fonts/Roboto-Regular.ttf' (155K)
[2017.08.15-08.11.04:571][945]LogSlate: Took 0.001605 seconds to synchronously load lazily loaded font '../../../Engine/Content/Editor/Slate/Fonts/Roboto-BoldCondensed.ttf' (158K)
[2017.08.15-08.11.04:924][946]LogSlate: Took 0.002737 seconds to synchronously load lazily loaded font '../../../Engine/Content/Editor/Slate/Fonts/Roboto-Italic.ttf' (157K)
[2017.08.15-08.16.26:690][565]BlueprintLog: New page: VehicleBlueprint をコンパイル
[2017.08.15-08.16.27:920][591]Cmd: OBJ SAVEPACKAGE PACKAGE="/Game/VehicleAdvBP/Blueprints/VehicleBlueprint" FILE="../../../../../../Users/klca0/Documents/petitcon/Content/VehicleAdvBP/Blueprints/VehicleBlueprint.uasset" SILENT=true
[2017.08.15-08.16.28:161][591]LogSavePackage: Save=229.68ms
[2017.08.15-08.16.28:161][591]LogSavePackage: Moving '../../../../../../Users/klca0/Documents/petitcon/Saved/VehicleBlueprintEADE94FB44B159B10C0E15BCF32B8A8B.tmp' to '../../../../../../Users/klca0/Documents/petitcon/Content/VehicleAdvBP/Blueprints/VehicleBlueprint.uasset'
[2017.08.15-08.16.28:190][591]LogSavePackage:Display: Finished SavePackage ../../../../../../Users/klca0/Documents/petitcon/Content/VehicleAdvBP/Blueprints/VehicleBlueprint.uasset
[2017.08.15-08.16.47:868][857]LogSavePackage: Save=432.17ms
[2017.08.15-08.16.47:868][857]LogSavePackage: Moving '../../../../../../Users/klca0/Documents/petitcon/Saved/VehicleAdvExampleMap0D621AD34492138C67ABA4B4B89A4DB5.tmp' to '../../../../../../Users/klca0/Documents/petitcon/Content/VehicleAdvBP/Maps/VehicleAdvExampleMap.umap'
[2017.08.15-08.16.47:873][857]LogSavePackage:Display: Finished SavePackage ../../../../../../Users/klca0/Documents/petitcon/Content/VehicleAdvBP/Maps/VehicleAdvExampleMap.umap
[2017.08.15-08.16.47:913][857]LogFileHelpers: Saving map 'VehicleAdvExampleMap' took 0.600
[2017.08.15-08.16.49:675][900]LogEditorViewport: Clicking on Actor (LMB): BP_Sky_Sphere_C (SkyShereBlueprint)
[2017.08.15-08.16.50:900][935]LogTemp: Repeting last play command: 選択ビューポート
[2017.08.15-08.16.50:956][935]LogPlayLevel: PlayLevel: No blueprints needed recompiling
[2017.08.15-08.16.50:956][935]PIE: New page: PIEセッション: VehicleAdvExampleMap (2017/08/16 2:16:50)
[2017.08.15-08.16.50:956][935]LogPlayLevel: Creating play world package: /Game/VehicleAdvBP/Maps/UEDPIE_0_VehicleAdvExampleMap
[2017.08.15-08.16.50:987][935]LogPlayLevel: PIE: StaticDuplicateObject took: (0.030692s)
[2017.08.15-08.16.50:988][935]LogAIModule: Creating AISystem for world VehicleAdvExampleMap
[2017.08.15-08.16.50:988][935]LogPlayLevel: PIE: World Init took: (0.000920s)
[2017.08.15-08.16.50:988][935]LogPlayLevel: PIE: Created PIE world by copying editor world from /Game/VehicleAdvBP/Maps/VehicleAdvExampleMap.VehicleAdvExampleMap to /Game/VehicleAdvBP/Maps/UEDPIE_0_VehicleAdvExampleMap.VehicleAdvExampleMap (0.031864s)
[2017.08.15-08.16.51:028][935]LogInit: XAudio2 using 'ヘッドホン (Realtek High Definition Audio(SST))' : 2 channels at 48 kHz using 32 bits per sample (channel mask 0x3)
[2017.08.15-08.16.51:036][935]LogInit: FAudioDevice initialized.
[2017.08.15-08.16.51:110][935]LogLoad: Game class is 'VehicleAdvGameMode_C'
[2017.08.15-08.16.51:118][935]LogWorld: Bringing World /Game/VehicleAdvBP/Maps/UEDPIE_0_VehicleAdvExampleMap.VehicleAdvExampleMap up for play (max tick rate 60) at 2017.08.15-17.16.51
[2017.08.15-08.16.51:119][935]LogWorld: Bringing up level for play took: 0.006834
[2017.08.15-08.16.51:191][935]LogContentBrowser: Native class hierarchy updated for 'MovieSceneCapture' in 0.0007 seconds. Added 11 classes and 0 folders.
[2017.08.15-08.16.51:196][935]PIE: 情報 /Game/VehicleAdvBP/Maps/UEDPIE_0_VehicleAdvExampleMap 0.283のプレイ イン エディタの開始時間
[2017.08.15-08.18.38:626][979]LogEditorTransaction: Undo バインディングを作成
[2017.08.15-08.18.44:676][307]BlueprintLog: New page: HUD をコンパイル
[2017.08.15-08.18.44:934][307]BlueprintEditorCompileResults: 情報 Fast Template Successfully Created.
[2017.08.15-08.18.48:585][470]LogTemp: Repeting last play command: 選択ビューポート
[2017.08.15-08.18.48:625][470]LogPlayLevel: PlayLevel: No blueprints needed recompiling
[2017.08.15-08.18.48:625][470]PIE: New page: PIEセッション: VehicleAdvExampleMap (2017/08/16 2:18:48)
[2017.08.15-08.18.48:625][470]LogPlayLevel: Creating play world package: /Game/VehicleAdvBP/Maps/UEDPIE_0_VehicleAdvExampleMap
[2017.08.15-08.18.48:670][470]LogPlayLevel: PIE: StaticDuplicateObject took: (0.044387s)
[2017.08.15-08.18.48:670][470]LogAIModule: Creating AISystem for world VehicleAdvExampleMap
[2017.08.15-08.18.48:671][470]LogPlayLevel: PIE: World Init took: (0.001052s)
[2017.08.15-08.18.48:671][470]LogPlayLevel: PIE: Created PIE world by copying editor world from /Game/VehicleAdvBP/Maps/VehicleAdvExampleMap.VehicleAdvExampleMap to /Game/VehicleAdvBP/Maps/UEDPIE_0_VehicleAdvExampleMap.VehicleAdvExampleMap (0.045844s)
[2017.08.15-08.18.48:716][470]LogInit: XAudio2 using 'ヘッドホン (Realtek High Definition Audio(SST))' : 2 channels at 48 kHz using 32 bits per sample (channel mask 0x3)
[2017.08.15-08.18.48:724][470]LogInit: FAudioDevice initialized.
[2017.08.15-08.18.48:758][470]LogLoad: Game class is 'VehicleAdvGameMode_C'
[2017.08.15-08.18.48:765][470]LogWorld: Bringing World /Game/VehicleAdvBP/Maps/UEDPIE_0_VehicleAdvExampleMap.VehicleAdvExampleMap up for play (max tick rate 60) at 2017.08.15-17.18.48
[2017.08.15-08.18.48:766][470]LogWorld: Bringing up level for play took: 0.005928
[2017.08.15-08.18.48:769][470]PIE: 情報 /Game/VehicleAdvBP/Maps/UEDPIE_0_VehicleAdvExampleMap -0.143のプレイ イン エディタの開始時間
[2017.08.15-08.20.25:806][459]Cmd: OBJ SAVEPACKAGE PACKAGE="/Game/Blueprints/UI/HUD" FILE="../../../../../../Users/klca0/Documents/petitcon/Content/Blueprints/UI/HUD.uasset" SILENT=true
[2017.08.15-08.20.25:908][459]LogSavePackage: Save=92.78ms
[2017.08.15-08.20.25:908][459]LogSavePackage: Moving '../../../../../../Users/klca0/Documents/petitcon/Saved/HUD9935119242D714A1DA2ED29E772F7E92.tmp' to '../../../../../../Users/klca0/Documents/petitcon/Content/Blueprints/UI/HUD.uasset'
[2017.08.15-08.20.25:945][459]LogSavePackage:Display: Finished SavePackage ../../../../../../Users/klca0/Documents/petitcon/Content/Blueprints/UI/HUD.uasset
[2017.08.15-08.20.28:786][543]LogScript:Warning: Accessed None trying to read property ControllerReference
	VehicleBlueprint_C /Engine/Transient.World_2:PersistentLevel.VehicleBlueprint_C_1
	Function /Game/VehicleAdvBP/Blueprints/VehicleBlueprint.VehicleBlueprint_C:ExecuteUbergraph_VehicleBlueprint:0734
[2017.08.15-08.20.28:952][543]LogWindowsTextInputMethodSystem:Display: IME system now activated using TSF (Microsoft IME).
[2017.08.15-08.20.28:953][543]LogWindowsTextInputMethodSystem:Display: IME system now activated using TSF (Microsoft IME).
[2017.08.15-08.20.29:156][543]LogWindowsTextInputMethodSystem:Display: IME system now activated using TSF (Microsoft IME).
[2017.08.15-08.20.29:156][543]LogWindowsTextInputMethodSystem:Display: IME system now activated using TSF (Microsoft IME).
[2017.08.15-08.20.29:460][544]Cmd: QUIT_EDITOR
[2017.08.15-08.20.30:203][544]LogWindowsTextInputMethodSystem:Display: IME system now activated using TSF (Microsoft IME).
[2017.08.15-08.20.30:204][544]LogWindowsTextInputMethodSystem:Display: IME system now activated using TSF (Microsoft IME).
[2017.08.15-08.20.30:215][544]LogExit: Preparing to exit.
[2017.08.15-08.20.31:119][544]LogDirectoryWatcher: A directory notification for 'C:/Users/klca0/Documents/petitcon/Content/' was aborted.
[2017.08.15-08.20.31:165][544]LogExit: Editor shut down
[2017.08.15-08.20.31:170][544]LogExit: Transaction tracking system shut down
[2017.08.15-08.20.31:271][544]LogObj: Freed 0b from 0 cluster array pools.
[2017.08.15-08.20.31:271][544]LogExit: Object subsystem successfully closed.
[2017.08.15-08.20.31:293][544]LogD3D11RHI: Shutdown
[2017.08.15-08.20.31:293][544]LogD3D11RHI: CleanupD3DDevice
[2017.08.15-08.20.31:456][544]LogD3D11RHI: ~FD3D11DynamicRHI
[2017.08.15-08.20.31:475][544]LogModuleManager: Shutting down and abandoning module SequencerWidgets (534)
[2017.08.15-08.20.31:475][544]LogModuleManager: Shutting down and abandoning module MovieSceneCapture (532)
[2017.08.15-08.20.31:475][544]LogModuleManager: Shutting down and abandoning module BlueprintGraph (530)
[2017.08.15-08.20.31:475][544]LogModuleManager: Shutting down and abandoning module BlueprintProfiler (528)
[2017.08.15-08.20.31:475][544]LogModuleManager: Shutting down and abandoning module HierarchicalLODOutliner (526)
[2017.08.15-08.20.31:475][544]LogModuleManager: Shutting down and abandoning module CrashTracker (524)
[2017.08.15-08.20.31:475][544]LogModuleManager: Shutting down and abandoning module SceneOutliner (522)
[2017.08.15-08.20.31:475][544]LogModuleManager: Shutting down and abandoning module AddContentDialog (520)
[2017.08.15-08.20.31:476][544]LogDirectoryWatcher: A directory notification for 'C:/Program Files/Epic Games/UE_4.16/FeaturePacks/' was aborted.
[2017.08.15-08.20.31:477][544]LogModuleManager: Shutting down and abandoning module WidgetCarousel (519)
[2017.08.15-08.20.31:477][544]LogModuleManager: Shutting down and abandoning module EditorWidgets (516)
[2017.08.15-08.20.31:477][544]LogModuleManager: Shutting down and abandoning module CollectionManager (514)
[2017.08.15-08.20.31:477][544]LogDirectoryWatcher: A directory notification for 'C:/Users/klca0/Documents/petitcon/Content/Collections/' was aborted.
[2017.08.15-08.20.31:477][544]LogDirectoryWatcher: A directory notification for 'C:/Users/klca0/Documents/petitcon/Content/Developers/klca0/Collections/' was aborted.
[2017.08.15-08.20.31:477][544]LogDirectoryWatcher: A directory notification for 'C:/Users/klca0/Documents/petitcon/Saved/Collections/' was aborted.
[2017.08.15-08.20.31:477][544]LogModuleManager: Shutting down and abandoning module StatsViewer (512)
[2017.08.15-08.20.31:477][544]LogModuleManager: Shutting down and abandoning module FoliageEdit (510)
[2017.08.15-08.20.31:477][544]LogModuleManager: Shutting down and abandoning module LandscapeEditor (508)
[2017.08.15-08.20.31:477][544]LogModuleManager: Shutting down and abandoning module MeshPaintMode (506)
[2017.08.15-08.20.31:477][544]LogModuleManager: Shutting down and abandoning module SceneDepthPickerMode (504)
[2017.08.15-08.20.31:477][544]LogModuleManager: Shutting down and abandoning module ActorPickerMode (502)
[2017.08.15-08.20.31:477][544]LogModuleManager: Shutting down and abandoning module GeometryMode (500)
[2017.08.15-08.20.31:477][544]LogModuleManager: Shutting down and abandoning module TextureAlignMode (498)
[2017.08.15-08.20.31:477][544]LogModuleManager: Shutting down and abandoning module BspMode (496)
[2017.08.15-08.20.31:477][544]LogModuleManager: Shutting down and abandoning module HardwareSurvey (494)
[2017.08.15-08.20.31:477][544]LogModuleManager: Shutting down and abandoning module SequenceRecorderSections (492)
[2017.08.15-08.20.31:477][544]LogModuleManager: Shutting down and abandoning module AutomationWorker (490)
[2017.08.15-08.20.31:477][544]LogModuleManager: Shutting down and abandoning module MatineeToLevelSequence (488)
[2017.08.15-08.20.31:477][544]LogModuleManager: Shutting down and abandoning module LevelSequenceEditor (486)
[2017.08.15-08.20.31:477][544]LogModuleManager: Shutting down and abandoning module PlacementMode (485)
[2017.08.15-08.20.31:477][544]LogModuleManager: Shutting down and abandoning module WmfMediaFactory (482)
[2017.08.15-08.20.31:477][544]LogModuleManager: Shutting down and abandoning module WmfMediaEditor (480)
[2017.08.15-08.20.31:477][544]LogModuleManager: Shutting down and abandoning module AvfMediaFactory (478)
[2017.08.15-08.20.31:477][544]LogModuleManager: Shutting down and abandoning module AvfMediaEditor (476)
[2017.08.15-08.20.31:477][544]LogModuleManager: Shutting down and abandoning module AndroidMediaFactory (474)
[2017.08.15-08.20.31:477][544]LogModuleManager: Shutting down and abandoning module Media (473)
[2017.08.15-08.20.31:477][544]LogModuleManager: Shutting down and abandoning module AndroidMediaEditor (470)
[2017.08.15-08.20.31:477][544]LogModuleManager: Shutting down and abandoning module CharacterAI (468)
[2017.08.15-08.20.31:477][544]LogModuleManager: Shutting down and abandoning module AudioCapture (466)
[2017.08.15-08.20.31:477][544]LogModuleManager: Shutting down and abandoning module SequenceRecorder (465)
[2017.08.15-08.20.31:477][544]LogModuleManager: Shutting down and abandoning module SmartSnapping (462)
[2017.08.15-08.20.31:477][544]LogModuleManager: Shutting down and abandoning module SessionServices (460)
[2017.08.15-08.20.31:477][544]LogModuleManager: Shutting down and abandoning module ViewportSnapping (458)
[2017.08.15-08.20.31:477][544]LogModuleManager: Shutting down and abandoning module ViewportInteraction (456)
[2017.08.15-08.20.31:477][544]LogModuleManager: Shutting down and abandoning module ClothPainter (454)
[2017.08.15-08.20.31:477][544]LogModuleManager: Shutting down and abandoning module LogVisualizer (452)
[2017.08.15-08.20.31:477][544]LogModuleManager: Shutting down and abandoning module IntroTutorials (450)
[2017.08.15-08.20.31:478][544]LogModuleManager: Shutting down and abandoning module GameProjectGeneration (449)
[2017.08.15-08.20.31:478][544]LogModuleManager: Shutting down and abandoning module EditorLiveStreaming (446)
[2017.08.15-08.20.31:478][544]LogModuleManager: Shutting down and abandoning module IOSPlatformEditor (444)
[2017.08.15-08.20.31:478][544]LogModuleManager: Shutting down and abandoning module HTML5PlatformEditor (442)
[2017.08.15-08.20.31:478][544]LogModuleManager: Shutting down and abandoning module AndroidPlatformEditor (440)
[2017.08.15-08.20.31:478][544]LogModuleManager: Shutting down and abandoning module AndroidDeviceDetection (439)
[2017.08.15-08.20.31:707][544]LogModuleManager: Shutting down and abandoning module IOSRuntimeSettings (436)
[2017.08.15-08.20.31:707][544]LogModuleManager: Shutting down and abandoning module AndroidRuntimeSettings (434)
[2017.08.15-08.20.31:707][544]LogModuleManager: Shutting down and abandoning module InputBindingEditor (432)
[2017.08.15-08.20.31:707][544]LogModuleManager: Shutting down and abandoning module MergeActors (430)
[2017.08.15-08.20.31:707][544]LogModuleManager: Shutting down and abandoning module SizeMap (428)
[2017.08.15-08.20.31:707][544]LogModuleManager: Shutting down and abandoning module TreeMap (426)
[2017.08.15-08.20.31:707][544]LogModuleManager: Shutting down and abandoning module ReferenceViewer (424)
[2017.08.15-08.20.31:707][544]LogModuleManager: Shutting down and abandoning module LocalizationDashboard (422)
[2017.08.15-08.20.31:708][544]LogModuleManager: Shutting down and abandoning module LocalizationService (421)
[2017.08.15-08.20.31:708][544]LogModuleManager: Shutting down and abandoning module HardwareTargeting (418)
[2017.08.15-08.20.31:708][544]LogModuleManager: Shutting down and abandoning module DeviceProfileEditor (416)
[2017.08.15-08.20.31:708][544]LogModuleManager: Shutting down and abandoning module UndoHistory (414)
[2017.08.15-08.20.31:708][544]LogModuleManager: Shutting down and abandoning module UserFeedback (412)
[2017.08.15-08.20.31:708][544]LogModuleManager: Shutting down and abandoning module XmlParser (410)
[2017.08.15-08.20.31:708][544]LogModuleManager: Shutting down and abandoning module Blutility (408)
[2017.08.15-08.20.31:708][544]LogModuleManager: Shutting down and abandoning module ProjectSettingsViewer (406)
[2017.08.15-08.20.31:708][544]LogModuleManager: Shutting down and abandoning module ProjectTargetPlatformEditor (405)
[2017.08.15-08.20.31:709][544]LogModuleManager: Shutting down and abandoning module EditorSettingsViewer (402)
[2017.08.15-08.20.31:709][544]LogModuleManager: Shutting down and abandoning module SettingsEditor (400)
[2017.08.15-08.20.31:709][544]LogModuleManager: Shutting down and abandoning module ProjectLauncher (398)
[2017.08.15-08.20.31:709][544]LogModuleManager: Shutting down and abandoning module SessionFrontend (396)
[2017.08.15-08.20.31:709][544]LogModuleManager: Shutting down and abandoning module ProfilerClient (394)
[2017.08.15-08.20.31:709][544]LogModuleManager: Shutting down and abandoning module DeviceManager (392)
[2017.08.15-08.20.31:709][544]LogModuleManager: Shutting down and abandoning module TargetDeviceServices (391)
[2017.08.15-08.20.31:763][544]LogModuleManager: Shutting down and abandoning module AutomationController (388)
[2017.08.15-08.20.31:763][544]LogModuleManager: Shutting down and abandoning module AutomationWindow (386)
[2017.08.15-08.20.31:763][544]LogModuleManager: Shutting down and abandoning module Layers (384)
[2017.08.15-08.20.31:763][544]LogModuleManager: Shutting down and abandoning module ComponentVisualizers (382)
[2017.08.15-08.20.31:763][544]LogModuleManager: Shutting down and abandoning module DetailCustomizations (380)
[2017.08.15-08.20.31:763][544]LogModuleManager: Shutting down and abandoning module PackagesDialog (378)
[2017.08.15-08.20.31:764][544]LogModuleManager: Shutting down and abandoning module Persona (376)
[2017.08.15-08.20.31:764][544]LogModuleManager: Shutting down and abandoning module AdvancedPreviewScene (375)
[2017.08.15-08.20.31:764][544]LogModuleManager: Shutting down and abandoning module AnimGraph (373)
[2017.08.15-08.20.31:764][544]LogModuleManager: Shutting down and abandoning module Kismet (370)
[2017.08.15-08.20.31:787][544]LogModuleManager: Shutting down and abandoning module ClassViewer (368)
[2017.08.15-08.20.31:787][544]LogModuleManager: Shutting down and abandoning module Toolbox (366)
[2017.08.15-08.20.31:787][544]LogModuleManager: Shutting down and abandoning module ModuleUI (364)
[2017.08.15-08.20.31:787][544]LogModuleManager: Shutting down and abandoning module MovieSceneTools (362)
[2017.08.15-08.20.31:787][544]LogModuleManager: Shutting down and abandoning module OutputLog (360)
[2017.08.15-08.20.31:787][544]LogModuleManager: Shutting down and abandoning module GammaUI (358)
[2017.08.15-08.20.31:787][544]LogModuleManager: Shutting down and abandoning module Documentation (356)
[2017.08.15-08.20.31:787][544]LogModuleManager: Shutting down and abandoning module MovieSceneTracks (354)
[2017.08.15-08.20.31:787][544]LogModuleManager: Shutting down and abandoning module MovieScene (352)
[2017.08.15-08.20.31:787][544]LogModuleManager: Shutting down and abandoning module Niagara (350)
[2017.08.15-08.20.31:787][544]LogModuleManager: Shutting down and abandoning module NiagaraEditor (349)
[2017.08.15-08.20.31:787][544]LogModuleManager: Shutting down and abandoning module StreamingPauseRendering (346)
[2017.08.15-08.20.31:787][544]LogModuleManager: Shutting down and abandoning module AnalyticsET (344)
[2017.08.15-08.20.31:787][544]LogModuleManager: Shutting down and abandoning module PortalServices (342)
[2017.08.15-08.20.31:787][544]LogModuleManager: Shutting down and abandoning module PortalRpc (340)
[2017.08.15-08.20.31:787][544]LogModuleManager: Shutting down and abandoning module MessagingRpc (338)
[2017.08.15-08.20.31:787][544]LogModuleManager: Shutting down and abandoning module AIModule (336)
[2017.08.15-08.20.31:787][544]LogModuleManager: Shutting down and abandoning module GameplayDebugger (335)
[2017.08.15-08.20.31:787][544]LogModuleManager: Shutting down and abandoning module AITestSuite (333)
[2017.08.15-08.20.31:787][544]LogModuleManager: Shutting down and abandoning module ProfilerService (330)
[2017.08.15-08.20.31:871][544]LogModuleManager: Shutting down and abandoning module TaskGraph (328)
[2017.08.15-08.20.31:871][544]LogModuleManager: Shutting down and abandoning module SteamVRController (326)
[2017.08.15-08.20.31:871][544]LogModuleManager: Shutting down and abandoning module SteamVR (324)
[2017.08.15-08.20.31:871][544]LogModuleManager: Shutting down and abandoning module ProceduralMeshComponentEditor (322)
[2017.08.15-08.20.31:871][544]LogModuleManager: Shutting down and abandoning module ProceduralMeshComponent (320)
[2017.08.15-08.20.31:871][544]LogModuleManager: Shutting down and abandoning module OculusLibrary (318)
[2017.08.15-08.20.31:871][544]LogModuleManager: Shutting down and abandoning module OculusInput (316)
[2017.08.15-08.20.31:871][544]LogModuleManager: Shutting down and abandoning module MobilePatchingUtils (314)
[2017.08.15-08.20.31:871][544]LogModuleManager: Shutting down and abandoning module CustomMeshComponent (312)
[2017.08.15-08.20.31:871][544]LogModuleManager: Shutting down and abandoning module CableComponent (310)
[2017.08.15-08.20.31:871][544]LogModuleManager: Shutting down and abandoning module ArchVisCharacter (308)
[2017.08.15-08.20.31:872][544]LogModuleManager: Shutting down and abandoning module AndroidPermission (306)
[2017.08.15-08.20.31:872][544]LogModuleManager: Shutting down and abandoning module MediaPlayerEditor (302)
[2017.08.15-08.20.31:872][544]LogModuleManager: Shutting down and abandoning module RawInput (300)
[2017.08.15-08.20.31:873][544]LogModuleManager: Shutting down and abandoning module HTML5Networking (298)
[2017.08.15-08.20.31:873][544]LogModuleManager: Shutting down and abandoning module AlembicImporter (296)
[2017.08.15-08.20.31:873][544]LogModuleManager: Shutting down and abandoning module AlembicLibrary (295)
[2017.08.15-08.20.31:873][544]LogModuleManager: Shutting down and abandoning module GeometryCache (294)
[2017.08.15-08.20.31:873][544]LogModuleManager: Shutting down and abandoning module GeometryCacheEd (293)
[2017.08.15-08.20.31:873][544]LogModuleManager: Shutting down and abandoning module SuperSearchEditor (288)
[2017.08.15-08.20.31:873][544]LogModuleManager: Shutting down and abandoning module SuperSearch (287)
[2017.08.15-08.20.31:873][544]LogModuleManager: Shutting down and abandoning module SpeedTreeImporter (284)
[2017.08.15-08.20.31:873][544]LogModuleManager: Shutting down and abandoning module PluginBrowser (282)
[2017.08.15-08.20.31:873][544]LogModuleManager: Shutting down and abandoning module MobileLauncherProfileWizard (280)
[2017.08.15-08.20.31:873][544]LogModuleManager: Shutting down and abandoning module VisualStudioSourceCodeAccess (278)
[2017.08.15-08.20.31:873][544]LogModuleManager: Shutting down and abandoning module DesktopPlatform (277)
[2017.08.15-08.20.31:873][544]LogModuleManager: Shutting down and abandoning module UObjectPlugin (274)
[2017.08.15-08.20.31:873][544]LogModuleManager: Shutting down and abandoning module SubversionSourceControl (272)
[2017.08.15-08.20.31:874][544]LogModuleManager: Shutting down and abandoning module PerforceSourceControl (270)
[2017.08.15-08.20.31:874][544]LogModuleManager: Shutting down and abandoning module GitSourceControl (268)
[2017.08.15-08.20.31:874][544]LogModuleManager: Shutting down and abandoning module SourceControl (267)
[2017.08.15-08.20.31:874][544]LogModuleManager: Shutting down and abandoning module LightPropagationVolumeEditor (264)
[2017.08.15-08.20.31:874][544]LogModuleManager: Shutting down and abandoning module PaperTiledImporter (262)
[2017.08.15-08.20.31:874][544]LogModuleManager: Shutting down and abandoning module PaperSpriteSheetImporter (260)
[2017.08.15-08.20.31:874][544]LogModuleManager: Shutting down and abandoning module Paper2DEditor (258)
[2017.08.15-08.20.31:874][544]LogModuleManager: Shutting down and abandoning module MeshPaint (257)
[2017.08.15-08.20.31:874][544]LogModuleManager: Shutting down and abandoning module LevelEditor (255)
[2017.08.15-08.20.31:877][544]LogModuleManager: Shutting down and abandoning module PixelInspectorModule (254)
[2017.08.15-08.20.31:877][544]LogModuleManager: Shutting down and abandoning module MainFrame (252)
[2017.08.15-08.20.31:878][544]LogModuleManager: Shutting down and abandoning module HotReload (251)
[2017.08.15-08.20.31:879][544]LogModuleManager: Shutting down and abandoning module PhysXVehiclesEditor (246)
[2017.08.15-08.20.31:879][544]LogModuleManager: Shutting down and abandoning module PhysXVehicles (244)
[2017.08.15-08.20.31:879][544]LogModuleManager: Shutting down and abandoning module LocationServicesBPLibrary (242)
[2017.08.15-08.20.31:879][544]LogModuleManager: Shutting down and abandoning module ImmediatePhysicsEditor (240)
[2017.08.15-08.20.31:879][544]LogModuleManager: Shutting down and abandoning module ImmediatePhysics (238)
[2017.08.15-08.20.31:879][544]LogModuleManager: Shutting down and abandoning module UdpMessaging (236)
[2017.08.15-08.20.31:981][544]LogModuleManager: Shutting down and abandoning module TcpMessaging (234)
[2017.08.15-08.20.32:081][544]LogModuleManager: Shutting down and abandoning module GameplayTagsEditor (232)
[2017.08.15-08.20.32:081][544]LogModuleManager: Shutting down and abandoning module FacialAnimationEditor (230)
[2017.08.15-08.20.32:081][544]LogModuleManager: Shutting down and abandoning module FacialAnimation (228)
[2017.08.15-08.20.32:081][544]LogModuleManager: Shutting down and abandoning module AssetManagerEditor (226)
[2017.08.15-08.20.32:081][544]LogModuleManager: Shutting down and abandoning module GraphEditor (225)
[2017.08.15-08.20.32:081][544]LogModuleManager: Shutting down and abandoning module ContentBrowser (223)
[2017.08.15-08.20.32:082][544]LogModuleManager: Shutting down and abandoning module LightPropagationVolumeRuntime (220)
[2017.08.15-08.20.32:082][544]LogModuleManager: Shutting down and abandoning module Paper2D (218)
[2017.08.15-08.20.32:082][544]LogModuleManager: Shutting down and abandoning module WindowsMoviePlayer (216)
[2017.08.15-08.20.32:082][544]LogModuleManager: Shutting down and abandoning module WmfMedia (214)
[2017.08.15-08.20.32:083][544]LogModuleManager: Shutting down and abandoning module ClothingSystemEditor (212)
[2017.08.15-08.20.32:083][544]LogModuleManager: Shutting down and abandoning module ClothingSystemRuntime (210)
[2017.08.15-08.20.32:083][544]LogModuleManager: Shutting down and abandoning module MediaAssets (208)
[2017.08.15-08.20.32:083][544]LogModuleManager: Shutting down and abandoning module GameLiveStreaming (206)
[2017.08.15-08.20.32:083][544]LogModuleManager: Shutting down and abandoning module VREditor (204)
[2017.08.15-08.20.32:083][544]LogModuleManager: Shutting down and abandoning module StringTableEditor (202)
[2017.08.15-08.20.32:083][544]LogModuleManager: Shutting down and abandoning module GameplayTasksEditor (200)
[2017.08.15-08.20.32:083][544]LogModuleManager: Shutting down and abandoning module BehaviorTreeEditor (198)
[2017.08.15-08.20.32:083][544]LogModuleManager: Shutting down and abandoning module FunctionalTesting (196)
[2017.08.15-08.20.32:083][544]LogModuleManager: Shutting down and abandoning module CollisionAnalyzer (194)
[2017.08.15-08.20.32:083][544]LogModuleManager: Shutting down and abandoning module UMG (192)
[2017.08.15-08.20.32:083][544]LogModuleManager: Shutting down and abandoning module UMGEditor (191)
[2017.08.15-08.20.32:083][544]LogModuleManager: Shutting down and abandoning module Sequencer (190)
[2017.08.15-08.20.32:083][544]LogModuleManager: Shutting down and abandoning module AssetTools (188)
[2017.08.15-08.20.32:083][544]LogModuleManager: Shutting down and abandoning module MessageLog (187)
[2017.08.15-08.20.32:083][544]LogModuleManager: Shutting down and abandoning module WorkspaceMenuStructure (186)
[2017.08.15-08.20.32:083][544]LogModuleManager: Shutting down and abandoning module SlateReflector (180)
[2017.08.15-08.20.32:083][544]LogModuleManager: Shutting down and abandoning module Slate (178)
[2017.08.15-08.20.32:083][544]LogModuleManager: Shutting down and abandoning module EditorStyle (176)
[2017.08.15-08.20.32:088][544]LogModuleManager: Shutting down and abandoning module SourceCodeAccess (174)
[2017.08.15-08.20.32:088][544]LogModuleManager: Shutting down and abandoning module HeadMountedDisplay (172)
[2017.08.15-08.20.32:088][544]LogModuleManager: Shutting down and abandoning module XAudio2 (170)
[2017.08.15-08.20.32:088][544]LogModuleManager: Shutting down and abandoning module Networking (168)
[2017.08.15-08.20.32:088][544]LogModuleManager: Shutting down and abandoning module Core (164)
[2017.08.15-08.20.32:088][544]LogModuleManager: Shutting down and abandoning module AssetRegistry (162)
[2017.08.15-08.20.32:122][544]LogDirectoryWatcher: A directory notification for '../../../Engine/Content/' was aborted.
[2017.08.15-08.20.32:122][544]LogDirectoryWatcher: A directory notification for '../../../../../../Users/klca0/Documents/petitcon/Content/' was aborted.
[2017.08.15-08.20.32:122][544]LogDirectoryWatcher: A directory notification for '../../../Engine/Plugins/2D/Paper2D/Content/' was aborted.
[2017.08.15-08.20.32:122][544]LogDirectoryWatcher: A directory notification for '../../../Engine/Plugins/Runtime/GearVR/Content/' was aborted.
[2017.08.15-08.20.32:124][544]LogModuleManager: Shutting down and abandoning module DirectoryWatcher (161)
[2017.08.15-08.20.32:125][544]LogModuleManager: Shutting down and abandoning module KismetCompiler (158)
[2017.08.15-08.20.32:125][544]LogModuleManager: Shutting down and abandoning module LevelSequence (156)
[2017.08.15-08.20.32:125][544]LogModuleManager: Shutting down and abandoning module PhysXFormats (154)
[2017.08.15-08.20.32:125][544]LogModuleManager: Shutting down and abandoning module MeshUtilities (152)
[2017.08.15-08.20.32:125][544]LogModuleManager: Shutting down and abandoning module SimplygonSwarm (151)
[2017.08.15-08.20.32:125][544]LogModuleManager: Shutting down and abandoning module SimplygonMeshReduction (149)
[2017.08.15-08.20.32:125][544]LogModuleManager: Shutting down and abandoning module QuadricMeshReduction (147)
[2017.08.15-08.20.32:125][544]LogModuleManager: Shutting down and abandoning module DerivedDataCache (144)
[2017.08.15-08.20.32:192][544]LogDerivedDataCache: Shutdown
[2017.08.15-08.20.32:193][544]LogModuleManager: Shutting down and abandoning module TargetPlatform (142)
[2017.08.15-08.20.32:193][544]LogModuleManager: Shutting down and abandoning module VulkanShaderFormat (141)
[2017.08.15-08.20.32:193][544]LogModuleManager: Shutting down and abandoning module ShaderFormatVectorVM (139)
[2017.08.15-08.20.32:193][544]LogModuleManager: Shutting down and abandoning module ShaderFormatOpenGL (137)
[2017.08.15-08.20.32:193][544]LogModuleManager: Shutting down and abandoning module ShaderFormatD3D (135)
[2017.08.15-08.20.32:193][544]LogModuleManager: Shutting down and abandoning module MetalShaderFormat (133)
[2017.08.15-08.20.32:193][544]LogModuleManager: Shutting down and abandoning module TextureFormatUncompressed (131)
[2017.08.15-08.20.32:193][544]LogModuleManager: Shutting down and abandoning module TextureFormatPVR (129)
[2017.08.15-08.20.32:193][544]LogModuleManager: Shutting down and abandoning module TextureFormatDXT (127)
[2017.08.15-08.20.32:193][544]LogModuleManager: Shutting down and abandoning module TextureFormatIntelISPCTexComp (125)
[2017.08.15-08.20.32:193][544]LogModuleManager: Shutting down and abandoning module TextureFormatASTC (123)
[2017.08.15-08.20.32:193][544]LogModuleManager: Shutting down and abandoning module ImageWrapper (122)
[2017.08.15-08.20.32:193][544]LogModuleManager: Shutting down and abandoning module TextureFormatAndroid (119)
[2017.08.15-08.20.32:193][544]LogModuleManager: Shutting down and abandoning module AudioFormatOpus (117)
[2017.08.15-08.20.32:193][544]LogModuleManager: Shutting down and abandoning module AudioFormatOgg (115)
[2017.08.15-08.20.32:193][544]LogModuleManager: Shutting down and abandoning module AudioFormatADPCM (113)
[2017.08.15-08.20.32:193][544]LogModuleManager: Shutting down and abandoning module LinuxTargetPlatform (111)
[2017.08.15-08.20.32:193][544]LogModuleManager: Shutting down and abandoning module LinuxServerTargetPlatform (109)
[2017.08.15-08.20.32:193][544]LogModuleManager: Shutting down and abandoning module LinuxNoEditorTargetPlatform (107)
[2017.08.15-08.20.32:193][544]LogModuleManager: Shutting down and abandoning module LinuxClientTargetPlatform (105)
[2017.08.15-08.20.32:194][544]LogModuleManager: Shutting down and abandoning module TVOSTargetPlatform (103)
[2017.08.15-08.20.32:194][544]LogModuleManager: Shutting down and abandoning module Messaging (101)
[2017.08.15-08.20.32:194][544]LogModuleManager: Shutting down and abandoning module IOSTargetPlatform (99)
[2017.08.15-08.20.32:194][544]LogModuleManager: Shutting down and abandoning module HTML5TargetPlatform (97)
[2017.08.15-08.20.32:194][544]LogModuleManager: Shutting down and abandoning module Android_PVRTCTargetPlatform (95)
[2017.08.15-08.20.32:194][544]LogModuleManager: Shutting down and abandoning module Android_MultiTargetPlatform (93)
[2017.08.15-08.20.32:194][544]LogModuleManager: Shutting down and abandoning module Android_ETC2TargetPlatform (91)
[2017.08.15-08.20.32:194][544]LogModuleManager: Shutting down and abandoning module Android_ETC1TargetPlatform (89)
[2017.08.15-08.20.32:194][544]LogModuleManager: Shutting down and abandoning module Android_DXTTargetPlatform (87)
[2017.08.15-08.20.32:194][544]LogModuleManager: Shutting down and abandoning module Android_ATCTargetPlatform (85)
[2017.08.15-08.20.32:194][544]LogModuleManager: Shutting down and abandoning module Android_ASTCTargetPlatform (83)
[2017.08.15-08.20.32:194][544]LogModuleManager: Shutting down and abandoning module AndroidTargetPlatform (81)
[2017.08.15-08.20.32:194][544]LogModuleManager: Shutting down and abandoning module WindowsTargetPlatform (79)
[2017.08.15-08.20.32:194][544]LogModuleManager: Shutting down and abandoning module WindowsServerTargetPlatform (77)
[2017.08.15-08.20.32:194][544]LogModuleManager: Shutting down and abandoning module WindowsNoEditorTargetPlatform (75)
[2017.08.15-08.20.32:194][544]LogModuleManager: Shutting down and abandoning module WindowsClientTargetPlatform (73)
[2017.08.15-08.20.32:194][544]LogModuleManager: Shutting down and abandoning module MacTargetPlatform (71)
[2017.08.15-08.20.32:194][544]LogModuleManager: Shutting down and abandoning module MacServerTargetPlatform (69)
[2017.08.15-08.20.32:194][544]LogModuleManager: Shutting down and abandoning module MacNoEditorTargetPlatform (67)
[2017.08.15-08.20.32:194][544]LogModuleManager: Shutting down and abandoning module MacClientTargetPlatform (65)
[2017.08.15-08.20.32:194][544]LogModuleManager: Shutting down and abandoning module AllDesktopTargetPlatform (63)
[2017.08.15-08.20.32:194][544]LogModuleManager: Shutting down and abandoning module InputCore (60)
[2017.08.15-08.20.32:194][544]LogModuleManager: Shutting down and abandoning module Settings (58)
[2017.08.15-08.20.32:194][544]LogModuleManager: Shutting down and abandoning module OculusRift (56)
[2017.08.15-08.20.32:194][544]LogModuleManager: Shutting down and abandoning module GearVRController (54)
[2017.08.15-08.20.32:194][544]LogModuleManager: Shutting down and abandoning module GearVR (52)
[2017.08.15-08.20.32:194][544]LogModuleManager: Shutting down and abandoning module ExampleDeviceProfileSelector (50)
[2017.08.15-08.20.32:194][544]LogModuleManager: Shutting down and abandoning module OnlineBlueprintSupport (48)
[2017.08.15-08.20.32:195][544]LogModuleManager: Shutting down and abandoning module OnlineSubsystem (44)
[2017.08.15-08.20.32:195][544]LogOnline:Display: Unloading online subsystem: NULL
[2017.08.15-08.20.32:195][544]LogModuleManager: Shutting down and abandoning module XMPP (43)
[2017.08.15-08.20.32:195][544]LogModuleManager: Shutting down and abandoning module HTTP (41)
[2017.08.15-08.20.32:195][544]LogHttp:Display: Http module shutting down, but needs to wait on 1 outstanding Http requests:
[2017.08.15-08.20.32:195][544]LogHttp:Display: 	verb=[POST] url=[https://datarouter.ol.epicgames.com/datarouter/api/v1/public/data?SessionID=%7B3F05578C-4280-AD30-B542-42A0194278FE%7D&AppID=UEEditor.Rocket.Release&AppVersion=4.16.3-3561208%2B%2B%2BUE4%2BRelease-4.16&UserID=4cf2255546bc45faddf9d99979c4c073%7C9b58983219324e548224cd910be150a8%7C19eef1ca-5708-492b-86fc-5fb82cf26228&AppEnvironment=datacollector-binary&UploadType=eteventstream] status=Processing
[2017.08.15-08.20.32:226][544]LogModuleManager: Shutting down and abandoning module SSL (40)
[2017.08.15-08.20.32:230][544]LogModuleManager: Shutting down and abandoning module HTTPChunkInstaller (36)
[2017.08.15-08.20.32:230][544]LogModuleManager: Shutting down and abandoning module AnimationModifiers (34)
[2017.08.15-08.20.32:230][544]LogModuleManager: Shutting down and abandoning module PropertyEditor (33)
[2017.08.15-08.20.32:230][544]LogModuleManager: Shutting down and abandoning module AudioEditor (30)
[2017.08.15-08.20.32:230][544]LogModuleManager: Shutting down and abandoning module TextureCompressor (28)
[2017.08.15-08.20.32:231][544]LogModuleManager: Shutting down and abandoning module ShaderCore (26)
[2017.08.15-08.20.32:231][544]LogModuleManager: Shutting down and abandoning module Landscape (24)
[2017.08.15-08.20.32:231][544]LogModuleManager: Shutting down and abandoning module SlateRHIRenderer (22)
[2017.08.15-08.20.32:236][544]LogModuleManager: Shutting down and abandoning module OpenGLDrv (20)
[2017.08.15-08.20.32:236][544]LogModuleManager: Shutting down and abandoning module D3D11RHI (18)
[2017.08.15-08.20.32:236][544]LogModuleManager: Shutting down and abandoning module AnimGraphRuntime (16)
[2017.08.15-08.20.32:236][544]LogModuleManager: Shutting down and abandoning module Renderer (14)
[2017.08.15-08.20.32:236][544]LogModuleManager: Shutting down and abandoning module Engine (12)
[2017.08.15-08.20.32:236][544]LogModuleManager: Shutting down and abandoning module CoreUObject (10)
[2017.08.15-08.20.32:236][544]LogModuleManager: Shutting down and abandoning module NetworkFile (8)
[2017.08.15-08.20.32:236][544]LogModuleManager: Shutting down and abandoning module StreamingFile (6)
[2017.08.15-08.20.32:236][544]LogModuleManager: Shutting down and abandoning module SandboxFile (4)
[2017.08.15-08.20.32:236][544]LogModuleManager: Shutting down and abandoning module PakFile (2)
[2017.08.15-08.20.32:239][544]LogExit: Exiting.
[2017.08.15-08.20.32:261][544]Log file closed, 08/15/17 17:20:32
